[2022-09-20 16:56:37] INFO: Server is up on port 5123
[2022-09-20 16:56:40] INFO: user just connected
[2022-09-20 16:56:40] INFO: {"abcd":{"ids":["C9K#ydg[C"],"host":"C9K#ydg[C","write":"C9K#ydg[C","names":["chrome"]}}
[2022-09-20 16:56:49] INFO: Server is up on port 5123
[2022-09-20 16:56:50] INFO: user just connected
[2022-09-20 16:56:50] INFO: {"abcd":{"ids":["C9K#ydg[C"],"host":"C9K#ydg[C","write":"C9K#ydg[C","names":["chrome"]}}
[2022-09-20 16:56:54] INFO: Server is up on port 5123
[2022-09-20 16:56:55] INFO: user just connected
[2022-09-20 16:56:55] INFO: {"abcd":{"ids":["C9K#ydg[C"],"host":"C9K#ydg[C","write":"C9K#ydg[C","names":["chrome"]}}
[2022-09-20 16:57:00] INFO: Server is up on port 5123
[2022-09-20 16:57:01] INFO: user just connected
[2022-09-20 16:57:01] INFO: {"abcd":{"ids":["C9K#ydg[C"],"host":"C9K#ydg[C","write":"C9K#ydg[C","names":["chrome"]}}
[2022-09-20 16:57:03] INFO: {}
[2022-09-20 16:57:03] INFO: user just disconnected
[2022-09-20 16:57:03] INFO: user just connected
[2022-09-20 16:57:03] INFO: {"abcd":{"ids":["C9K#ydg[C"],"host":"C9K#ydg[C","write":"C9K#ydg[C","names":["chrome"]}}
[2022-09-20 16:57:24] INFO: Server is up on port 5123
[2022-09-20 16:57:24] INFO: user just connected
[2022-09-20 16:57:24] INFO: {"abcd":{"ids":["C9K#ydg[C"],"host":"C9K#ydg[C","write":"C9K#ydg[C","names":["chrome"]}}
[2022-09-20 16:57:25] INFO: Server is up on port 5123
[2022-09-20 16:57:26] INFO: user just connected
[2022-09-20 16:57:27] INFO: {"abcd":{"ids":["C9K#ydg[C"],"host":"C9K#ydg[C","write":"C9K#ydg[C","names":["chrome"]}}
[2022-09-20 16:57:29] INFO: Server is up on port 5123
[2022-09-20 16:57:29] INFO: user just connected
[2022-09-20 16:57:30] INFO: {"abcd":{"ids":["C9K#ydg[C"],"host":"C9K#ydg[C","write":"C9K#ydg[C","names":["chrome"]}}
[2022-09-20 16:57:31] INFO: Server is up on port 5123
[2022-09-20 16:57:32] INFO: user just connected
[2022-09-20 16:57:32] INFO: {"abcd":{"ids":["C9K#ydg[C"],"host":"C9K#ydg[C","write":"C9K#ydg[C","names":["chrome"]}}
[2022-09-20 16:57:35] INFO: {}
[2022-09-20 16:57:35] INFO: user just disconnected
[2022-09-20 16:57:35] INFO: user just connected
[2022-09-20 16:57:35] INFO: {"abcd":{"ids":["C9K#ydg[C"],"host":"C9K#ydg[C","write":"C9K#ydg[C","names":["chrome"]}}
[2022-09-20 16:57:49] INFO: Server is up on port 5123
[2022-09-20 16:57:50] INFO: user just connected
[2022-09-20 16:57:50] INFO: {"abcd":{"ids":["C9K#ydg[C"],"host":"C9K#ydg[C","write":"C9K#ydg[C","names":["chrome"]}}
[2022-09-20 16:57:51] INFO: {}
[2022-09-20 16:57:51] INFO: user just disconnected
[2022-09-20 16:57:51] INFO: user just connected
[2022-09-20 16:57:51] INFO: {"abcd":{"ids":["C9K#ydg[C"],"host":"C9K#ydg[C","write":"C9K#ydg[C","names":["chrome"]}}
[2022-09-20 16:58:06] INFO: Server is up on port 5123
[2022-09-20 16:58:06] INFO: user just connected
[2022-09-20 16:58:07] INFO: {"abcd":{"ids":["C9K#ydg[C"],"host":"C9K#ydg[C","write":"C9K#ydg[C","names":["chrome"]}}
[2022-09-20 16:58:12] INFO: {}
[2022-09-20 16:58:12] INFO: user just disconnected
[2022-09-20 16:58:12] INFO: user just connected
[2022-09-20 16:58:12] INFO: {"abcd":{"ids":["C9K#ydg[C"],"host":"C9K#ydg[C","write":"C9K#ydg[C","names":["chrome"]}}
[2022-09-20 16:58:15] INFO: Server is up on port 5123
[2022-09-20 16:58:16] INFO: user just connected
[2022-09-20 16:58:16] INFO: {"abcd":{"ids":["C9K#ydg[C"],"host":"C9K#ydg[C","write":"C9K#ydg[C","names":["chrome"]}}
[2022-09-20 16:58:17] INFO: Server is up on port 5123
[2022-09-20 16:58:18] INFO: user just connected
[2022-09-20 16:58:18] INFO: {"abcd":{"ids":["C9K#ydg[C"],"host":"C9K#ydg[C","write":"C9K#ydg[C","names":["chrome"]}}
[2022-09-20 16:58:22] INFO: Server is up on port 5123
[2022-09-20 16:58:23] INFO: user just connected
[2022-09-20 16:58:23] INFO: {"abcd":{"ids":["C9K#ydg[C"],"host":"C9K#ydg[C","write":"C9K#ydg[C","names":["chrome"]}}
[2022-09-20 16:58:53] INFO: Server is up on port 5123
[2022-09-20 16:58:54] INFO: user just connected
[2022-09-20 16:58:54] INFO: {"abcd":{"ids":["C9K#ydg[C"],"host":"C9K#ydg[C","write":"C9K#ydg[C","names":["chrome"]}}
[2022-09-20 16:58:58] INFO: Server is up on port 5123
[2022-09-20 16:58:59] INFO: user just connected
[2022-09-20 16:58:59] INFO: {"abcd":{"ids":["C9K#ydg[C"],"host":"C9K#ydg[C","write":"C9K#ydg[C","names":["chrome"]}}
[2022-09-20 16:59:12] INFO: Server is up on port 5123
[2022-09-20 16:59:13] INFO: user just connected
[2022-09-20 16:59:13] INFO: {"abcd":{"ids":["C9K#ydg[C"],"host":"C9K#ydg[C","write":"C9K#ydg[C","names":["chrome"]}}
[2022-09-20 16:59:50] INFO: Server is up on port 5123
[2022-09-20 16:59:50] INFO: user just connected
[2022-09-20 16:59:50] INFO: {"abcd":{"ids":["C9K#ydg[C"],"host":"C9K#ydg[C","write":"C9K#ydg[C","names":["chrome"]}}
[2022-09-20 16:59:54] INFO: Server is up on port 5123
[2022-09-20 16:59:55] INFO: user just connected
[2022-09-20 16:59:55] INFO: {"abcd":{"ids":["C9K#ydg[C"],"host":"C9K#ydg[C","write":"C9K#ydg[C","names":["chrome"]}}
[2022-09-20 17:00:02] INFO: {}
[2022-09-20 17:00:02] INFO: user just disconnected
[2022-09-20 17:00:02] INFO: user just connected
[2022-09-20 17:00:02] INFO: {"abcd":{"ids":["C9K#ydg[C"],"host":"C9K#ydg[C","write":"C9K#ydg[C","names":["chrome"]}}
[2022-09-20 17:01:34] INFO: Server is up on port 5123
[2022-09-20 17:01:34] INFO: user just connected
[2022-09-20 17:01:34] INFO: {"abcd":{"ids":["C9K#ydg[C"],"host":"C9K#ydg[C","write":"C9K#ydg[C","names":["chrome"]}}
[2022-09-20 17:01:36] INFO: {}
[2022-09-20 17:01:36] INFO: user just disconnected
[2022-09-20 17:01:36] INFO: user just connected
[2022-09-20 17:01:36] INFO: {"abcd":{"ids":["C9K#ydg[C"],"host":"C9K#ydg[C","write":"C9K#ydg[C","names":["chrome"]}}
[2022-09-20 17:01:42] INFO: user just connected
[2022-09-20 17:01:42] INFO: {"abcd":{"ids":["C9K#ydg[C","t7B;:Wz=5"],"host":"C9K#ydg[C","write":"C9K#ydg[C","names":["chrome","safari"]}}
[2022-09-20 17:01:42] INFO: Message from:C9K#ydg[C   To room:abcd   Host:C9K#ydg[C
[2022-09-20 17:01:47] INFO: Message from:C9K#ydg[C   To room:abcd   Host:C9K#ydg[C
[2022-09-20 17:01:47] INFO: Message from:C9K#ydg[C   To room:abcd   Host:C9K#ydg[C
[2022-09-20 17:01:47] INFO: Message from:C9K#ydg[C   To room:abcd   Host:C9K#ydg[C
[2022-09-20 17:01:48] INFO: Message from:C9K#ydg[C   To room:abcd   Host:C9K#ydg[C
[2022-09-20 17:01:49] INFO: Message from:C9K#ydg[C   To room:abcd   Host:C9K#ydg[C
[2022-09-20 17:01:49] INFO: Message from:C9K#ydg[C   To room:abcd   Host:C9K#ydg[C
[2022-09-20 17:01:49] INFO: Message from:C9K#ydg[C   To room:abcd   Host:C9K#ydg[C
[2022-09-20 17:01:49] INFO: Message from:C9K#ydg[C   To room:abcd   Host:C9K#ydg[C
[2022-09-20 17:01:50] INFO: Message from:C9K#ydg[C   To room:abcd   Host:C9K#ydg[C
[2022-09-20 17:01:51] INFO: Message from:C9K#ydg[C   To room:abcd   Host:C9K#ydg[C
[2022-09-20 17:01:51] INFO: Message from:C9K#ydg[C   To room:abcd   Host:C9K#ydg[C
[2022-09-20 17:01:52] INFO: Message from:C9K#ydg[C   To room:abcd   Host:C9K#ydg[C
[2022-09-20 17:01:52] INFO: Message from:C9K#ydg[C   To room:abcd   Host:C9K#ydg[C
[2022-09-20 17:01:52] INFO: Message from:C9K#ydg[C   To room:abcd   Host:C9K#ydg[C
[2022-09-20 17:01:53] INFO: Message from:C9K#ydg[C   To room:abcd   Host:C9K#ydg[C
[2022-09-20 17:01:53] INFO: Message from:C9K#ydg[C   To room:abcd   Host:C9K#ydg[C
[2022-09-20 17:02:56] INFO: Server is up on port 5123
[2022-09-20 17:02:58] INFO: user just connected
[2022-09-20 17:02:58] INFO: {"abcd":{"ids":["C9K#ydg[C"],"host":"C9K#ydg[C","write":"C9K#ydg[C","names":["chrome"]}}
[2022-09-20 17:03:02] INFO: user just connected
[2022-09-20 17:03:02] INFO: {"abcd":{"ids":["C9K#ydg[C","t7B;:Wz=5"],"host":"C9K#ydg[C","write":"C9K#ydg[C","names":["chrome","safari"]}}
[2022-09-20 17:03:02] INFO: Message from:C9K#ydg[C   To room:abcd   Host:C9K#ydg[C
[2022-09-20 17:03:07] INFO: Message from:C9K#ydg[C   To room:abcd   Host:C9K#ydg[C
[2022-09-20 17:03:07] INFO: Message from:C9K#ydg[C   To room:abcd   Host:C9K#ydg[C
[2022-09-20 17:03:07] INFO: Message from:C9K#ydg[C   To room:abcd   Host:C9K#ydg[C
[2022-09-20 17:03:07] INFO: Message from:C9K#ydg[C   To room:abcd   Host:C9K#ydg[C
[2022-09-20 17:05:07] INFO: Server is up on port 5123
[2022-09-20 17:05:10] INFO: user just connected
[2022-09-20 17:05:10] INFO: {"abcd":{"ids":["C9K#ydg[C"],"host":"C9K#ydg[C","write":"C9K#ydg[C","names":["chrome"]}}
[2022-09-20 17:05:11] INFO: user just connected
[2022-09-20 17:05:11] INFO: {"abcd":{"ids":["C9K#ydg[C","t7B;:Wz=5"],"host":"C9K#ydg[C","write":"C9K#ydg[C","names":["chrome","safari"]}}
[2022-09-20 17:05:11] INFO: Message from:C9K#ydg[C   To room:abcd   Host:C9K#ydg[C
[2022-09-20 17:05:14] INFO: {"abcd":{"ids":["C9K#ydg[C"],"host":"C9K#ydg[C","write":"C9K#ydg[C","names":["chrome"]}}
[2022-09-20 17:05:14] INFO: user just disconnected
[2022-09-20 17:05:14] INFO: user just connected
[2022-09-20 17:05:14] INFO: {"abcd":{"ids":["C9K#ydg[C","t7B;:Wz=5"],"host":"C9K#ydg[C","write":"C9K#ydg[C","names":["chrome","safari"]}}
[2022-09-20 17:05:14] INFO: Message from:C9K#ydg[C   To room:abcd   Host:C9K#ydg[C
[2022-09-20 17:05:18] INFO: {"abcd":{"ids":["t7B;:Wz=5"],"host":"C9K#ydg[C","write":"C9K#ydg[C","names":["safari"]}}
[2022-09-20 17:05:18] INFO: user just disconnected
[2022-09-20 17:05:18] INFO: user just connected
[2022-09-20 17:05:18] INFO: {"abcd":{"ids":["t7B;:Wz=5","C9K#ydg[C"],"host":"C9K#ydg[C","write":"C9K#ydg[C","names":["safari","chrome"]}}
[2022-09-20 17:05:18] INFO: Message from:t7B;:Wz=5   To room:abcd   Host:C9K#ydg[C
[2022-09-20 17:05:25] INFO: {"abcd":{"ids":["C9K#ydg[C"],"host":"C9K#ydg[C","write":"C9K#ydg[C","names":["chrome"]}}
[2022-09-20 17:05:25] INFO: user just disconnected
[2022-09-20 17:05:28] INFO: {}
[2022-09-20 17:05:28] INFO: user just disconnected
[2022-09-20 17:05:29] INFO: user just connected
[2022-09-20 17:05:29] INFO: {"abcd":{"ids":["t7B;:Wz=5"],"host":"t7B;:Wz=5","write":"t7B;:Wz=5","names":["safari"]}}
[2022-09-20 17:05:33] INFO: user just connected
[2022-09-20 17:05:33] INFO: {"abcd":{"ids":["t7B;:Wz=5","C9K#ydg[C"],"host":"t7B;:Wz=5","write":"t7B;:Wz=5","names":["safari","chrome"]}}
[2022-09-20 17:05:33] INFO: Message from:t7B;:Wz=5   To room:abcd   Host:t7B;:Wz=5
[2022-09-20 17:05:47] INFO: Server is up on port 5123
[2022-09-20 17:05:48] INFO: user just connected
[2022-09-20 17:05:48] INFO: {"abcd":{"ids":["C9K#ydg[C"],"host":"C9K#ydg[C","write":"C9K#ydg[C","names":["chrome"]}}
[2022-09-20 17:05:48] INFO: user just connected
[2022-09-20 17:05:48] INFO: {"abcd":{"ids":["C9K#ydg[C","t7B;:Wz=5"],"host":"C9K#ydg[C","write":"C9K#ydg[C","names":["chrome","safari"]}}
[2022-09-20 17:05:48] INFO: Message from:C9K#ydg[C   To room:abcd   Host:C9K#ydg[C
[2022-09-20 17:05:56] INFO: {"abcd":{"ids":["C9K#ydg[C"],"host":"C9K#ydg[C","write":"C9K#ydg[C","names":["chrome"]}}
[2022-09-20 17:05:56] INFO: user just disconnected
[2022-09-20 17:05:58] INFO: {}
[2022-09-20 17:05:58] INFO: user just disconnected
[2022-09-20 17:06:21] INFO: Server is up on port 5123
[2022-09-20 17:07:02] INFO: Server is up on port 5123
[2022-09-20 17:07:04] INFO: Server is up on port 5123
[2022-09-20 17:07:08] INFO: user just connected
[2022-09-20 17:07:08] INFO: {"abcd":{"ids":["C9K#ydg[C"],"host":"C9K#ydg[C","write":"C9K#ydg[C","names":["chrome"]}}
[2022-09-20 17:07:11] INFO: user just connected
[2022-09-20 17:07:11] INFO: {"abcd":{"ids":["C9K#ydg[C","t7B;:Wz=5"],"host":"C9K#ydg[C","write":"C9K#ydg[C","names":["chrome","safari"]}}
[2022-09-20 17:07:11] INFO: Message from:C9K#ydg[C   To room:abcd   Host:C9K#ydg[C
[2022-09-20 17:07:15] INFO: {"abcd":{"ids":["C9K#ydg[C"],"host":"C9K#ydg[C","write":"C9K#ydg[C","names":["chrome"]}}
[2022-09-20 17:07:15] INFO: user just disconnected
[2022-09-20 17:07:15] INFO: user just connected
[2022-09-20 17:07:15] INFO: {"abcd":{"ids":["C9K#ydg[C","t7B;:Wz=5"],"host":"C9K#ydg[C","write":"C9K#ydg[C","names":["chrome","safari"]}}
[2022-09-20 17:07:15] INFO: Message from:C9K#ydg[C   To room:abcd   Host:C9K#ydg[C
[2022-09-20 17:07:19] INFO: {"abcd":{"ids":["t7B;:Wz=5"],"host":"C9K#ydg[C","write":"C9K#ydg[C","names":["safari"]}}
[2022-09-20 17:07:19] INFO: user just disconnected
[2022-09-20 17:07:19] INFO: user just connected
[2022-09-20 17:07:19] INFO: {"abcd":{"ids":["t7B;:Wz=5","C9K#ydg[C"],"host":"C9K#ydg[C","write":"C9K#ydg[C","names":["safari","chrome"]}}
[2022-09-20 17:07:19] INFO: Message from:t7B;:Wz=5   To room:abcd   Host:C9K#ydg[C
[2022-09-20 17:07:23] INFO: {"abcd":{"ids":["t7B;:Wz=5"],"host":"C9K#ydg[C","write":"C9K#ydg[C","names":["safari"]}}
[2022-09-20 17:07:23] INFO: user just disconnected
[2022-09-20 17:07:23] INFO: user just connected
[2022-09-20 17:07:23] INFO: {"abcd":{"ids":["t7B;:Wz=5","C9K#ydg[C"],"host":"C9K#ydg[C","write":"C9K#ydg[C","names":["safari","chrome"]}}
[2022-09-20 17:07:23] INFO: Message from:t7B;:Wz=5   To room:abcd   Host:C9K#ydg[C
[2022-09-20 17:07:25] INFO: {"abcd":{"ids":["t7B;:Wz=5"],"host":"C9K#ydg[C","write":"C9K#ydg[C","names":["safari"]}}
[2022-09-20 17:07:25] INFO: user just disconnected
[2022-09-20 17:07:25] INFO: user just connected
[2022-09-20 17:07:25] INFO: {"abcd":{"ids":["t7B;:Wz=5","C9K#ydg[C"],"host":"C9K#ydg[C","write":"C9K#ydg[C","names":["safari","chrome"]}}
[2022-09-20 17:07:25] INFO: Message from:t7B;:Wz=5   To room:abcd   Host:C9K#ydg[C
[2022-09-20 17:08:24] INFO: Server is up on port 5123
[2022-09-20 17:08:25] INFO: user just connected
[2022-09-20 17:08:25] INFO: {"abcd":{"ids":["t7B;:Wz=5"],"host":"t7B;:Wz=5","write":"t7B;:Wz=5","names":["safari"]}}
[2022-09-20 17:08:27] INFO: user just connected
[2022-09-20 17:08:27] INFO: {"abcd":{"ids":["t7B;:Wz=5","C9K#ydg[C"],"host":"t7B;:Wz=5","write":"t7B;:Wz=5","names":["safari","chrome"]}}
[2022-09-20 17:08:27] INFO: Message from:t7B;:Wz=5   To room:abcd   Host:t7B;:Wz=5
[2022-09-20 17:08:32] INFO: {"abcd":{"ids":["C9K#ydg[C"],"host":"t7B;:Wz=5","write":"t7B;:Wz=5","names":["chrome"]}}
[2022-09-20 17:08:32] INFO: user just disconnected
[2022-09-20 17:08:32] INFO: user just connected
[2022-09-20 17:08:32] INFO: {"abcd":{"ids":["C9K#ydg[C","t7B;:Wz=5"],"host":"t7B;:Wz=5","write":"t7B;:Wz=5","names":["chrome","safari"]}}
[2022-09-20 17:08:32] INFO: Message from:C9K#ydg[C   To room:abcd   Host:t7B;:Wz=5
[2022-09-20 17:08:46] INFO: {"abcd":{"ids":["C9K#ydg[C"],"host":"t7B;:Wz=5","write":"t7B;:Wz=5","names":["chrome"]}}
[2022-09-20 17:08:46] INFO: user just disconnected
[2022-09-20 17:08:46] INFO: user just connected
[2022-09-20 17:08:46] INFO: {"abcd":{"ids":["C9K#ydg[C","t7B;:Wz=5"],"host":"t7B;:Wz=5","write":"t7B;:Wz=5","names":["chrome","safari"]}}
[2022-09-20 17:08:46] INFO: Message from:C9K#ydg[C   To room:abcd   Host:t7B;:Wz=5
[2022-09-20 17:08:49] INFO: {"abcd":{"ids":["C9K#ydg[C"],"host":"t7B;:Wz=5","write":"t7B;:Wz=5","names":["chrome"]}}
[2022-09-20 17:08:49] INFO: user just disconnected
[2022-09-20 17:08:51] INFO: {}
[2022-09-20 17:08:51] INFO: user just disconnected
[2022-09-20 17:11:43] INFO: Server is up on port 5123
[2022-09-20 17:11:59] INFO: Server is up on port 5123
[2022-09-20 17:12:06] INFO: Server is up on port 5123
[2022-09-20 17:12:09] INFO: Server is up on port 5123
[2022-09-20 17:12:12] INFO: Server is up on port 5123
[2022-09-20 17:12:14] INFO: Server is up on port 5123
[2022-09-20 17:12:26] INFO: Server is up on port 5123
[2022-09-20 17:12:30] INFO: Server is up on port 5123
[2022-09-20 17:13:23] INFO: Server is up on port 5123
[2022-09-20 17:13:27] INFO: user just connected
[2022-09-20 17:13:27] INFO: {"abcd":{"ids":["C9K#ydg[C"],"host":"C9K#ydg[C","write":"C9K#ydg[C","names":["chrome"]}}
[2022-09-20 17:13:30] INFO: user just connected
[2022-09-20 17:13:30] INFO: {"abcd":{"ids":["C9K#ydg[C","t7B;:Wz=5"],"host":"C9K#ydg[C","write":"C9K#ydg[C","names":["chrome","safari"]}}
[2022-09-20 17:13:30] INFO: Message from:C9K#ydg[C   To room:abcd   Host:C9K#ydg[C
[2022-09-20 17:13:41] INFO: Message from:C9K#ydg[C   To room:abcd   Host:C9K#ydg[C
[2022-09-20 17:13:41] INFO: Message from:C9K#ydg[C   To room:abcd   Host:C9K#ydg[C
[2022-09-20 17:13:41] INFO: Message from:C9K#ydg[C   To room:abcd   Host:C9K#ydg[C
[2022-09-20 17:13:46] INFO: Message from:C9K#ydg[C   To room:abcd   Host:C9K#ydg[C
[2022-09-20 17:13:47] INFO: Message from:C9K#ydg[C   To room:abcd   Host:C9K#ydg[C
[2022-09-20 17:13:47] INFO: Message from:C9K#ydg[C   To room:abcd   Host:C9K#ydg[C
[2022-09-20 17:13:48] INFO: Message from:C9K#ydg[C   To room:abcd   Host:C9K#ydg[C
[2022-09-20 17:13:48] INFO: Message from:C9K#ydg[C   To room:abcd   Host:C9K#ydg[C
[2022-09-20 17:13:48] INFO: Message from:C9K#ydg[C   To room:abcd   Host:C9K#ydg[C
[2022-09-20 17:14:15] INFO: {"abcd":{"ids":["C9K#ydg[C"],"host":"C9K#ydg[C","write":"C9K#ydg[C","names":["chrome"]}}
[2022-09-20 17:14:15] INFO: user just disconnected
[2022-09-20 17:14:16] INFO: user just connected
[2022-09-20 17:14:16] INFO: {"abcd":{"ids":["C9K#ydg[C","t7B;:Wz=5"],"host":"C9K#ydg[C","write":"C9K#ydg[C","names":["chrome","safari"]}}
[2022-09-20 17:14:16] INFO: Message from:C9K#ydg[C   To room:abcd   Host:C9K#ydg[C
[2022-09-20 17:14:25] INFO: Server is up on port 5123
[2022-09-20 17:14:26] INFO: user just connected
[2022-09-20 17:14:26] INFO: {"abcd":{"ids":["C9K#ydg[C"],"host":"C9K#ydg[C","write":"C9K#ydg[C","names":["chrome"]}}
[2022-09-20 17:14:31] INFO: {}
[2022-09-20 17:14:31] INFO: user just disconnected
[2022-09-20 17:14:31] INFO: user just connected
[2022-09-20 17:14:31] INFO: {"abcd":{"ids":["C9K#ydg[C"],"host":"C9K#ydg[C","write":"C9K#ydg[C","names":["chrome"]}}
[2022-09-20 17:14:36] INFO: Message from:C9K#ydg[C   To room:abcd   Host:C9K#ydg[C
[2022-09-20 17:14:36] INFO: Message from:C9K#ydg[C   To room:abcd   Host:C9K#ydg[C
[2022-09-20 17:14:36] INFO: Message from:C9K#ydg[C   To room:abcd   Host:C9K#ydg[C
[2022-09-20 17:14:37] INFO: Message from:C9K#ydg[C   To room:abcd   Host:C9K#ydg[C
[2022-09-20 17:14:40] INFO: user just connected
[2022-09-20 17:14:41] INFO: {"abcd":{"ids":["C9K#ydg[C","t7B;:Wz=5"],"host":"C9K#ydg[C","write":"C9K#ydg[C","names":["chrome","safari"]}}
[2022-09-20 17:14:41] INFO: Message from:C9K#ydg[C   To room:abcd   Host:C9K#ydg[C
[2022-09-20 17:14:47] INFO: user just connected
[2022-09-20 17:14:47] INFO: {"abcd":{"ids":["C9K#ydg[C","t7B;:Wz=5","t7B;:Wz=5"],"host":"C9K#ydg[C","write":"C9K#ydg[C","names":["chrome","safari","safari"]}}
[2022-09-20 17:14:47] INFO: Message from:C9K#ydg[C   To room:abcd   Host:C9K#ydg[C
[2022-09-20 17:14:51] INFO: Message from:C9K#ydg[C   To room:abcd   Host:C9K#ydg[C
[2022-09-20 17:14:52] INFO: Message from:C9K#ydg[C   To room:abcd   Host:C9K#ydg[C
[2022-09-20 17:14:52] INFO: Message from:C9K#ydg[C   To room:abcd   Host:C9K#ydg[C
[2022-09-20 17:14:52] INFO: Message from:C9K#ydg[C   To room:abcd   Host:C9K#ydg[C
[2022-09-20 17:14:52] INFO: Message from:C9K#ydg[C   To room:abcd   Host:C9K#ydg[C
[2022-09-20 17:14:53] INFO: Message from:C9K#ydg[C   To room:abcd   Host:C9K#ydg[C
[2022-09-20 17:14:53] INFO: Message from:C9K#ydg[C   To room:abcd   Host:C9K#ydg[C
[2022-09-20 17:14:53] INFO: Message from:C9K#ydg[C   To room:abcd   Host:C9K#ydg[C
[2022-09-20 17:14:53] INFO: Message from:C9K#ydg[C   To room:abcd   Host:C9K#ydg[C
[2022-09-20 17:15:12] INFO: Server is up on port 5123
[2022-09-20 17:15:13] INFO: user just connected
[2022-09-20 17:15:13] INFO: {"abcd":{"ids":["C9K#ydg[C"],"host":"C9K#ydg[C","write":"C9K#ydg[C","names":["chrome"]}}
[2022-09-20 17:15:14] INFO: Server is up on port 5123
[2022-09-20 17:15:15] INFO: Server is up on port 5123
[2022-09-20 17:15:16] INFO: user just connected
[2022-09-20 17:15:16] INFO: {"abcd":{"ids":["C9K#ydg[C"],"host":"C9K#ydg[C","write":"C9K#ydg[C","names":["chrome"]}}
[2022-09-20 17:15:22] INFO: {}
[2022-09-20 17:15:22] INFO: user just disconnected
[2022-09-20 17:15:22] INFO: user just connected
[2022-09-20 17:15:22] INFO: {"abcd":{"ids":["C9K#ydg[C"],"host":"C9K#ydg[C","write":"C9K#ydg[C","names":["chrome"]}}
[2022-09-20 17:15:25] INFO: Message from:C9K#ydg[C   To room:abcd   Host:C9K#ydg[C
[2022-09-20 17:15:25] INFO: Message from:C9K#ydg[C   To room:abcd   Host:C9K#ydg[C
[2022-09-20 17:15:25] INFO: Message from:C9K#ydg[C   To room:abcd   Host:C9K#ydg[C
[2022-09-20 17:15:25] INFO: Message from:C9K#ydg[C   To room:abcd   Host:C9K#ydg[C
[2022-09-20 17:15:26] INFO: Message from:C9K#ydg[C   To room:abcd   Host:C9K#ydg[C
[2022-09-20 17:15:26] INFO: Message from:C9K#ydg[C   To room:abcd   Host:C9K#ydg[C
[2022-09-20 17:15:26] INFO: Message from:C9K#ydg[C   To room:abcd   Host:C9K#ydg[C
[2022-09-20 17:15:26] INFO: Message from:C9K#ydg[C   To room:abcd   Host:C9K#ydg[C
[2022-09-20 17:15:29] INFO: user just connected
[2022-09-20 17:15:29] INFO: {"abcd":{"ids":["C9K#ydg[C","t7B;:Wz=5"],"host":"C9K#ydg[C","write":"C9K#ydg[C","names":["chrome","safari"]}}
[2022-09-20 17:15:29] INFO: Message from:C9K#ydg[C   To room:abcd   Host:C9K#ydg[C
[2022-09-20 17:15:34] INFO: Message from:C9K#ydg[C   To room:abcd   Host:C9K#ydg[C
[2022-09-20 17:15:34] INFO: Message from:C9K#ydg[C   To room:abcd   Host:C9K#ydg[C
[2022-09-20 17:15:38] INFO: Message from:C9K#ydg[C   To room:abcd   Host:C9K#ydg[C
[2022-09-20 17:15:39] INFO: Message from:C9K#ydg[C   To room:abcd   Host:C9K#ydg[C
[2022-09-20 17:15:39] INFO: Message from:C9K#ydg[C   To room:abcd   Host:C9K#ydg[C
[2022-09-20 17:15:39] INFO: Message from:C9K#ydg[C   To room:abcd   Host:C9K#ydg[C
[2022-09-20 17:15:39] INFO: Message from:C9K#ydg[C   To room:abcd   Host:C9K#ydg[C
[2022-09-20 17:15:39] INFO: Message from:C9K#ydg[C   To room:abcd   Host:C9K#ydg[C
[2022-09-20 17:15:39] INFO: Message from:C9K#ydg[C   To room:abcd   Host:C9K#ydg[C
[2022-09-20 17:15:40] INFO: Message from:C9K#ydg[C   To room:abcd   Host:C9K#ydg[C
[2022-09-20 17:15:40] INFO: Message from:C9K#ydg[C   To room:abcd   Host:C9K#ydg[C
[2022-09-20 17:15:40] INFO: Message from:C9K#ydg[C   To room:abcd   Host:C9K#ydg[C
[2022-09-20 17:15:40] INFO: Message from:C9K#ydg[C   To room:abcd   Host:C9K#ydg[C
[2022-09-20 17:15:40] INFO: Message from:C9K#ydg[C   To room:abcd   Host:C9K#ydg[C
[2022-09-20 17:15:41] INFO: Message from:C9K#ydg[C   To room:abcd   Host:C9K#ydg[C
[2022-09-20 17:15:41] INFO: Message from:C9K#ydg[C   To room:abcd   Host:C9K#ydg[C
[2022-09-20 17:15:41] INFO: Message from:C9K#ydg[C   To room:abcd   Host:C9K#ydg[C
[2022-09-20 17:15:41] INFO: Message from:C9K#ydg[C   To room:abcd   Host:C9K#ydg[C
[2022-09-20 17:15:42] INFO: Message from:C9K#ydg[C   To room:abcd   Host:C9K#ydg[C
[2022-09-20 17:15:42] INFO: Message from:C9K#ydg[C   To room:abcd   Host:C9K#ydg[C
[2022-09-20 17:15:42] INFO: Message from:C9K#ydg[C   To room:abcd   Host:C9K#ydg[C
[2022-09-20 17:15:42] INFO: Message from:C9K#ydg[C   To room:abcd   Host:C9K#ydg[C
[2022-09-20 17:15:42] INFO: Message from:C9K#ydg[C   To room:abcd   Host:C9K#ydg[C
[2022-09-20 17:15:55] INFO: {"abcd":{"ids":["t7B;:Wz=5"],"host":"C9K#ydg[C","write":"C9K#ydg[C","names":["safari"]}}
[2022-09-20 17:15:55] INFO: user just disconnected
[2022-09-20 17:15:55] INFO: user just connected
[2022-09-20 17:15:55] INFO: {"abcd":{"ids":["t7B;:Wz=5","C9K#ydg[C"],"host":"C9K#ydg[C","write":"C9K#ydg[C","names":["safari","chrome"]}}
[2022-09-20 17:15:55] INFO: Message from:t7B;:Wz=5   To room:abcd   Host:C9K#ydg[C
[2022-09-20 17:16:10] INFO: {"abcd":{"ids":["C9K#ydg[C"],"host":"C9K#ydg[C","write":"C9K#ydg[C","names":["chrome"]}}
[2022-09-20 17:16:10] INFO: user just disconnected
[2022-09-20 17:16:11] INFO: user just connected
[2022-09-20 17:16:11] INFO: {"abcd":{"ids":["C9K#ydg[C","t7B;:Wz=5"],"host":"C9K#ydg[C","write":"C9K#ydg[C","names":["chrome","safari"]}}
[2022-09-20 17:16:11] INFO: Message from:C9K#ydg[C   To room:abcd   Host:C9K#ydg[C
[2022-09-20 17:16:19] INFO: {"abcd":{"ids":["t7B;:Wz=5"],"host":"C9K#ydg[C","write":"C9K#ydg[C","names":["safari"]}}
[2022-09-20 17:16:19] INFO: user just disconnected
[2022-09-20 17:16:19] INFO: user just connected
[2022-09-20 17:16:19] INFO: {"abcd":{"ids":["t7B;:Wz=5","C9K#ydg[C"],"host":"C9K#ydg[C","write":"C9K#ydg[C","names":["safari","chrome"]}}
[2022-09-20 17:16:19] INFO: Message from:t7B;:Wz=5   To room:abcd   Host:C9K#ydg[C
[2022-09-20 17:17:37] INFO: Server is up on port 5123
[2022-09-20 17:17:38] INFO: user just connected
[2022-09-20 17:17:38] INFO: {"abcd":{"ids":["C9K#ydg[C"],"host":"C9K#ydg[C","write":"C9K#ydg[C","names":["chrome"]}}
[2022-09-20 17:17:38] INFO: user just connected
[2022-09-20 17:17:38] INFO: {"abcd":{"ids":["C9K#ydg[C","t7B;:Wz=5"],"host":"C9K#ydg[C","write":"C9K#ydg[C","names":["chrome","safari"]}}
[2022-09-20 17:17:38] INFO: Message from:C9K#ydg[C   To room:abcd   Host:C9K#ydg[C
[2022-09-20 17:17:42] INFO: Server is up on port 5123
[2022-09-20 17:17:42] INFO: user just connected
[2022-09-20 17:17:43] INFO: {"abcd":{"ids":["C9K#ydg[C"],"host":"C9K#ydg[C","write":"C9K#ydg[C","names":["chrome"]}}
[2022-09-20 17:17:43] INFO: user just connected
[2022-09-20 17:17:43] INFO: {"abcd":{"ids":["C9K#ydg[C","t7B;:Wz=5"],"host":"C9K#ydg[C","write":"C9K#ydg[C","names":["chrome","safari"]}}
[2022-09-20 17:17:43] INFO: Message from:C9K#ydg[C   To room:abcd   Host:C9K#ydg[C
[2022-09-20 17:17:43] INFO: Server is up on port 5123
[2022-09-20 17:17:44] INFO: user just connected
[2022-09-20 17:17:45] INFO: {"abcd":{"ids":["C9K#ydg[C"],"host":"C9K#ydg[C","write":"C9K#ydg[C","names":["chrome"]}}
[2022-09-20 17:17:45] INFO: user just connected
[2022-09-20 17:17:45] INFO: {"abcd":{"ids":["C9K#ydg[C","t7B;:Wz=5"],"host":"C9K#ydg[C","write":"C9K#ydg[C","names":["chrome","safari"]}}
[2022-09-20 17:17:45] INFO: Message from:C9K#ydg[C   To room:abcd   Host:C9K#ydg[C
[2022-09-20 17:17:45] INFO: Server is up on port 5123
[2022-09-20 17:17:46] INFO: user just connected
[2022-09-20 17:17:46] INFO: {"abcd":{"ids":["C9K#ydg[C"],"host":"C9K#ydg[C","write":"C9K#ydg[C","names":["chrome"]}}
[2022-09-20 17:17:46] INFO: user just connected
[2022-09-20 17:17:46] INFO: {"abcd":{"ids":["C9K#ydg[C","t7B;:Wz=5"],"host":"C9K#ydg[C","write":"C9K#ydg[C","names":["chrome","safari"]}}
[2022-09-20 17:17:46] INFO: Message from:C9K#ydg[C   To room:abcd   Host:C9K#ydg[C
[2022-09-20 17:17:47] INFO: Server is up on port 5123
[2022-09-20 17:17:48] INFO: user just connected
[2022-09-20 17:17:48] INFO: {"abcd":{"ids":["t7B;:Wz=5"],"host":"t7B;:Wz=5","write":"t7B;:Wz=5","names":["safari"]}}
[2022-09-20 17:17:48] INFO: user just connected
[2022-09-20 17:17:48] INFO: {"abcd":{"ids":["t7B;:Wz=5","C9K#ydg[C"],"host":"t7B;:Wz=5","write":"t7B;:Wz=5","names":["safari","chrome"]}}
[2022-09-20 17:17:48] INFO: Message from:t7B;:Wz=5   To room:abcd   Host:t7B;:Wz=5
[2022-09-20 17:17:55] INFO: {"abcd":{"ids":["t7B;:Wz=5"],"host":"t7B;:Wz=5","write":"t7B;:Wz=5","names":["safari"]}}
[2022-09-20 17:17:55] INFO: user just disconnected
[2022-09-20 17:17:56] INFO: user just connected
[2022-09-20 17:17:56] INFO: {"abcd":{"ids":["t7B;:Wz=5","C9K#ydg[C"],"host":"t7B;:Wz=5","write":"t7B;:Wz=5","names":["safari","chrome"]}}
[2022-09-20 17:17:56] INFO: Message from:t7B;:Wz=5   To room:abcd   Host:t7B;:Wz=5
[2022-09-20 18:42:36] INFO: Server is up on port 5123
[2022-09-20 18:42:42] INFO: user just connected
[2022-09-20 18:42:42] INFO: {"abcd":{"ids":["C9K#ydg[C"],"host":"C9K#ydg[C","write":"C9K#ydg[C","names":["chrome"]}}
[2022-09-20 18:42:47] INFO: user just connected
[2022-09-20 18:42:48] INFO: {"abcd":{"ids":["C9K#ydg[C","t7B;:Wz=5"],"host":"C9K#ydg[C","write":"C9K#ydg[C","names":["chrome","safari"]}}
[2022-09-20 18:42:48] INFO: Message from:C9K#ydg[C   To room:abcd   Host:C9K#ydg[C
[2022-09-20 18:42:52] INFO: Message from:C9K#ydg[C   To room:abcd   Host:C9K#ydg[C
[2022-09-20 18:42:52] INFO: Message from:C9K#ydg[C   To room:abcd   Host:C9K#ydg[C
[2022-09-20 18:42:53] INFO: Message from:C9K#ydg[C   To room:abcd   Host:C9K#ydg[C
[2022-09-20 18:42:53] INFO: Message from:C9K#ydg[C   To room:abcd   Host:C9K#ydg[C
[2022-09-20 18:42:56] INFO: {"abcd":{"ids":["t7B;:Wz=5"],"host":"C9K#ydg[C","write":"C9K#ydg[C","names":["safari"]}}
[2022-09-20 18:42:56] INFO: user just disconnected
[2022-09-20 18:42:56] INFO: user just connected
[2022-09-20 18:42:56] INFO: {"abcd":{"ids":["t7B;:Wz=5","C9K#ydg[C"],"host":"C9K#ydg[C","write":"C9K#ydg[C","names":["safari","chrome"]}}
[2022-09-20 18:42:56] INFO: Message from:t7B;:Wz=5   To room:abcd   Host:C9K#ydg[C
[2022-09-20 18:42:59] INFO: Message from:C9K#ydg[C   To room:abcd   Host:C9K#ydg[C
[2022-09-20 18:42:59] INFO: Message from:C9K#ydg[C   To room:abcd   Host:C9K#ydg[C
[2022-09-20 18:42:59] INFO: Message from:C9K#ydg[C   To room:abcd   Host:C9K#ydg[C
[2022-09-20 18:43:00] INFO: Message from:C9K#ydg[C   To room:abcd   Host:C9K#ydg[C
[2022-09-20 18:43:00] INFO: Message from:C9K#ydg[C   To room:abcd   Host:C9K#ydg[C
[2022-09-20 18:43:01] INFO: Message from:C9K#ydg[C   To room:abcd   Host:C9K#ydg[C
[2022-09-20 18:43:01] INFO: Message from:C9K#ydg[C   To room:abcd   Host:C9K#ydg[C
[2022-09-20 18:43:01] INFO: Message from:C9K#ydg[C   To room:abcd   Host:C9K#ydg[C
[2022-09-20 18:43:01] INFO: Message from:C9K#ydg[C   To room:abcd   Host:C9K#ydg[C
[2022-09-20 18:43:03] INFO: {"abcd":{"ids":["C9K#ydg[C"],"host":"C9K#ydg[C","write":"C9K#ydg[C","names":["chrome"]}}
[2022-09-20 18:43:03] INFO: user just disconnected
[2022-09-20 18:43:04] INFO: user just connected
[2022-09-20 18:43:04] INFO: {"abcd":{"ids":["C9K#ydg[C","t7B;:Wz=5"],"host":"C9K#ydg[C","write":"C9K#ydg[C","names":["chrome","safari"]}}
[2022-09-20 18:43:04] INFO: Message from:C9K#ydg[C   To room:abcd   Host:C9K#ydg[C
[2022-09-20 18:43:08] INFO: {"abcd":{"ids":["t7B;:Wz=5"],"host":"C9K#ydg[C","write":"C9K#ydg[C","names":["safari"]}}
[2022-09-20 18:43:08] INFO: user just disconnected
[2022-09-20 18:43:08] INFO: user just connected
[2022-09-20 18:43:08] INFO: {"abcd":{"ids":["t7B;:Wz=5","C9K#ydg[C"],"host":"C9K#ydg[C","write":"C9K#ydg[C","names":["safari","chrome"]}}
[2022-09-20 18:43:08] INFO: Message from:t7B;:Wz=5   To room:abcd   Host:C9K#ydg[C
[2022-09-20 18:43:10] INFO: Message from:C9K#ydg[C   To room:abcd   Host:C9K#ydg[C
[2022-09-20 18:43:10] INFO: Message from:C9K#ydg[C   To room:abcd   Host:C9K#ydg[C
[2022-09-20 18:43:11] INFO: Message from:C9K#ydg[C   To room:abcd   Host:C9K#ydg[C
[2022-09-20 18:43:22] INFO: {"abcd":{"ids":["t7B;:Wz=5"],"host":"C9K#ydg[C","write":"C9K#ydg[C","names":["safari"]}}
[2022-09-20 18:43:22] INFO: user just disconnected
[2022-09-20 18:43:24] INFO: {}
[2022-09-20 18:43:24] INFO: user just disconnected
[2022-09-20 18:44:15] INFO: Server is up on port 5123
[2022-09-20 18:44:18] INFO: user just connected
[2022-09-20 18:44:18] INFO: {"abcd":{"ids":["C9K#ydg[C"],"host":"C9K#ydg[C","write":"C9K#ydg[C","names":["chrome"]}}
[2022-09-20 18:44:21] INFO: Server is up on port 5123
[2022-09-20 18:44:23] INFO: user just connected
[2022-09-20 18:44:23] INFO: {"abcd":{"ids":["C9K#ydg[C"],"host":"C9K#ydg[C","write":"C9K#ydg[C","names":["chrome"]}}
[2022-09-20 18:44:26] INFO: Server is up on port 5123
[2022-09-20 18:44:27] INFO: user just connected
[2022-09-20 18:44:27] INFO: {"abcd":{"ids":["C9K#ydg[C"],"host":"C9K#ydg[C","write":"C9K#ydg[C","names":["chrome"]}}
[2022-09-20 18:44:35] INFO: user just connected
[2022-09-20 18:44:35] INFO: {"abcd":{"ids":["C9K#ydg[C","t7B;:Wz=5"],"host":"C9K#ydg[C","write":"C9K#ydg[C","names":["chrome","safari"]}}
[2022-09-20 18:44:35] INFO: Message from:C9K#ydg[C   To room:abcd   Host:C9K#ydg[C
[2022-09-20 18:44:41] INFO: Message from:C9K#ydg[C   To room:abcd   Host:C9K#ydg[C
[2022-09-20 18:44:41] INFO: Message from:C9K#ydg[C   To room:abcd   Host:C9K#ydg[C
[2022-09-20 18:44:41] INFO: Message from:C9K#ydg[C   To room:abcd   Host:C9K#ydg[C
[2022-09-20 18:44:41] INFO: Message from:C9K#ydg[C   To room:abcd   Host:C9K#ydg[C
[2022-09-20 18:44:42] INFO: Message from:C9K#ydg[C   To room:abcd   Host:C9K#ydg[C
[2022-09-20 18:44:42] INFO: Message from:C9K#ydg[C   To room:abcd   Host:C9K#ydg[C
[2022-09-20 18:44:42] INFO: Message from:C9K#ydg[C   To room:abcd   Host:C9K#ydg[C
[2022-09-20 18:44:42] INFO: Message from:C9K#ydg[C   To room:abcd   Host:C9K#ydg[C
[2022-09-20 18:44:42] INFO: Message from:C9K#ydg[C   To room:abcd   Host:C9K#ydg[C
[2022-09-20 18:44:43] INFO: Message from:C9K#ydg[C   To room:abcd   Host:C9K#ydg[C
[2022-09-20 18:44:43] INFO: Message from:C9K#ydg[C   To room:abcd   Host:C9K#ydg[C
[2022-09-20 18:44:45] INFO: {"abcd":{"ids":["t7B;:Wz=5"],"host":"C9K#ydg[C","write":"C9K#ydg[C","names":["safari"]}}
[2022-09-20 18:44:45] INFO: user just disconnected
[2022-09-20 18:44:45] INFO: user just connected
[2022-09-20 18:44:45] INFO: {"abcd":{"ids":["t7B;:Wz=5","C9K#ydg[C"],"host":"C9K#ydg[C","write":"C9K#ydg[C","names":["safari","chrome"]}}
[2022-09-20 18:44:45] INFO: Message from:t7B;:Wz=5   To room:abcd   Host:C9K#ydg[C
[2022-09-20 18:44:47] INFO: Message from:C9K#ydg[C   To room:abcd   Host:C9K#ydg[C
[2022-09-20 18:44:48] INFO: Message from:C9K#ydg[C   To room:abcd   Host:C9K#ydg[C
[2022-09-20 18:44:48] INFO: Message from:C9K#ydg[C   To room:abcd   Host:C9K#ydg[C
[2022-09-20 18:44:49] INFO: Message from:C9K#ydg[C   To room:abcd   Host:C9K#ydg[C
[2022-09-20 18:44:49] INFO: Message from:C9K#ydg[C   To room:abcd   Host:C9K#ydg[C
[2022-09-20 18:44:51] INFO: Message from:C9K#ydg[C   To room:abcd   Host:C9K#ydg[C
[2022-09-20 18:44:52] INFO: Message from:C9K#ydg[C   To room:abcd   Host:C9K#ydg[C
[2022-09-20 18:44:53] INFO: Message from:C9K#ydg[C   To room:abcd   Host:C9K#ydg[C
[2022-09-20 18:45:02] INFO: {"abcd":{"ids":["C9K#ydg[C"],"host":"C9K#ydg[C","write":"C9K#ydg[C","names":["chrome"]}}
[2022-09-20 18:45:02] INFO: user just disconnected
[2022-09-20 18:45:04] INFO: {}
[2022-09-20 18:45:04] INFO: user just disconnected
