[2022-09-30 17:14:42] INFO: Server is up on port 5123
[2022-09-30 17:14:53] INFO: user just connected
[2022-09-30 17:14:55] INFO: {}
[2022-09-30 17:14:55] INFO: user just disconnected
[2022-09-30 17:14:56] INFO: user just connected
[2022-09-30 17:15:01] INFO: rooms:{"abcd":{"ids":["dP*9Vns5S"],"host":"dP*9Vns5S","write":"dP*9Vns5S","names":["chrome"]}}
[2022-09-30 17:15:01] INFO: users:{"F7cFpgSKXWSTS4OpAAAD":{"userId":"dP*9Vns5S","room":"abcd","userName":"chrome"}}
[2022-09-30 17:15:05] INFO: user just connected
[2022-09-30 17:15:13] INFO: rooms:{"abcd":{"ids":["dP*9Vns5S","WR0JMgR7O"],"host":"dP*9Vns5S","write":"dP*9Vns5S","names":["chrome","safari"]}}
[2022-09-30 17:15:13] INFO: users:{"F7cFpgSKXWSTS4OpAAAD":{"userId":"dP*9Vns5S","room":"abcd","userName":"chrome"},"MIzgGtvj2MgR5xJmAAAF":{"userId":"WR0JMgR7O","room":"abcd","userName":"safari"}}
[2022-09-30 17:15:13] INFO: Message from:dP*9Vns5S   To room:abcd   Host:dP*9Vns5S
[2022-09-30 17:15:19] INFO: {"abcd":{"ids":["dP*9Vns5S"],"host":"dP*9Vns5S","write":"dP*9Vns5S","names":["chrome"]}}
[2022-09-30 17:15:19] INFO: user just disconnected
[2022-09-30 17:15:19] INFO: user just connected
[2022-09-30 17:15:19] INFO: rooms:{"abcd":{"ids":["dP*9Vns5S","WR0JMgR7O"],"host":"dP*9Vns5S","write":"dP*9Vns5S","names":["chrome","safari"]}}
[2022-09-30 17:15:19] INFO: users:{"F7cFpgSKXWSTS4OpAAAD":{"userId":"dP*9Vns5S","room":"abcd","userName":"chrome"},"UDOnzAJSXzNTw3bBAAAH":{"userId":"WR0JMgR7O","room":"abcd","userName":"safari"}}
[2022-09-30 17:15:19] INFO: Message from:dP*9Vns5S   To room:abcd   Host:dP*9Vns5S
[2022-09-30 17:15:23] INFO: {"abcd":{"ids":["WR0JMgR7O"],"host":"dP*9Vns5S","write":"dP*9Vns5S","names":["safari"]}}
[2022-09-30 17:15:23] INFO: user just disconnected
[2022-09-30 17:15:23] INFO: user just connected
[2022-09-30 17:15:23] INFO: rooms:{"abcd":{"ids":["WR0JMgR7O","dP*9Vns5S"],"host":"dP*9Vns5S","write":"dP*9Vns5S","names":["safari","chrome"]}}
[2022-09-30 17:15:23] INFO: users:{"UDOnzAJSXzNTw3bBAAAH":{"userId":"WR0JMgR7O","room":"abcd","userName":"safari"},"FPtDX6ZmOnL88xeYAAAJ":{"userId":"dP*9Vns5S","room":"abcd","userName":"chrome"}}
[2022-09-30 17:15:23] INFO: Message from:WR0JMgR7O   To room:abcd   Host:dP*9Vns5S
[2022-09-30 17:15:25] INFO: Message from:dP*9Vns5S   To room:abcd   Host:dP*9Vns5S
[2022-09-30 17:15:25] INFO: Message from:dP*9Vns5S   To room:abcd   Host:dP*9Vns5S
[2022-09-30 17:15:26] INFO: Message from:dP*9Vns5S   To room:abcd   Host:dP*9Vns5S
[2022-09-30 17:15:26] INFO: Message from:dP*9Vns5S   To room:abcd   Host:dP*9Vns5S
[2022-09-30 17:15:26] INFO: Message from:dP*9Vns5S   To room:abcd   Host:dP*9Vns5S
[2022-09-30 17:15:26] INFO: Message from:dP*9Vns5S   To room:abcd   Host:dP*9Vns5S
[2022-09-30 17:15:26] INFO: Message from:dP*9Vns5S   To room:abcd   Host:dP*9Vns5S
[2022-09-30 17:15:26] INFO: Message from:dP*9Vns5S   To room:abcd   Host:dP*9Vns5S
[2022-09-30 17:15:26] INFO: Message from:dP*9Vns5S   To room:abcd   Host:dP*9Vns5S
[2022-09-30 17:15:26] INFO: Message from:dP*9Vns5S   To room:abcd   Host:dP*9Vns5S
[2022-09-30 17:15:27] INFO: Message from:dP*9Vns5S   To room:abcd   Host:dP*9Vns5S
[2022-09-30 17:15:27] INFO: Message from:dP*9Vns5S   To room:abcd   Host:dP*9Vns5S
[2022-09-30 17:15:27] INFO: Message from:dP*9Vns5S   To room:abcd   Host:dP*9Vns5S
[2022-09-30 17:15:27] INFO: Message from:dP*9Vns5S   To room:abcd   Host:dP*9Vns5S
[2022-09-30 17:15:28] INFO: Message from:dP*9Vns5S   To room:abcd   Host:dP*9Vns5S
[2022-09-30 17:15:28] INFO: Message from:dP*9Vns5S   To room:abcd   Host:dP*9Vns5S
[2022-09-30 17:15:28] INFO: Message from:dP*9Vns5S   To room:abcd   Host:dP*9Vns5S
[2022-09-30 17:15:28] INFO: Message from:dP*9Vns5S   To room:abcd   Host:dP*9Vns5S
[2022-09-30 17:15:28] INFO: Message from:dP*9Vns5S   To room:abcd   Host:dP*9Vns5S
[2022-09-30 17:15:28] INFO: Message from:dP*9Vns5S   To room:abcd   Host:dP*9Vns5S
[2022-09-30 17:15:28] INFO: Message from:dP*9Vns5S   To room:abcd   Host:dP*9Vns5S
[2022-09-30 17:15:28] INFO: Message from:dP*9Vns5S   To room:abcd   Host:dP*9Vns5S
[2022-09-30 17:15:28] INFO: Message from:dP*9Vns5S   To room:abcd   Host:dP*9Vns5S
[2022-09-30 17:15:28] INFO: Message from:dP*9Vns5S   To room:abcd   Host:dP*9Vns5S
[2022-09-30 17:15:28] INFO: Message from:dP*9Vns5S   To room:abcd   Host:dP*9Vns5S
[2022-09-30 17:15:29] INFO: Message from:dP*9Vns5S   To room:abcd   Host:dP*9Vns5S
[2022-09-30 17:15:33] INFO: {"abcd":{"ids":["WR0JMgR7O"],"host":"dP*9Vns5S","write":"dP*9Vns5S","names":["safari"]}}
[2022-09-30 17:15:33] INFO: user just disconnected
[2022-09-30 17:15:35] INFO: {}
[2022-09-30 17:15:35] INFO: user just disconnected
[2022-09-30 17:51:06] INFO: Server is up on port 5123
[2022-09-30 17:51:14] INFO: user just connected
[2022-09-30 17:51:14] INFO: rooms:{"abcd":{"ids":["WR0JMgR7O"],"owner":"WR0JMgR7O","tempHost":"WR0JMgR7O","tempWrite":"WR0JMgR7O","names":["safari"]}}
[2022-09-30 17:51:14] INFO: users:[{"userId":"WR0JMgR7O","room":"abcd","userName":"safari"}]
[2022-09-30 17:51:25] INFO: user just connected
[2022-09-30 17:51:25] INFO: rooms:{"abcd":{"ids":["WR0JMgR7O","dP*9Vns5S"],"owner":"WR0JMgR7O","tempHost":"WR0JMgR7O","tempWrite":"WR0JMgR7O","names":["safari","chrome"]}}
[2022-09-30 17:51:25] INFO: users:[{"userId":"WR0JMgR7O","room":"abcd","userName":"safari"},{"userId":"dP*9Vns5S","room":"abcd","userName":"chrome"}]
[2022-09-30 18:06:11] INFO: Server is up on port 5123
[2022-09-30 18:06:16] INFO: user just connected
[2022-09-30 18:06:16] INFO: rooms:{"abcd":{"ids":["WR0JMgR7O"],"owner":"WR0JMgR7O","tempHost":"WR0JMgR7O","tempWrite":"WR0JMgR7O","names":["safari"]}}
[2022-09-30 18:06:16] INFO: users:[{"userId":"WR0JMgR7O","room":"abcd","userName":"safari","socket":"RTFLWKBvrwDSKcdQAAAB"}]
[2022-09-30 18:06:23] INFO: user just connected
[2022-09-30 18:06:23] INFO: rooms:{"abcd":{"ids":["WR0JMgR7O","dP*9Vns5S"],"owner":"WR0JMgR7O","tempHost":"WR0JMgR7O","tempWrite":"WR0JMgR7O","names":["safari","chrome"]}}
[2022-09-30 18:06:23] INFO: users:[{"userId":"WR0JMgR7O","room":"abcd","userName":"safari","socket":"RTFLWKBvrwDSKcdQAAAB"},{"userId":"dP*9Vns5S","room":"abcd","userName":"chrome","socket":"tp6GJ4jfDTMifo_WAAAD"}]
[2022-09-30 18:24:41] INFO: Server is up on port 5123
[2022-09-30 18:24:41] INFO: user just connected
[2022-09-30 18:24:53] INFO: Server is up on port 5123
[2022-09-30 18:24:54] INFO: user just connected
[2022-09-30 18:24:54] INFO: rooms:{"abcd":{"ids":["WR0JMgR7O"],"owner":"WR0JMgR7O","tempHost":"WR0JMgR7O","tempWrite":"WR0JMgR7O","names":["safari"]}}
[2022-09-30 18:24:54] INFO: socks:{"xQCkmQB2p3P2tfg-AAAB":{"userId":"WR0JMgR7O","room":"abcd","userName":"safari"}}
[2022-09-30 18:25:00] INFO: user just connected
[2022-09-30 18:25:00] INFO: rooms:{"abcd":{"ids":["WR0JMgR7O","dP*9Vns5S"],"owner":"WR0JMgR7O","tempHost":"WR0JMgR7O","tempWrite":"WR0JMgR7O","names":["safari","chrome"]}}
[2022-09-30 18:25:00] INFO: socks:{"xQCkmQB2p3P2tfg-AAAB":{"userId":"WR0JMgR7O","room":"abcd","userName":"safari"},"CpS0elCXBGGh_rgaAAAD":{"userId":"dP*9Vns5S","room":"abcd","userName":"chrome"}}
[2022-09-30 18:25:00] INFO: Message from:WR0JMgR7O   To room:abcd   Host:WR0JMgR7O
[2022-09-30 18:25:06] INFO: {"abcd":{"ids":["dP*9Vns5S"],"owner":"WR0JMgR7O","tempHost":"WR0JMgR7O","tempWrite":"WR0JMgR7O","names":["chrome"]}}
[2022-09-30 18:25:06] INFO: user just disconnected
[2022-09-30 18:25:06] INFO: user just connected
[2022-09-30 18:25:06] INFO: rooms:{"abcd":{"ids":["dP*9Vns5S","WR0JMgR7O"],"owner":"WR0JMgR7O","tempHost":"WR0JMgR7O","tempWrite":"WR0JMgR7O","names":["chrome","safari"]}}
[2022-09-30 18:25:06] INFO: socks:{"CpS0elCXBGGh_rgaAAAD":{"userId":"dP*9Vns5S","room":"abcd","userName":"chrome"},"BTp1W_vlGH4dkxklAAAF":{"userId":"WR0JMgR7O","room":"abcd","userName":"safari"}}
[2022-09-30 18:25:06] INFO: Message from:dP*9Vns5S   To room:abcd   Host:WR0JMgR7O
[2022-09-30 18:25:12] INFO: Message from:WR0JMgR7O   To room:abcd   Host:WR0JMgR7O
[2022-09-30 18:25:12] INFO: Message from:WR0JMgR7O   To room:abcd   Host:WR0JMgR7O
[2022-09-30 18:25:12] INFO: Message from:WR0JMgR7O   To room:abcd   Host:WR0JMgR7O
[2022-09-30 18:25:12] INFO: Message from:WR0JMgR7O   To room:abcd   Host:WR0JMgR7O
[2022-09-30 18:25:18] INFO: requestedWrite fordP*9Vns5S in abcd
[2022-09-30 18:25:23] INFO: givenWrite fordP*9Vns5S in abcd
[2022-09-30 18:25:28] INFO: requestedWrite fordP*9Vns5S in abcd
[2022-09-30 18:25:30] INFO: rejectedWrite fordP*9Vns5S in abcd
