[2022-09-21 15:13:58] INFO: Server is up on port 5123
[2022-09-21 15:14:21] INFO: user just connected
[2022-09-21 15:14:27] INFO: {"abcd":{"ids":["C9K#ydg[C"],"host":"C9K#ydg[C","write":"C9K#ydg[C","names":["chrome"]}}
[2022-09-21 15:14:29] INFO: user just connected
[2022-09-21 15:14:34] INFO: {"abcd":{"ids":["C9K#ydg[C","t7B;:Wz=5"],"host":"C9K#ydg[C","write":"C9K#ydg[C","names":["chrome","safari"]}}
[2022-09-21 15:14:34] INFO: Message from:C9K#ydg[C   To room:abcd   Host:C9K#ydg[C
[2022-09-21 15:14:40] INFO: Message from:C9K#ydg[C   To room:abcd   Host:C9K#ydg[C
[2022-09-21 15:14:40] INFO: Message from:C9K#ydg[C   To room:abcd   Host:C9K#ydg[C
[2022-09-21 15:14:41] INFO: Message from:C9K#ydg[C   To room:abcd   Host:C9K#ydg[C
[2022-09-21 15:14:41] INFO: Message from:C9K#ydg[C   To room:abcd   Host:C9K#ydg[C
[2022-09-21 15:14:41] INFO: Message from:C9K#ydg[C   To room:abcd   Host:C9K#ydg[C
[2022-09-21 15:14:41] INFO: Message from:C9K#ydg[C   To room:abcd   Host:C9K#ydg[C
[2022-09-21 15:14:42] INFO: Message from:C9K#ydg[C   To room:abcd   Host:C9K#ydg[C
[2022-09-21 15:14:42] INFO: Message from:C9K#ydg[C   To room:abcd   Host:C9K#ydg[C
[2022-09-21 15:14:42] INFO: Message from:C9K#ydg[C   To room:abcd   Host:C9K#ydg[C
[2022-09-21 15:14:42] INFO: Message from:C9K#ydg[C   To room:abcd   Host:C9K#ydg[C
[2022-09-21 15:14:42] INFO: Message from:C9K#ydg[C   To room:abcd   Host:C9K#ydg[C
[2022-09-21 15:14:44] INFO: {"abcd":{"ids":["t7B;:Wz=5"],"host":"C9K#ydg[C","write":"C9K#ydg[C","names":["safari"]}}
[2022-09-21 15:14:44] INFO: user just disconnected
[2022-09-21 15:14:44] INFO: user just connected
[2022-09-21 15:14:44] INFO: {"abcd":{"ids":["t7B;:Wz=5","C9K#ydg[C"],"host":"C9K#ydg[C","write":"C9K#ydg[C","names":["safari","chrome"]}}
[2022-09-21 15:14:44] INFO: Message from:t7B;:Wz=5   To room:abcd   Host:C9K#ydg[C
[2022-09-21 15:14:46] INFO: Message from:C9K#ydg[C   To room:abcd   Host:C9K#ydg[C
[2022-09-21 15:14:46] INFO: Message from:C9K#ydg[C   To room:abcd   Host:C9K#ydg[C
[2022-09-21 15:14:47] INFO: Message from:C9K#ydg[C   To room:abcd   Host:C9K#ydg[C
[2022-09-21 15:14:47] INFO: Message from:C9K#ydg[C   To room:abcd   Host:C9K#ydg[C
[2022-09-21 15:14:47] INFO: Message from:C9K#ydg[C   To room:abcd   Host:C9K#ydg[C
[2022-09-21 15:14:48] INFO: Message from:C9K#ydg[C   To room:abcd   Host:C9K#ydg[C
[2022-09-21 15:14:48] INFO: Message from:C9K#ydg[C   To room:abcd   Host:C9K#ydg[C
[2022-09-21 15:14:49] INFO: Message from:C9K#ydg[C   To room:abcd   Host:C9K#ydg[C
[2022-09-21 15:14:49] INFO: Message from:C9K#ydg[C   To room:abcd   Host:C9K#ydg[C
[2022-09-21 15:14:51] INFO: Message from:C9K#ydg[C   To room:abcd   Host:C9K#ydg[C
[2022-09-21 15:14:55] INFO: {"abcd":{"ids":["t7B;:Wz=5"],"host":"C9K#ydg[C","write":"C9K#ydg[C","names":["safari"]}}
[2022-09-21 15:14:55] INFO: user just disconnected
[2022-09-21 15:14:56] INFO: {}
[2022-09-21 15:14:56] INFO: user just disconnected
[2022-09-21 15:49:14] INFO: Server is up on port 5123
[2022-09-21 15:49:23] INFO: user just connected
[2022-09-21 15:49:23] INFO: {"abcd":{"ids":["C9K#ydg[C"],"host":"C9K#ydg[C","write":"C9K#ydg[C","names":["chrome"]}}
[2022-09-21 15:49:29] INFO: user just connected
[2022-09-21 15:49:29] INFO: {"abcd":{"ids":["C9K#ydg[C","t7B;:Wz=5"],"host":"C9K#ydg[C","write":"C9K#ydg[C","names":["chrome","safari"]}}
[2022-09-21 15:49:30] INFO: Message from:C9K#ydg[C   To room:abcd   Host:C9K#ydg[C
[2022-09-21 15:49:55] INFO: {"abcd":{"ids":["t7B;:Wz=5"],"host":"C9K#ydg[C","write":"C9K#ydg[C","names":["safari"]}}
[2022-09-21 15:49:55] INFO: user just disconnected
[2022-09-21 15:49:55] INFO: user just connected
[2022-09-21 15:49:55] INFO: {"abcd":{"ids":["t7B;:Wz=5","C9K#ydg[C"],"host":"C9K#ydg[C","write":"C9K#ydg[C","names":["safari","chrome"]}}
[2022-09-21 15:49:55] INFO: Message from:t7B;:Wz=5   To room:abcd   Host:C9K#ydg[C
[2022-09-21 15:49:57] INFO: Message from:C9K#ydg[C   To room:abcd   Host:C9K#ydg[C
[2022-09-21 15:49:57] INFO: Message from:C9K#ydg[C   To room:abcd   Host:C9K#ydg[C
[2022-09-21 15:49:57] INFO: Message from:C9K#ydg[C   To room:abcd   Host:C9K#ydg[C
[2022-09-21 15:49:57] INFO: Message from:C9K#ydg[C   To room:abcd   Host:C9K#ydg[C
[2022-09-21 15:49:57] INFO: Message from:C9K#ydg[C   To room:abcd   Host:C9K#ydg[C
[2022-09-21 15:49:58] INFO: Message from:C9K#ydg[C   To room:abcd   Host:C9K#ydg[C
[2022-09-21 15:49:58] INFO: Message from:C9K#ydg[C   To room:abcd   Host:C9K#ydg[C
[2022-09-21 15:49:58] INFO: Message from:C9K#ydg[C   To room:abcd   Host:C9K#ydg[C
[2022-09-21 15:49:58] INFO: Message from:C9K#ydg[C   To room:abcd   Host:C9K#ydg[C
[2022-09-21 15:49:59] INFO: Message from:C9K#ydg[C   To room:abcd   Host:C9K#ydg[C
[2022-09-21 15:50:47] INFO: Server is up on port 5123
[2022-09-21 15:50:48] INFO: user just connected
[2022-09-21 15:50:48] INFO: {"abcd":{"ids":["C9K#ydg[C"],"host":"C9K#ydg[C","write":"C9K#ydg[C","names":["chrome"]}}
[2022-09-21 15:50:48] INFO: user just connected
[2022-09-21 15:50:48] INFO: {"abcd":{"ids":["C9K#ydg[C","t7B;:Wz=5"],"host":"C9K#ydg[C","write":"C9K#ydg[C","names":["chrome","safari"]}}
[2022-09-21 15:50:48] INFO: Message from:C9K#ydg[C   To room:abcd   Host:C9K#ydg[C
[2022-09-21 15:51:46] INFO: Server is up on port 5123
[2022-09-21 15:51:47] INFO: user just connected
[2022-09-21 15:51:47] INFO: {"abcd":{"ids":["C9K#ydg[C"],"host":"C9K#ydg[C","write":"C9K#ydg[C","names":["chrome"]}}
[2022-09-21 15:51:47] INFO: user just connected
[2022-09-21 15:51:47] INFO: {"abcd":{"ids":["C9K#ydg[C","t7B;:Wz=5"],"host":"C9K#ydg[C","write":"C9K#ydg[C","names":["chrome","safari"]}}
[2022-09-21 15:51:47] INFO: Message from:C9K#ydg[C   To room:abcd   Host:C9K#ydg[C
[2022-09-21 15:52:03] INFO: {"abcd":{"ids":["t7B;:Wz=5"],"host":"C9K#ydg[C","write":"C9K#ydg[C","names":["safari"]}}
[2022-09-21 15:52:03] INFO: user just disconnected
[2022-09-21 15:52:24] INFO: Server is up on port 5123
[2022-09-21 15:52:25] INFO: user just connected
[2022-09-21 15:52:25] INFO: {"abcd":{"ids":["t7B;:Wz=5"],"host":"t7B;:Wz=5","write":"t7B;:Wz=5","names":["safari"]}}
[2022-09-21 15:52:28] INFO: Server is up on port 5123
[2022-09-21 15:52:29] INFO: user just connected
[2022-09-21 15:52:29] INFO: {"abcd":{"ids":["t7B;:Wz=5"],"host":"t7B;:Wz=5","write":"t7B;:Wz=5","names":["safari"]}}
[2022-09-21 15:52:30] INFO: Server is up on port 5123
[2022-09-21 15:52:31] INFO: user just connected
[2022-09-21 15:52:31] INFO: {"abcd":{"ids":["t7B;:Wz=5"],"host":"t7B;:Wz=5","write":"t7B;:Wz=5","names":["safari"]}}
[2022-09-21 15:52:34] INFO: user just connected
[2022-09-21 15:52:34] INFO: {"abcd":{"ids":["t7B;:Wz=5","C9K#ydg[C"],"host":"t7B;:Wz=5","write":"t7B;:Wz=5","names":["safari","chrome"]}}
[2022-09-21 15:52:34] INFO: Message from:t7B;:Wz=5   To room:abcd   Host:t7B;:Wz=5
[2022-09-21 15:52:40] INFO: {"abcd":{"ids":["C9K#ydg[C"],"host":"t7B;:Wz=5","write":"t7B;:Wz=5","names":["chrome"]}}
[2022-09-21 15:52:40] INFO: user just disconnected
[2022-09-21 15:52:40] INFO: user just connected
[2022-09-21 15:52:40] INFO: {"abcd":{"ids":["C9K#ydg[C","t7B;:Wz=5"],"host":"t7B;:Wz=5","write":"t7B;:Wz=5","names":["chrome","safari"]}}
[2022-09-21 15:52:40] INFO: Message from:C9K#ydg[C   To room:abcd   Host:t7B;:Wz=5
[2022-09-21 15:52:44] INFO: {"abcd":{"ids":["t7B;:Wz=5"],"host":"t7B;:Wz=5","write":"t7B;:Wz=5","names":["safari"]}}
[2022-09-21 15:52:44] INFO: user just disconnected
[2022-09-21 15:52:44] INFO: user just connected
[2022-09-21 15:52:44] INFO: {"abcd":{"ids":["t7B;:Wz=5","C9K#ydg[C"],"host":"t7B;:Wz=5","write":"t7B;:Wz=5","names":["safari","chrome"]}}
[2022-09-21 15:52:44] INFO: Message from:t7B;:Wz=5   To room:abcd   Host:t7B;:Wz=5
[2022-09-21 15:54:17] INFO: Server is up on port 5123
[2022-09-21 15:54:19] INFO: user just connected
[2022-09-21 15:54:19] INFO: {"abcd":{"ids":["t7B;:Wz=5"],"host":"t7B;:Wz=5","write":"t7B;:Wz=5","names":["safari"]}}
[2022-09-21 15:54:23] INFO: user just connected
[2022-09-21 15:54:23] INFO: {"abcd":{"ids":["t7B;:Wz=5","C9K#ydg[C"],"host":"t7B;:Wz=5","write":"t7B;:Wz=5","names":["safari","chrome"]}}
[2022-09-21 15:54:23] INFO: Message from:t7B;:Wz=5   To room:abcd   Host:t7B;:Wz=5
[2022-09-21 15:56:27] INFO: Server is up on port 5123
[2022-09-21 15:56:28] INFO: user just connected
[2022-09-21 15:56:28] INFO: {"abcd":{"ids":["t7B;:Wz=5"],"host":"t7B;:Wz=5","write":"t7B;:Wz=5","names":["safari"]}}
[2022-09-21 15:56:29] INFO: user just connected
[2022-09-21 15:56:29] INFO: {"abcd":{"ids":["t7B;:Wz=5","C9K#ydg[C"],"host":"t7B;:Wz=5","write":"t7B;:Wz=5","names":["safari","chrome"]}}
[2022-09-21 15:56:29] INFO: Message from:t7B;:Wz=5   To room:abcd   Host:t7B;:Wz=5
[2022-09-21 15:57:05] INFO: Server is up on port 5123
[2022-09-21 15:57:06] INFO: user just connected
[2022-09-21 15:57:06] INFO: {"abcd":{"ids":["C9K#ydg[C"],"host":"C9K#ydg[C","write":"C9K#ydg[C","names":["chrome"]}}
[2022-09-21 15:57:07] INFO: user just connected
[2022-09-21 15:57:07] INFO: {"abcd":{"ids":["C9K#ydg[C","t7B;:Wz=5"],"host":"C9K#ydg[C","write":"C9K#ydg[C","names":["chrome","safari"]}}
[2022-09-21 15:57:07] INFO: Message from:C9K#ydg[C   To room:abcd   Host:C9K#ydg[C
[2022-09-21 15:57:19] INFO: {"abcd":{"ids":["C9K#ydg[C"],"host":"C9K#ydg[C","write":"C9K#ydg[C","names":["chrome"]}}
[2022-09-21 15:57:19] INFO: user just disconnected
[2022-09-21 15:57:23] INFO: {}
[2022-09-21 15:57:23] INFO: user just disconnected
[2022-09-21 15:57:24] INFO: user just connected
[2022-09-21 15:57:24] INFO: {"abcd":{"ids":["C9K#ydg[C"],"host":"C9K#ydg[C","write":"C9K#ydg[C","names":["chrome"]}}
[2022-09-21 15:57:27] INFO: {}
[2022-09-21 15:57:27] INFO: user just disconnected
[2022-09-21 15:57:27] INFO: user just connected
[2022-09-21 15:57:27] INFO: {"abcd":{"ids":["C9K#ydg[C"],"host":"C9K#ydg[C","write":"C9K#ydg[C","names":["chrome"]}}
[2022-09-21 15:58:37] INFO: Server is up on port 5123
[2022-09-21 15:58:38] INFO: user just connected
[2022-09-21 15:58:39] INFO: {"abcd":{"ids":["C9K#ydg[C"],"host":"C9K#ydg[C","write":"C9K#ydg[C","names":["chrome"]}}
[2022-09-21 15:59:44] INFO: Server is up on port 5123
[2022-09-21 15:59:44] INFO: user just connected
[2022-09-21 15:59:45] INFO: {"abcd":{"ids":["C9K#ydg[C"],"host":"C9K#ydg[C","write":"C9K#ydg[C","names":["chrome"]}}
[2022-09-21 16:00:03] INFO: {}
[2022-09-21 16:00:03] INFO: user just disconnected
[2022-09-21 16:00:03] INFO: user just connected
[2022-09-21 16:00:03] INFO: {"abcd":{"ids":["C9K#ydg[C"],"host":"C9K#ydg[C","write":"C9K#ydg[C","names":["chrome"]}}
[2022-09-21 16:00:15] INFO: user just connected
[2022-09-21 16:00:15] INFO: {"abcd":{"ids":["C9K#ydg[C","t7B;:Wz=5"],"host":"C9K#ydg[C","write":"C9K#ydg[C","names":["chrome","safari"]}}
[2022-09-21 16:00:15] INFO: Message from:C9K#ydg[C   To room:abcd   Host:C9K#ydg[C
[2022-09-21 16:00:20] INFO: {"abcd":{"ids":["C9K#ydg[C"],"host":"C9K#ydg[C","write":"C9K#ydg[C","names":["chrome"]}}
[2022-09-21 16:00:20] INFO: user just disconnected
[2022-09-21 16:00:20] INFO: user just connected
[2022-09-21 16:00:20] INFO: {"abcd":{"ids":["C9K#ydg[C","t7B;:Wz=5"],"host":"C9K#ydg[C","write":"C9K#ydg[C","names":["chrome","safari"]}}
[2022-09-21 16:00:20] INFO: Message from:C9K#ydg[C   To room:abcd   Host:C9K#ydg[C
[2022-09-21 16:01:02] INFO: Server is up on port 5123
[2022-09-21 16:01:03] INFO: user just connected
[2022-09-21 16:01:03] INFO: user just connected
[2022-09-21 16:01:03] INFO: {"abcd":{"ids":["C9K#ydg[C"],"host":"C9K#ydg[C","write":"C9K#ydg[C","names":["chrome"]}}
[2022-09-21 16:01:03] INFO: {"abcd":{"ids":["C9K#ydg[C","t7B;:Wz=5"],"host":"C9K#ydg[C","write":"C9K#ydg[C","names":["chrome","safari"]}}
[2022-09-21 16:01:03] INFO: Message from:C9K#ydg[C   To room:abcd   Host:C9K#ydg[C
[2022-09-21 16:01:06] INFO: {"abcd":{"ids":["t7B;:Wz=5"],"host":"C9K#ydg[C","write":"C9K#ydg[C","names":["safari"]}}
[2022-09-21 16:01:06] INFO: user just disconnected
[2022-09-21 16:01:06] INFO: user just connected
[2022-09-21 16:01:06] INFO: {"abcd":{"ids":["t7B;:Wz=5","C9K#ydg[C"],"host":"C9K#ydg[C","write":"C9K#ydg[C","names":["safari","chrome"]}}
[2022-09-21 16:01:06] INFO: Message from:t7B;:Wz=5   To room:abcd   Host:C9K#ydg[C
[2022-09-21 16:01:10] INFO: {"abcd":{"ids":["C9K#ydg[C"],"host":"C9K#ydg[C","write":"C9K#ydg[C","names":["chrome"]}}
[2022-09-21 16:01:10] INFO: user just disconnected
[2022-09-21 16:01:10] INFO: user just connected
[2022-09-21 16:01:10] INFO: {"abcd":{"ids":["C9K#ydg[C","t7B;:Wz=5"],"host":"C9K#ydg[C","write":"C9K#ydg[C","names":["chrome","safari"]}}
[2022-09-21 16:01:10] INFO: Message from:C9K#ydg[C   To room:abcd   Host:C9K#ydg[C
[2022-09-21 16:01:13] INFO: {"abcd":{"ids":["t7B;:Wz=5"],"host":"C9K#ydg[C","write":"C9K#ydg[C","names":["safari"]}}
[2022-09-21 16:01:13] INFO: user just disconnected
[2022-09-21 16:01:13] INFO: user just connected
[2022-09-21 16:01:13] INFO: {"abcd":{"ids":["t7B;:Wz=5","C9K#ydg[C"],"host":"C9K#ydg[C","write":"C9K#ydg[C","names":["safari","chrome"]}}
[2022-09-21 16:01:13] INFO: Message from:t7B;:Wz=5   To room:abcd   Host:C9K#ydg[C
[2022-09-21 16:01:21] INFO: {"abcd":{"ids":["C9K#ydg[C"],"host":"C9K#ydg[C","write":"C9K#ydg[C","names":["chrome"]}}
[2022-09-21 16:01:21] INFO: user just disconnected
[2022-09-21 16:01:21] INFO: user just connected
[2022-09-21 16:01:21] INFO: {"abcd":{"ids":["C9K#ydg[C","t7B;:Wz=5"],"host":"C9K#ydg[C","write":"C9K#ydg[C","names":["chrome","safari"]}}
[2022-09-21 16:01:21] INFO: Message from:C9K#ydg[C   To room:abcd   Host:C9K#ydg[C
[2022-09-21 16:01:55] INFO: Server is up on port 5123
[2022-09-21 16:01:56] INFO: user just connected
[2022-09-21 16:01:57] INFO: {"abcd":{"ids":["t7B;:Wz=5"],"host":"t7B;:Wz=5","write":"t7B;:Wz=5","names":["safari"]}}
[2022-09-21 16:01:58] INFO: Server is up on port 5123
[2022-09-21 16:01:59] INFO: user just connected
[2022-09-21 16:01:59] INFO: {"abcd":{"ids":["t7B;:Wz=5"],"host":"t7B;:Wz=5","write":"t7B;:Wz=5","names":["safari"]}}
[2022-09-21 16:01:59] INFO: user just connected
[2022-09-21 16:01:59] INFO: {"abcd":{"ids":["t7B;:Wz=5","C9K#ydg[C"],"host":"t7B;:Wz=5","write":"t7B;:Wz=5","names":["safari","chrome"]}}
[2022-09-21 16:01:59] INFO: Message from:t7B;:Wz=5   To room:abcd   Host:t7B;:Wz=5
[2022-09-21 16:02:00] INFO: Server is up on port 5123
[2022-09-21 16:02:01] INFO: user just connected
[2022-09-21 16:02:01] INFO: {"abcd":{"ids":["t7B;:Wz=5"],"host":"t7B;:Wz=5","write":"t7B;:Wz=5","names":["safari"]}}
[2022-09-21 16:02:01] INFO: Server is up on port 5123
[2022-09-21 16:02:01] INFO: user just connected
[2022-09-21 16:02:01] INFO: {"abcd":{"ids":["C9K#ydg[C"],"host":"C9K#ydg[C","write":"C9K#ydg[C","names":["chrome"]}}
[2022-09-21 16:02:03] INFO: Server is up on port 5123
[2022-09-21 16:02:03] INFO: user just connected
[2022-09-21 16:02:04] INFO: {"abcd":{"ids":["C9K#ydg[C"],"host":"C9K#ydg[C","write":"C9K#ydg[C","names":["chrome"]}}
[2022-09-21 16:02:05] INFO: user just connected
[2022-09-21 16:02:05] INFO: {"abcd":{"ids":["C9K#ydg[C","t7B;:Wz=5"],"host":"C9K#ydg[C","write":"C9K#ydg[C","names":["chrome","safari"]}}
[2022-09-21 16:02:05] INFO: Message from:C9K#ydg[C   To room:abcd   Host:C9K#ydg[C
[2022-09-21 16:02:05] INFO: {"abcd":{"ids":["t7B;:Wz=5"],"host":"C9K#ydg[C","write":"C9K#ydg[C","names":["safari"]}}
[2022-09-21 16:02:05] INFO: user just disconnected
[2022-09-21 16:02:05] INFO: user just connected
[2022-09-21 16:02:05] INFO: {"abcd":{"ids":["t7B;:Wz=5","C9K#ydg[C"],"host":"C9K#ydg[C","write":"C9K#ydg[C","names":["safari","chrome"]}}
[2022-09-21 16:02:05] INFO: Message from:t7B;:Wz=5   To room:abcd   Host:C9K#ydg[C
[2022-09-21 16:02:10] INFO: {"abcd":{"ids":["C9K#ydg[C"],"host":"C9K#ydg[C","write":"C9K#ydg[C","names":["chrome"]}}
[2022-09-21 16:02:10] INFO: user just disconnected
[2022-09-21 16:02:11] INFO: user just connected
[2022-09-21 16:02:11] INFO: {"abcd":{"ids":["C9K#ydg[C","t7B;:Wz=5"],"host":"C9K#ydg[C","write":"C9K#ydg[C","names":["chrome","safari"]}}
[2022-09-21 16:02:11] INFO: Message from:C9K#ydg[C   To room:abcd   Host:C9K#ydg[C
[2022-09-21 16:02:16] INFO: {"abcd":{"ids":["t7B;:Wz=5"],"host":"C9K#ydg[C","write":"C9K#ydg[C","names":["safari"]}}
[2022-09-21 16:02:16] INFO: user just disconnected
[2022-09-21 16:02:16] INFO: user just connected
[2022-09-21 16:02:16] INFO: {"abcd":{"ids":["t7B;:Wz=5","C9K#ydg[C"],"host":"C9K#ydg[C","write":"C9K#ydg[C","names":["safari","chrome"]}}
[2022-09-21 16:02:16] INFO: Message from:t7B;:Wz=5   To room:abcd   Host:C9K#ydg[C
[2022-09-21 16:02:47] INFO: {"abcd":{"ids":["t7B;:Wz=5"],"host":"C9K#ydg[C","write":"C9K#ydg[C","names":["safari"]}}
[2022-09-21 16:02:47] INFO: user just disconnected
[2022-09-21 16:02:48] INFO: {}
[2022-09-21 16:02:48] INFO: user just disconnected
[2022-09-21 16:10:43] INFO: Server is up on port 5123
[2022-09-21 16:10:49] INFO: user just connected
[2022-09-21 16:10:49] INFO: {"abcd":{"ids":["C9K#ydg[C"],"host":"C9K#ydg[C","write":"C9K#ydg[C","names":["chrome"]}}
[2022-09-21 16:10:53] INFO: user just connected
[2022-09-21 16:10:53] INFO: {"abcd":{"ids":["C9K#ydg[C","t7B;:Wz=5"],"host":"C9K#ydg[C","write":"C9K#ydg[C","names":["chrome","safari"]}}
[2022-09-21 16:11:21] INFO: Server is up on port 5123
[2022-09-21 16:11:21] INFO: user just connected
[2022-09-21 16:11:21] INFO: {"abcd":{"ids":["t7B;:Wz=5"],"host":"t7B;:Wz=5","write":"t7B;:Wz=5","names":["safari"]}}
[2022-09-21 16:11:22] INFO: user just connected
[2022-09-21 16:11:22] INFO: {"abcd":{"ids":["t7B;:Wz=5","C9K#ydg[C"],"host":"t7B;:Wz=5","write":"t7B;:Wz=5","names":["safari","chrome"]}}
[2022-09-21 16:11:22] INFO: Server is up on port 5123
[2022-09-21 16:11:23] INFO: user just connected
[2022-09-21 16:11:23] INFO: {"abcd":{"ids":["C9K#ydg[C"],"host":"C9K#ydg[C","write":"C9K#ydg[C","names":["chrome"]}}
[2022-09-21 16:11:23] INFO: user just connected
[2022-09-21 16:11:23] INFO: {"abcd":{"ids":["C9K#ydg[C","t7B;:Wz=5"],"host":"C9K#ydg[C","write":"C9K#ydg[C","names":["chrome","safari"]}}
[2022-09-21 16:11:30] INFO: Server is up on port 5123
[2022-09-21 16:11:30] INFO: user just connected
[2022-09-21 16:11:31] INFO: {"abcd":{"ids":["C9K#ydg[C"],"host":"C9K#ydg[C","write":"C9K#ydg[C","names":["chrome"]}}
[2022-09-21 16:11:31] INFO: user just connected
[2022-09-21 16:11:31] INFO: {"abcd":{"ids":["C9K#ydg[C","t7B;:Wz=5"],"host":"C9K#ydg[C","write":"C9K#ydg[C","names":["chrome","safari"]}}
[2022-09-21 16:11:33] INFO: {"abcd":{"ids":["t7B;:Wz=5"],"host":"C9K#ydg[C","write":"C9K#ydg[C","names":["safari"]}}
[2022-09-21 16:11:33] INFO: user just disconnected
[2022-09-21 16:11:34] INFO: user just connected
[2022-09-21 16:11:34] INFO: {"abcd":{"ids":["t7B;:Wz=5","C9K#ydg[C"],"host":"C9K#ydg[C","write":"C9K#ydg[C","names":["safari","chrome"]}}
[2022-09-21 16:11:37] INFO: {"abcd":{"ids":["C9K#ydg[C"],"host":"C9K#ydg[C","write":"C9K#ydg[C","names":["chrome"]}}
[2022-09-21 16:11:37] INFO: user just disconnected
[2022-09-21 16:11:37] INFO: user just connected
[2022-09-21 16:11:37] INFO: {"abcd":{"ids":["C9K#ydg[C","t7B;:Wz=5"],"host":"C9K#ydg[C","write":"C9K#ydg[C","names":["chrome","safari"]}}
[2022-09-21 16:11:52] INFO: Server is up on port 5123
[2022-09-21 16:11:53] INFO: user just connected
[2022-09-21 16:11:53] INFO: {"abcd":{"ids":["t7B;:Wz=5"],"host":"t7B;:Wz=5","write":"t7B;:Wz=5","names":["safari"]}}
[2022-09-21 16:11:54] INFO: user just connected
[2022-09-21 16:11:54] INFO: {"abcd":{"ids":["t7B;:Wz=5","C9K#ydg[C"],"host":"t7B;:Wz=5","write":"t7B;:Wz=5","names":["safari","chrome"]}}
[2022-09-21 16:11:55] INFO: {"abcd":{"ids":["t7B;:Wz=5"],"host":"t7B;:Wz=5","write":"t7B;:Wz=5","names":["safari"]}}
[2022-09-21 16:11:55] INFO: user just disconnected
[2022-09-21 16:11:55] INFO: user just connected
[2022-09-21 16:11:55] INFO: {"abcd":{"ids":["t7B;:Wz=5","C9K#ydg[C"],"host":"t7B;:Wz=5","write":"t7B;:Wz=5","names":["safari","chrome"]}}
[2022-09-21 16:11:57] INFO: {"abcd":{"ids":["C9K#ydg[C"],"host":"t7B;:Wz=5","write":"t7B;:Wz=5","names":["chrome"]}}
[2022-09-21 16:11:57] INFO: user just disconnected
[2022-09-21 16:11:57] INFO: user just connected
[2022-09-21 16:11:57] INFO: {"abcd":{"ids":["C9K#ydg[C","t7B;:Wz=5"],"host":"t7B;:Wz=5","write":"t7B;:Wz=5","names":["chrome","safari"]}}
[2022-09-21 16:12:33] INFO: Server is up on port 5123
[2022-09-21 16:12:33] INFO: user just connected
[2022-09-21 16:12:33] INFO: {"abcd":{"ids":["C9K#ydg[C"],"host":"C9K#ydg[C","write":"C9K#ydg[C","names":["chrome"]}}
[2022-09-21 16:12:35] INFO: user just connected
[2022-09-21 16:12:35] INFO: {"abcd":{"ids":["C9K#ydg[C","t7B;:Wz=5"],"host":"C9K#ydg[C","write":"C9K#ydg[C","names":["chrome","safari"]}}
[2022-09-21 16:12:37] INFO: {"abcd":{"ids":["t7B;:Wz=5"],"host":"C9K#ydg[C","write":"C9K#ydg[C","names":["safari"]}}
[2022-09-21 16:12:37] INFO: user just disconnected
[2022-09-21 16:12:37] INFO: user just connected
[2022-09-21 16:12:37] INFO: {"abcd":{"ids":["t7B;:Wz=5","C9K#ydg[C"],"host":"C9K#ydg[C","write":"C9K#ydg[C","names":["safari","chrome"]}}
[2022-09-21 16:12:39] INFO: {"abcd":{"ids":["C9K#ydg[C"],"host":"C9K#ydg[C","write":"C9K#ydg[C","names":["chrome"]}}
[2022-09-21 16:12:39] INFO: user just disconnected
[2022-09-21 16:12:40] INFO: user just connected
[2022-09-21 16:12:40] INFO: {"abcd":{"ids":["C9K#ydg[C","t7B;:Wz=5"],"host":"C9K#ydg[C","write":"C9K#ydg[C","names":["chrome","safari"]}}
[2022-09-21 16:12:59] INFO: Server is up on port 5123
[2022-09-21 16:13:00] INFO: user just connected
[2022-09-21 16:13:00] INFO: {"abcd":{"ids":["t7B;:Wz=5"],"host":"t7B;:Wz=5","write":"t7B;:Wz=5","names":["safari"]}}
[2022-09-21 16:13:00] INFO: user just connected
[2022-09-21 16:13:00] INFO: {"abcd":{"ids":["t7B;:Wz=5","C9K#ydg[C"],"host":"t7B;:Wz=5","write":"t7B;:Wz=5","names":["safari","chrome"]}}
[2022-09-21 16:13:06] INFO: Server is up on port 5123
[2022-09-21 16:13:07] INFO: user just connected
[2022-09-21 16:13:07] INFO: {"abcd":{"ids":["t7B;:Wz=5"],"host":"t7B;:Wz=5","write":"t7B;:Wz=5","names":["safari"]}}
[2022-09-21 16:13:07] INFO: user just connected
[2022-09-21 16:13:08] INFO: {"abcd":{"ids":["t7B;:Wz=5","C9K#ydg[C"],"host":"t7B;:Wz=5","write":"t7B;:Wz=5","names":["safari","chrome"]}}
[2022-09-21 16:13:09] INFO: {"abcd":{"ids":["t7B;:Wz=5"],"host":"t7B;:Wz=5","write":"t7B;:Wz=5","names":["safari"]}}
[2022-09-21 16:13:09] INFO: user just disconnected
[2022-09-21 16:13:09] INFO: user just connected
[2022-09-21 16:13:09] INFO: {"abcd":{"ids":["t7B;:Wz=5","C9K#ydg[C"],"host":"t7B;:Wz=5","write":"t7B;:Wz=5","names":["safari","chrome"]}}
[2022-09-21 16:13:12] INFO: {"abcd":{"ids":["C9K#ydg[C"],"host":"t7B;:Wz=5","write":"t7B;:Wz=5","names":["chrome"]}}
[2022-09-21 16:13:12] INFO: user just disconnected
[2022-09-21 16:13:12] INFO: user just connected
[2022-09-21 16:13:12] INFO: {"abcd":{"ids":["C9K#ydg[C","t7B;:Wz=5"],"host":"t7B;:Wz=5","write":"t7B;:Wz=5","names":["chrome","safari"]}}
[2022-09-21 16:13:31] INFO: Server is up on port 5123
[2022-09-21 16:13:32] INFO: user just connected
[2022-09-21 16:13:32] INFO: {"abcd":{"ids":["C9K#ydg[C"],"host":"C9K#ydg[C","write":"C9K#ydg[C","names":["chrome"]}}
[2022-09-21 16:13:32] INFO: user just connected
[2022-09-21 16:13:32] INFO: {"abcd":{"ids":["C9K#ydg[C","t7B;:Wz=5"],"host":"C9K#ydg[C","write":"C9K#ydg[C","names":["chrome","safari"]}}
[2022-09-21 16:13:37] INFO: Server is up on port 5123
[2022-09-21 16:13:39] INFO: user just connected
[2022-09-21 16:13:39] INFO: user just connected
[2022-09-21 16:13:39] INFO: {"abcd":{"ids":["C9K#ydg[C"],"host":"C9K#ydg[C","write":"C9K#ydg[C","names":["chrome"]}}
[2022-09-21 16:13:39] INFO: {"abcd":{"ids":["C9K#ydg[C","t7B;:Wz=5"],"host":"C9K#ydg[C","write":"C9K#ydg[C","names":["chrome","safari"]}}
[2022-09-21 16:14:00] INFO: Server is up on port 5123
[2022-09-21 16:14:00] INFO: user just connected
[2022-09-21 16:14:01] INFO: {"abcd":{"ids":["C9K#ydg[C"],"host":"C9K#ydg[C","write":"C9K#ydg[C","names":["chrome"]}}
[2022-09-21 16:14:02] INFO: user just connected
[2022-09-21 16:14:02] INFO: {"abcd":{"ids":["C9K#ydg[C","t7B;:Wz=5"],"host":"C9K#ydg[C","write":"C9K#ydg[C","names":["chrome","safari"]}}
[2022-09-21 16:14:35] INFO: Server is up on port 5123
[2022-09-21 16:14:36] INFO: user just connected
[2022-09-21 16:14:36] INFO: {"abcd":{"ids":["t7B;:Wz=5"],"host":"t7B;:Wz=5","write":"t7B;:Wz=5","names":["safari"]}}
[2022-09-21 16:14:36] INFO: user just connected
[2022-09-21 16:14:36] INFO: {"abcd":{"ids":["t7B;:Wz=5","C9K#ydg[C"],"host":"t7B;:Wz=5","write":"t7B;:Wz=5","names":["safari","chrome"]}}
[2022-09-21 16:14:37] INFO: Server is up on port 5123
[2022-09-21 16:14:37] INFO: user just connected
[2022-09-21 16:14:37] INFO: {"abcd":{"ids":["C9K#ydg[C"],"host":"C9K#ydg[C","write":"C9K#ydg[C","names":["chrome"]}}
[2022-09-21 16:14:40] INFO: user just connected
[2022-09-21 16:14:40] INFO: {"abcd":{"ids":["C9K#ydg[C","t7B;:Wz=5"],"host":"C9K#ydg[C","write":"C9K#ydg[C","names":["chrome","safari"]}}
[2022-09-21 16:15:01] INFO: Server is up on port 5123
[2022-09-21 16:15:01] INFO: user just connected
[2022-09-21 16:15:01] INFO: {"abcd":{"ids":["C9K#ydg[C"],"host":"C9K#ydg[C","write":"C9K#ydg[C","names":["chrome"]}}
[2022-09-21 16:15:02] INFO: user just connected
[2022-09-21 16:15:02] INFO: {"abcd":{"ids":["C9K#ydg[C","t7B;:Wz=5"],"host":"C9K#ydg[C","write":"C9K#ydg[C","names":["chrome","safari"]}}
[2022-09-21 16:15:03] INFO: Server is up on port 5123
[2022-09-21 16:15:03] INFO: user just connected
[2022-09-21 16:15:03] INFO: {"abcd":{"ids":["t7B;:Wz=5"],"host":"t7B;:Wz=5","write":"t7B;:Wz=5","names":["safari"]}}
[2022-09-21 16:15:03] INFO: user just connected
[2022-09-21 16:15:03] INFO: {"abcd":{"ids":["t7B;:Wz=5","C9K#ydg[C"],"host":"t7B;:Wz=5","write":"t7B;:Wz=5","names":["safari","chrome"]}}
[2022-09-21 16:15:06] INFO: Server is up on port 5123
[2022-09-21 16:15:06] INFO: user just connected
[2022-09-21 16:15:06] INFO: {"abcd":{"ids":["C9K#ydg[C"],"host":"C9K#ydg[C","write":"C9K#ydg[C","names":["chrome"]}}
[2022-09-21 16:15:07] INFO: user just connected
[2022-09-21 16:15:07] INFO: {"abcd":{"ids":["C9K#ydg[C","t7B;:Wz=5"],"host":"C9K#ydg[C","write":"C9K#ydg[C","names":["chrome","safari"]}}
[2022-09-21 16:15:11] INFO: Server is up on port 5123
[2022-09-21 16:15:11] INFO: user just connected
[2022-09-21 16:15:11] INFO: user just connected
[2022-09-21 16:15:11] INFO: {"abcd":{"ids":["t7B;:Wz=5"],"host":"t7B;:Wz=5","write":"t7B;:Wz=5","names":["safari"]}}
[2022-09-21 16:15:11] INFO: {"abcd":{"ids":["t7B;:Wz=5","C9K#ydg[C"],"host":"t7B;:Wz=5","write":"t7B;:Wz=5","names":["safari","chrome"]}}
[2022-09-21 16:15:18] INFO: {"abcd":{"ids":["t7B;:Wz=5"],"host":"t7B;:Wz=5","write":"t7B;:Wz=5","names":["safari"]}}
[2022-09-21 16:15:18] INFO: user just disconnected
[2022-09-21 16:15:18] INFO: user just connected
[2022-09-21 16:15:18] INFO: {"abcd":{"ids":["t7B;:Wz=5","C9K#ydg[C"],"host":"t7B;:Wz=5","write":"t7B;:Wz=5","names":["safari","chrome"]}}
[2022-09-21 16:15:20] INFO: {"abcd":{"ids":["C9K#ydg[C"],"host":"t7B;:Wz=5","write":"t7B;:Wz=5","names":["chrome"]}}
[2022-09-21 16:15:20] INFO: user just disconnected
[2022-09-21 16:15:20] INFO: user just connected
[2022-09-21 16:15:20] INFO: {"abcd":{"ids":["C9K#ydg[C","t7B;:Wz=5"],"host":"t7B;:Wz=5","write":"t7B;:Wz=5","names":["chrome","safari"]}}
[2022-09-21 16:15:42] INFO: Server is up on port 5123
[2022-09-21 16:15:43] INFO: user just connected
[2022-09-21 16:15:43] INFO: {"abcd":{"ids":["t7B;:Wz=5"],"host":"t7B;:Wz=5","write":"t7B;:Wz=5","names":["safari"]}}
[2022-09-21 16:15:43] INFO: user just connected
[2022-09-21 16:15:44] INFO: {"abcd":{"ids":["t7B;:Wz=5","C9K#ydg[C"],"host":"t7B;:Wz=5","write":"t7B;:Wz=5","names":["safari","chrome"]}}
[2022-09-21 16:15:47] INFO: Server is up on port 5123
[2022-09-21 16:15:47] INFO: user just connected
[2022-09-21 16:15:47] INFO: user just connected
[2022-09-21 16:15:48] INFO: {"abcd":{"ids":["C9K#ydg[C"],"host":"C9K#ydg[C","write":"C9K#ydg[C","names":["chrome"]}}
[2022-09-21 16:15:48] INFO: {"abcd":{"ids":["C9K#ydg[C","t7B;:Wz=5"],"host":"C9K#ydg[C","write":"C9K#ydg[C","names":["chrome","safari"]}}
[2022-09-21 16:15:51] INFO: Server is up on port 5123
[2022-09-21 16:15:53] INFO: user just connected
[2022-09-21 16:15:53] INFO: {"abcd":{"ids":["C9K#ydg[C"],"host":"C9K#ydg[C","write":"C9K#ydg[C","names":["chrome"]}}
[2022-09-21 16:15:54] INFO: user just connected
[2022-09-21 16:15:54] INFO: {"abcd":{"ids":["C9K#ydg[C","t7B;:Wz=5"],"host":"C9K#ydg[C","write":"C9K#ydg[C","names":["chrome","safari"]}}
[2022-09-21 16:16:10] INFO: Server is up on port 5123
[2022-09-21 16:16:11] INFO: user just connected
[2022-09-21 16:16:12] INFO: {"abcd":{"ids":["t7B;:Wz=5"],"host":"t7B;:Wz=5","write":"t7B;:Wz=5","names":["safari"]}}
[2022-09-21 16:16:12] INFO: user just connected
[2022-09-21 16:16:12] INFO: {"abcd":{"ids":["t7B;:Wz=5","C9K#ydg[C"],"host":"t7B;:Wz=5","write":"t7B;:Wz=5","names":["safari","chrome"]}}
[2022-09-21 16:17:43] INFO: Server is up on port 5123
[2022-09-21 16:17:43] INFO: user just connected
[2022-09-21 16:17:43] INFO: {"abcd":{"ids":["t7B;:Wz=5"],"host":"t7B;:Wz=5","write":"t7B;:Wz=5","names":["safari"]}}
[2022-09-21 16:17:47] INFO: user just connected
[2022-09-21 16:17:48] INFO: {"abcd":{"ids":["t7B;:Wz=5","C9K#ydg[C"],"host":"t7B;:Wz=5","write":"t7B;:Wz=5","names":["safari","chrome"]}}
[2022-09-21 16:17:52] INFO: {"abcd":{"ids":["C9K#ydg[C"],"host":"t7B;:Wz=5","write":"t7B;:Wz=5","names":["chrome"]}}
[2022-09-21 16:17:52] INFO: user just disconnected
[2022-09-21 16:17:52] INFO: user just connected
[2022-09-21 16:17:52] INFO: {"abcd":{"ids":["C9K#ydg[C","t7B;:Wz=5"],"host":"t7B;:Wz=5","write":"t7B;:Wz=5","names":["chrome","safari"]}}
[2022-09-21 16:17:57] INFO: {"abcd":{"ids":["t7B;:Wz=5"],"host":"t7B;:Wz=5","write":"t7B;:Wz=5","names":["safari"]}}
[2022-09-21 16:17:57] INFO: user just disconnected
[2022-09-21 16:17:57] INFO: user just connected
[2022-09-21 16:17:57] INFO: {"abcd":{"ids":["t7B;:Wz=5","C9K#ydg[C"],"host":"t7B;:Wz=5","write":"t7B;:Wz=5","names":["safari","chrome"]}}
[2022-09-21 16:18:32] INFO: Server is up on port 5123
[2022-09-21 16:18:33] INFO: user just connected
[2022-09-21 16:18:33] INFO: {"abcd":{"ids":["t7B;:Wz=5"],"host":"t7B;:Wz=5","write":"t7B;:Wz=5","names":["safari"]}}
[2022-09-21 16:18:33] INFO: user just connected
[2022-09-21 16:18:34] INFO: {"abcd":{"ids":["t7B;:Wz=5","C9K#ydg[C"],"host":"t7B;:Wz=5","write":"t7B;:Wz=5","names":["safari","chrome"]}}
[2022-09-21 16:18:35] INFO: Server is up on port 5123
[2022-09-21 16:18:35] INFO: user just connected
[2022-09-21 16:18:35] INFO: {"abcd":{"ids":["C9K#ydg[C"],"host":"C9K#ydg[C","write":"C9K#ydg[C","names":["chrome"]}}
[2022-09-21 16:18:36] INFO: user just connected
[2022-09-21 16:18:36] INFO: {"abcd":{"ids":["C9K#ydg[C","t7B;:Wz=5"],"host":"C9K#ydg[C","write":"C9K#ydg[C","names":["chrome","safari"]}}
[2022-09-21 16:18:41] INFO: {"abcd":{"ids":["C9K#ydg[C"],"host":"C9K#ydg[C","write":"C9K#ydg[C","names":["chrome"]}}
[2022-09-21 16:18:41] INFO: user just disconnected
[2022-09-21 16:18:41] INFO: user just connected
[2022-09-21 16:18:41] INFO: {"abcd":{"ids":["C9K#ydg[C","t7B;:Wz=5"],"host":"C9K#ydg[C","write":"C9K#ydg[C","names":["chrome","safari"]}}
[2022-09-21 16:18:45] INFO: {"abcd":{"ids":["t7B;:Wz=5"],"host":"C9K#ydg[C","write":"C9K#ydg[C","names":["safari"]}}
[2022-09-21 16:18:45] INFO: user just disconnected
[2022-09-21 16:18:45] INFO: user just connected
[2022-09-21 16:18:45] INFO: {"abcd":{"ids":["t7B;:Wz=5","C9K#ydg[C"],"host":"C9K#ydg[C","write":"C9K#ydg[C","names":["safari","chrome"]}}
[2022-09-21 16:19:01] INFO: Server is up on port 5123
[2022-09-21 16:19:01] INFO: user just connected
[2022-09-21 16:19:01] INFO: {"abcd":{"ids":["C9K#ydg[C"],"host":"C9K#ydg[C","write":"C9K#ydg[C","names":["chrome"]}}
[2022-09-21 16:19:02] INFO: user just connected
[2022-09-21 16:19:02] INFO: {"abcd":{"ids":["C9K#ydg[C","t7B;:Wz=5"],"host":"C9K#ydg[C","write":"C9K#ydg[C","names":["chrome","safari"]}}
[2022-09-21 16:19:07] INFO: Server is up on port 5123
[2022-09-21 16:19:08] INFO: user just connected
[2022-09-21 16:19:08] INFO: user just connected
[2022-09-21 16:19:09] INFO: Server is up on port 5123
[2022-09-21 16:19:09] INFO: user just connected
[2022-09-21 16:19:09] INFO: {"abcd":{"ids":["t7B;:Wz=5"],"host":"t7B;:Wz=5","write":"t7B;:Wz=5","names":["safari"]}}
[2022-09-21 16:19:10] INFO: Server is up on port 5123
[2022-09-21 16:19:11] INFO: user just connected
[2022-09-21 16:19:11] INFO: {"abcd":{"ids":["t7B;:Wz=5"],"host":"t7B;:Wz=5","write":"t7B;:Wz=5","names":["safari"]}}
[2022-09-21 16:19:12] INFO: Server is up on port 5123
[2022-09-21 16:19:12] INFO: user just connected
[2022-09-21 16:19:12] INFO: {"abcd":{"ids":["C9K#ydg[C"],"host":"C9K#ydg[C","write":"C9K#ydg[C","names":["chrome"]}}
[2022-09-21 16:19:13] INFO: Server is up on port 5123
[2022-09-21 16:19:14] INFO: user just connected
[2022-09-21 16:19:14] INFO: {"abcd":{"ids":["C9K#ydg[C"],"host":"C9K#ydg[C","write":"C9K#ydg[C","names":["chrome"]}}
[2022-09-21 16:19:14] INFO: user just connected
[2022-09-21 16:19:14] INFO: {"abcd":{"ids":["C9K#ydg[C","t7B;:Wz=5"],"host":"C9K#ydg[C","write":"C9K#ydg[C","names":["chrome","safari"]}}
[2022-09-21 16:19:18] INFO: Server is up on port 5123
[2022-09-21 16:19:18] INFO: user just connected
[2022-09-21 16:19:18] INFO: {"abcd":{"ids":["C9K#ydg[C"],"host":"C9K#ydg[C","write":"C9K#ydg[C","names":["chrome"]}}
[2022-09-21 16:19:19] INFO: user just connected
[2022-09-21 16:19:19] INFO: {"abcd":{"ids":["C9K#ydg[C","t7B;:Wz=5"],"host":"C9K#ydg[C","write":"C9K#ydg[C","names":["chrome","safari"]}}
[2022-09-21 16:19:24] INFO: {"abcd":{"ids":["C9K#ydg[C"],"host":"C9K#ydg[C","write":"C9K#ydg[C","names":["chrome"]}}
[2022-09-21 16:19:24] INFO: user just disconnected
[2022-09-21 16:19:24] INFO: user just connected
[2022-09-21 16:19:25] INFO: {"abcd":{"ids":["C9K#ydg[C","t7B;:Wz=5"],"host":"C9K#ydg[C","write":"C9K#ydg[C","names":["chrome","safari"]}}
[2022-09-21 16:19:27] INFO: {"abcd":{"ids":["t7B;:Wz=5"],"host":"C9K#ydg[C","write":"C9K#ydg[C","names":["safari"]}}
[2022-09-21 16:19:27] INFO: user just disconnected
[2022-09-21 16:19:27] INFO: user just connected
[2022-09-21 16:19:27] INFO: {"abcd":{"ids":["t7B;:Wz=5","C9K#ydg[C"],"host":"C9K#ydg[C","write":"C9K#ydg[C","names":["safari","chrome"]}}
[2022-09-21 16:19:56] INFO: Server is up on port 5123
[2022-09-21 16:19:56] INFO: user just connected
[2022-09-21 16:19:56] INFO: user just connected
[2022-09-21 16:19:56] INFO: {"abcd":{"ids":["C9K#ydg[C"],"host":"C9K#ydg[C","write":"C9K#ydg[C","names":["chrome"]}}
[2022-09-21 16:19:56] INFO: {"abcd":{"ids":["C9K#ydg[C","t7B;:Wz=5"],"host":"C9K#ydg[C","write":"C9K#ydg[C","names":["chrome","safari"]}}
[2022-09-21 16:20:12] INFO: Server is up on port 5123
[2022-09-21 16:20:12] INFO: user just connected
[2022-09-21 16:20:12] INFO: {"abcd":{"ids":["t7B;:Wz=5"],"host":"t7B;:Wz=5","write":"t7B;:Wz=5","names":["safari"]}}
[2022-09-21 16:20:13] INFO: user just connected
[2022-09-21 16:20:13] INFO: {"abcd":{"ids":["t7B;:Wz=5","C9K#ydg[C"],"host":"t7B;:Wz=5","write":"t7B;:Wz=5","names":["safari","chrome"]}}
[2022-09-21 16:20:25] INFO: Server is up on port 5123
[2022-09-21 16:20:25] INFO: user just connected
[2022-09-21 16:20:25] INFO: {"abcd":{"ids":["C9K#ydg[C"],"host":"C9K#ydg[C","write":"C9K#ydg[C","names":["chrome"]}}
[2022-09-21 16:20:26] INFO: user just connected
[2022-09-21 16:20:26] INFO: {"abcd":{"ids":["C9K#ydg[C","t7B;:Wz=5"],"host":"C9K#ydg[C","write":"C9K#ydg[C","names":["chrome","safari"]}}
[2022-09-21 16:20:27] INFO: Server is up on port 5123
[2022-09-21 16:20:27] INFO: user just connected
[2022-09-21 16:20:27] INFO: user just connected
[2022-09-21 16:20:27] INFO: {"abcd":{"ids":["t7B;:Wz=5"],"host":"t7B;:Wz=5","write":"t7B;:Wz=5","names":["safari"]}}
[2022-09-21 16:20:27] INFO: {"abcd":{"ids":["t7B;:Wz=5","C9K#ydg[C"],"host":"t7B;:Wz=5","write":"t7B;:Wz=5","names":["safari","chrome"]}}
[2022-09-21 16:20:34] INFO: Server is up on port 5123
[2022-09-21 16:20:34] INFO: user just connected
[2022-09-21 16:20:34] INFO: {"abcd":{"ids":["C9K#ydg[C"],"host":"C9K#ydg[C","write":"C9K#ydg[C","names":["chrome"]}}
[2022-09-21 16:20:38] INFO: user just connected
[2022-09-21 16:20:38] INFO: {"abcd":{"ids":["C9K#ydg[C","t7B;:Wz=5"],"host":"C9K#ydg[C","write":"C9K#ydg[C","names":["chrome","safari"]}}
[2022-09-21 16:20:39] INFO: {"abcd":{"ids":["C9K#ydg[C"],"host":"C9K#ydg[C","write":"C9K#ydg[C","names":["chrome"]}}
[2022-09-21 16:20:39] INFO: user just disconnected
[2022-09-21 16:20:39] INFO: user just connected
[2022-09-21 16:20:39] INFO: {"abcd":{"ids":["C9K#ydg[C","t7B;:Wz=5"],"host":"C9K#ydg[C","write":"C9K#ydg[C","names":["chrome","safari"]}}
[2022-09-21 16:20:43] INFO: {"abcd":{"ids":["t7B;:Wz=5"],"host":"C9K#ydg[C","write":"C9K#ydg[C","names":["safari"]}}
[2022-09-21 16:20:43] INFO: user just disconnected
[2022-09-21 16:20:43] INFO: user just connected
[2022-09-21 16:20:43] INFO: {"abcd":{"ids":["t7B;:Wz=5","C9K#ydg[C"],"host":"C9K#ydg[C","write":"C9K#ydg[C","names":["safari","chrome"]}}
[2022-09-21 16:21:16] INFO: Server is up on port 5123
[2022-09-21 16:21:17] INFO: user just connected
[2022-09-21 16:21:17] INFO: {"abcd":{"ids":["C9K#ydg[C"],"host":"C9K#ydg[C","write":"C9K#ydg[C","names":["chrome"]}}
[2022-09-21 16:21:17] INFO: user just connected
[2022-09-21 16:21:17] INFO: {"abcd":{"ids":["C9K#ydg[C","t7B;:Wz=5"],"host":"C9K#ydg[C","write":"C9K#ydg[C","names":["chrome","safari"]}}
[2022-09-21 16:21:18] INFO: Server is up on port 5123
[2022-09-21 16:21:19] INFO: user just connected
[2022-09-21 16:21:19] INFO: {"abcd":{"ids":["C9K#ydg[C"],"host":"C9K#ydg[C","write":"C9K#ydg[C","names":["chrome"]}}
[2022-09-21 16:21:19] INFO: Server is up on port 5123
[2022-09-21 16:21:20] INFO: user just connected
[2022-09-21 16:21:20] INFO: {"abcd":{"ids":["C9K#ydg[C"],"host":"C9K#ydg[C","write":"C9K#ydg[C","names":["chrome"]}}
[2022-09-21 16:21:22] INFO: user just connected
[2022-09-21 16:21:22] INFO: {"abcd":{"ids":["C9K#ydg[C","t7B;:Wz=5"],"host":"C9K#ydg[C","write":"C9K#ydg[C","names":["chrome","safari"]}}
[2022-09-21 16:21:22] INFO: Message from:C9K#ydg[C   To room:abcd   Host:C9K#ydg[C
[2022-09-21 16:21:25] INFO: {"abcd":{"ids":["C9K#ydg[C"],"host":"C9K#ydg[C","write":"C9K#ydg[C","names":["chrome"]}}
[2022-09-21 16:21:25] INFO: user just disconnected
[2022-09-21 16:21:25] INFO: user just connected
[2022-09-21 16:21:25] INFO: {"abcd":{"ids":["C9K#ydg[C","t7B;:Wz=5"],"host":"C9K#ydg[C","write":"C9K#ydg[C","names":["chrome","safari"]}}
[2022-09-21 16:21:25] INFO: Message from:C9K#ydg[C   To room:abcd   Host:C9K#ydg[C
[2022-09-21 16:21:27] INFO: {"abcd":{"ids":["t7B;:Wz=5"],"host":"C9K#ydg[C","write":"C9K#ydg[C","names":["safari"]}}
[2022-09-21 16:21:27] INFO: user just disconnected
[2022-09-21 16:21:28] INFO: user just connected
[2022-09-21 16:21:28] INFO: {"abcd":{"ids":["t7B;:Wz=5","C9K#ydg[C"],"host":"C9K#ydg[C","write":"C9K#ydg[C","names":["safari","chrome"]}}
[2022-09-21 16:21:28] INFO: Message from:t7B;:Wz=5   To room:abcd   Host:C9K#ydg[C
[2022-09-21 16:21:30] INFO: Message from:C9K#ydg[C   To room:abcd   Host:C9K#ydg[C
[2022-09-21 16:21:30] INFO: Message from:C9K#ydg[C   To room:abcd   Host:C9K#ydg[C
[2022-09-21 16:21:31] INFO: Message from:C9K#ydg[C   To room:abcd   Host:C9K#ydg[C
[2022-09-21 16:21:31] INFO: Message from:C9K#ydg[C   To room:abcd   Host:C9K#ydg[C
[2022-09-21 16:21:31] INFO: Message from:C9K#ydg[C   To room:abcd   Host:C9K#ydg[C
[2022-09-21 16:21:32] INFO: Message from:C9K#ydg[C   To room:abcd   Host:C9K#ydg[C
[2022-09-21 16:21:32] INFO: Message from:C9K#ydg[C   To room:abcd   Host:C9K#ydg[C
[2022-09-21 16:21:32] INFO: Message from:C9K#ydg[C   To room:abcd   Host:C9K#ydg[C
[2022-09-21 16:21:34] INFO: Message from:C9K#ydg[C   To room:abcd   Host:C9K#ydg[C
[2022-09-21 16:21:34] INFO: Message from:C9K#ydg[C   To room:abcd   Host:C9K#ydg[C
[2022-09-21 16:21:35] INFO: Message from:C9K#ydg[C   To room:abcd   Host:C9K#ydg[C
[2022-09-21 16:21:35] INFO: Message from:C9K#ydg[C   To room:abcd   Host:C9K#ydg[C
[2022-09-21 16:21:37] INFO: Message from:C9K#ydg[C   To room:abcd   Host:C9K#ydg[C
[2022-09-21 16:21:37] INFO: Message from:C9K#ydg[C   To room:abcd   Host:C9K#ydg[C
[2022-09-21 16:21:37] INFO: Message from:C9K#ydg[C   To room:abcd   Host:C9K#ydg[C
[2022-09-21 16:22:25] INFO: Server is up on port 5123
[2022-09-21 16:22:27] INFO: user just connected
[2022-09-21 16:22:27] INFO: {"abcd":{"ids":["t7B;:Wz=5"],"host":"t7B;:Wz=5","write":"t7B;:Wz=5","names":["safari"]}}
[2022-09-21 16:22:30] INFO: {}
[2022-09-21 16:22:30] INFO: user just disconnected
[2022-09-21 16:22:30] INFO: user just connected
[2022-09-21 16:22:30] INFO: {"abcd":{"ids":["t7B;:Wz=5"],"host":"t7B;:Wz=5","write":"t7B;:Wz=5","names":["safari"]}}
[2022-09-21 16:22:30] INFO: user just connected
[2022-09-21 16:22:30] INFO: {"abcd":{"ids":["t7B;:Wz=5","C9K#ydg[C"],"host":"t7B;:Wz=5","write":"t7B;:Wz=5","names":["safari","chrome"]}}
[2022-09-21 16:22:30] INFO: Message from:t7B;:Wz=5   To room:abcd   Host:t7B;:Wz=5
[2022-09-21 16:22:32] INFO: {"abcd":{"ids":["t7B;:Wz=5"],"host":"t7B;:Wz=5","write":"t7B;:Wz=5","names":["safari"]}}
[2022-09-21 16:22:32] INFO: user just disconnected
[2022-09-21 16:22:32] INFO: user just connected
[2022-09-21 16:22:32] INFO: {"abcd":{"ids":["t7B;:Wz=5","C9K#ydg[C"],"host":"t7B;:Wz=5","write":"t7B;:Wz=5","names":["safari","chrome"]}}
[2022-09-21 16:22:32] INFO: Message from:t7B;:Wz=5   To room:abcd   Host:t7B;:Wz=5
[2022-09-21 16:22:37] INFO: Message from:t7B;:Wz=5   To room:abcd   Host:t7B;:Wz=5
[2022-09-21 16:22:37] INFO: Message from:t7B;:Wz=5   To room:abcd   Host:t7B;:Wz=5
[2022-09-21 16:22:37] INFO: Message from:t7B;:Wz=5   To room:abcd   Host:t7B;:Wz=5
[2022-09-21 16:22:38] INFO: Message from:t7B;:Wz=5   To room:abcd   Host:t7B;:Wz=5
[2022-09-21 16:22:38] INFO: Message from:t7B;:Wz=5   To room:abcd   Host:t7B;:Wz=5
[2022-09-21 16:22:38] INFO: Message from:t7B;:Wz=5   To room:abcd   Host:t7B;:Wz=5
[2022-09-21 16:22:38] INFO: Message from:t7B;:Wz=5   To room:abcd   Host:t7B;:Wz=5
[2022-09-21 16:22:38] INFO: Message from:t7B;:Wz=5   To room:abcd   Host:t7B;:Wz=5
[2022-09-21 16:22:39] INFO: Message from:t7B;:Wz=5   To room:abcd   Host:t7B;:Wz=5
[2022-09-21 16:22:39] INFO: Message from:t7B;:Wz=5   To room:abcd   Host:t7B;:Wz=5
[2022-09-21 16:22:39] INFO: Message from:t7B;:Wz=5   To room:abcd   Host:t7B;:Wz=5
[2022-09-21 16:22:39] INFO: Message from:t7B;:Wz=5   To room:abcd   Host:t7B;:Wz=5
[2022-09-21 16:22:40] INFO: Message from:t7B;:Wz=5   To room:abcd   Host:t7B;:Wz=5
[2022-09-21 16:22:40] INFO: Message from:t7B;:Wz=5   To room:abcd   Host:t7B;:Wz=5
[2022-09-21 16:22:41] INFO: Message from:t7B;:Wz=5   To room:abcd   Host:t7B;:Wz=5
[2022-09-21 16:22:41] INFO: Message from:t7B;:Wz=5   To room:abcd   Host:t7B;:Wz=5
[2022-09-21 16:22:42] INFO: Message from:t7B;:Wz=5   To room:abcd   Host:t7B;:Wz=5
[2022-09-21 16:22:43] INFO: Message from:t7B;:Wz=5   To room:abcd   Host:t7B;:Wz=5
[2022-09-21 16:22:43] INFO: Message from:t7B;:Wz=5   To room:abcd   Host:t7B;:Wz=5
[2022-09-21 16:23:34] INFO: Server is up on port 5123
[2022-09-21 16:23:34] INFO: user just connected
[2022-09-21 16:23:34] INFO: {"abcd":{"ids":["C9K#ydg[C"],"host":"C9K#ydg[C","write":"C9K#ydg[C","names":["chrome"]}}
[2022-09-21 16:23:35] INFO: user just connected
[2022-09-21 16:23:35] INFO: {"abcd":{"ids":["C9K#ydg[C","t7B;:Wz=5"],"host":"C9K#ydg[C","write":"C9K#ydg[C","names":["chrome","safari"]}}
[2022-09-21 16:23:35] INFO: Message from:C9K#ydg[C   To room:abcd   Host:C9K#ydg[C
