[2022-10-03 11:10:19] INFO: Server is up on port 5123
[2022-10-03 11:10:31] INFO: user just connected
[2022-10-03 11:10:37] INFO: rooms:{"abcd":{"ids":["4o[eLNWpp"],"owner":"4o[eLNWpp","tempHost":"4o[eLNWpp","tempWrite":"4o[eLNWpp","names":["safari"]}}
[2022-10-03 11:10:37] INFO: socks:{"bkzgA6TTsORE1esUAAAB":{"userId":"4o[eLNWpp","room":"abcd","userName":"safari"}}
[2022-10-03 11:10:39] INFO: user just connected
[2022-10-03 11:10:42] INFO: rooms:{"abcd":{"ids":["4o[eLNWpp","CEcoJ5Dfo"],"owner":"4o[eLNWpp","tempHost":"4o[eLNWpp","tempWrite":"4o[eLNWpp","names":["safari","chrome"]}}
[2022-10-03 11:10:42] INFO: socks:{"bkzgA6TTsORE1esUAAAB":{"userId":"4o[eLNWpp","room":"abcd","userName":"safari"},"fYd07_xb2w_8zQhKAAAD":{"userId":"CEcoJ5Dfo","room":"abcd","userName":"chrome"}}
[2022-10-03 11:10:42] INFO: Message from:4o[eLNWpp   To room:abcd   Host:4o[eLNWpp
[2022-10-03 11:10:46] INFO: Message from:4o[eLNWpp   To room:abcd   Host:4o[eLNWpp
[2022-10-03 11:10:46] INFO: Message from:4o[eLNWpp   To room:abcd   Host:4o[eLNWpp
[2022-10-03 11:10:47] INFO: Message from:4o[eLNWpp   To room:abcd   Host:4o[eLNWpp
[2022-10-03 11:10:47] INFO: Message from:4o[eLNWpp   To room:abcd   Host:4o[eLNWpp
[2022-10-03 11:10:47] INFO: Message from:4o[eLNWpp   To room:abcd   Host:4o[eLNWpp
[2022-10-03 11:10:47] INFO: Message from:4o[eLNWpp   To room:abcd   Host:4o[eLNWpp
[2022-10-03 11:10:47] INFO: Message from:4o[eLNWpp   To room:abcd   Host:4o[eLNWpp
[2022-10-03 11:10:47] INFO: Message from:4o[eLNWpp   To room:abcd   Host:4o[eLNWpp
[2022-10-03 11:10:47] INFO: Message from:4o[eLNWpp   To room:abcd   Host:4o[eLNWpp
[2022-10-03 11:10:47] INFO: Message from:4o[eLNWpp   To room:abcd   Host:4o[eLNWpp
[2022-10-03 11:10:48] INFO: Message from:4o[eLNWpp   To room:abcd   Host:4o[eLNWpp
[2022-10-03 11:10:48] INFO: Message from:4o[eLNWpp   To room:abcd   Host:4o[eLNWpp
[2022-10-03 11:10:48] INFO: Message from:4o[eLNWpp   To room:abcd   Host:4o[eLNWpp
[2022-10-03 11:10:48] INFO: Message from:4o[eLNWpp   To room:abcd   Host:4o[eLNWpp
[2022-10-03 11:10:48] INFO: Message from:4o[eLNWpp   To room:abcd   Host:4o[eLNWpp
[2022-10-03 11:10:48] INFO: Message from:4o[eLNWpp   To room:abcd   Host:4o[eLNWpp
[2022-10-03 11:10:49] INFO: Message from:4o[eLNWpp   To room:abcd   Host:4o[eLNWpp
[2022-10-03 11:10:49] INFO: Message from:4o[eLNWpp   To room:abcd   Host:4o[eLNWpp
[2022-10-03 11:10:49] INFO: Message from:4o[eLNWpp   To room:abcd   Host:4o[eLNWpp
[2022-10-03 11:10:49] INFO: Message from:4o[eLNWpp   To room:abcd   Host:4o[eLNWpp
[2022-10-03 11:10:55] INFO: {"abcd":{"ids":["CEcoJ5Dfo"],"owner":"4o[eLNWpp","tempHost":"4o[eLNWpp","tempWrite":"4o[eLNWpp","names":["chrome"]}}
[2022-10-03 11:10:55] INFO: user just disconnected
[2022-10-03 11:10:55] INFO: user just connected
[2022-10-03 11:10:55] INFO: rooms:{"abcd":{"ids":["CEcoJ5Dfo","4o[eLNWpp"],"owner":"4o[eLNWpp","tempHost":"4o[eLNWpp","tempWrite":"4o[eLNWpp","names":["chrome","safari"]}}
[2022-10-03 11:10:55] INFO: socks:{"fYd07_xb2w_8zQhKAAAD":{"userId":"CEcoJ5Dfo","room":"abcd","userName":"chrome"},"EoJDdwLsirZN-T93AAAF":{"userId":"4o[eLNWpp","room":"abcd","userName":"safari"}}
[2022-10-03 11:10:55] INFO: Message from:CEcoJ5Dfo   To room:abcd   Host:4o[eLNWpp
[2022-10-03 11:10:57] INFO: Message from:4o[eLNWpp   To room:abcd   Host:4o[eLNWpp
[2022-10-03 11:10:57] INFO: Message from:4o[eLNWpp   To room:abcd   Host:4o[eLNWpp
[2022-10-03 11:10:57] INFO: Message from:4o[eLNWpp   To room:abcd   Host:4o[eLNWpp
[2022-10-03 11:10:57] INFO: Message from:4o[eLNWpp   To room:abcd   Host:4o[eLNWpp
[2022-10-03 11:10:57] INFO: Message from:4o[eLNWpp   To room:abcd   Host:4o[eLNWpp
[2022-10-03 11:10:58] INFO: Message from:4o[eLNWpp   To room:abcd   Host:4o[eLNWpp
[2022-10-03 11:10:58] INFO: Message from:4o[eLNWpp   To room:abcd   Host:4o[eLNWpp
[2022-10-03 11:10:58] INFO: Message from:4o[eLNWpp   To room:abcd   Host:4o[eLNWpp
[2022-10-03 11:10:58] INFO: Message from:4o[eLNWpp   To room:abcd   Host:4o[eLNWpp
[2022-10-03 11:11:02] INFO: Message from:4o[eLNWpp   To room:abcd   Host:4o[eLNWpp
[2022-10-03 11:11:06] INFO: requestedWrite for4o[eLNWpp in abcd
[2022-10-03 11:11:08] INFO: givenWrite for4o[eLNWpp in abcd
[2022-10-03 11:11:09] INFO: Message from:4o[eLNWpp   To room:abcd   Host:4o[eLNWpp
[2022-10-03 11:11:09] INFO: Message from:4o[eLNWpp   To room:abcd   Host:4o[eLNWpp
[2022-10-03 11:11:09] INFO: Message from:4o[eLNWpp   To room:abcd   Host:4o[eLNWpp
[2022-10-03 11:11:09] INFO: Message from:4o[eLNWpp   To room:abcd   Host:4o[eLNWpp
[2022-10-03 11:11:09] INFO: Message from:4o[eLNWpp   To room:abcd   Host:4o[eLNWpp
[2022-10-03 11:11:10] INFO: Message from:4o[eLNWpp   To room:abcd   Host:4o[eLNWpp
[2022-10-03 11:11:10] INFO: Message from:4o[eLNWpp   To room:abcd   Host:4o[eLNWpp
[2022-10-03 11:11:10] INFO: Message from:4o[eLNWpp   To room:abcd   Host:4o[eLNWpp
[2022-10-03 11:11:11] INFO: Message from:4o[eLNWpp   To room:abcd   Host:4o[eLNWpp
[2022-10-03 11:11:11] INFO: Message from:4o[eLNWpp   To room:abcd   Host:4o[eLNWpp
[2022-10-03 11:11:11] INFO: Message from:4o[eLNWpp   To room:abcd   Host:4o[eLNWpp
[2022-10-03 11:11:11] INFO: Message from:4o[eLNWpp   To room:abcd   Host:4o[eLNWpp
[2022-10-03 11:11:11] INFO: Message from:4o[eLNWpp   To room:abcd   Host:4o[eLNWpp
[2022-10-03 11:11:11] INFO: Message from:4o[eLNWpp   To room:abcd   Host:4o[eLNWpp
[2022-10-03 11:11:11] INFO: Message from:4o[eLNWpp   To room:abcd   Host:4o[eLNWpp
[2022-10-03 11:11:12] INFO: Message from:4o[eLNWpp   To room:abcd   Host:4o[eLNWpp
[2022-10-03 11:11:16] INFO: requestedWrite forCEcoJ5Dfo in abcd
[2022-10-03 11:11:18] INFO: rejectedWrite forCEcoJ5Dfo in abcd
[2022-10-03 11:11:21] INFO: rejectedWrite forCEcoJ5Dfo in abcd
[2022-10-03 11:11:21] INFO: rejectedWrite forCEcoJ5Dfo in abcd
[2022-10-03 11:11:22] INFO: rejectedWrite forCEcoJ5Dfo in abcd
[2022-10-03 11:11:23] INFO: rejectedWrite forCEcoJ5Dfo in abcd
[2022-10-03 11:12:01] INFO: Server is up on port 5123
[2022-10-03 11:12:02] INFO: user just connected
[2022-10-03 11:12:03] INFO: rooms:{"abcd":{"ids":["CEcoJ5Dfo"],"owner":"CEcoJ5Dfo","tempHost":"CEcoJ5Dfo","tempWrite":"CEcoJ5Dfo","names":["chrome"]}}
[2022-10-03 11:12:03] INFO: socks:{"9cpYAQDtAX9wBOfGAAAB":{"userId":"CEcoJ5Dfo","room":"abcd","userName":"chrome"}}
[2022-10-03 11:12:05] INFO: Server is up on port 5123
[2022-10-03 11:12:06] INFO: user just connected
[2022-10-03 11:12:06] INFO: rooms:{"abcd":{"ids":["CEcoJ5Dfo"],"owner":"CEcoJ5Dfo","tempHost":"CEcoJ5Dfo","tempWrite":"CEcoJ5Dfo","names":["chrome"]}}
[2022-10-03 11:12:06] INFO: socks:{"XPYfNCd0qIRVv-OqAAAB":{"userId":"CEcoJ5Dfo","room":"abcd","userName":"chrome"}}
[2022-10-03 11:12:10] INFO: Server is up on port 5123
[2022-10-03 11:12:12] INFO: user just connected
[2022-10-03 11:12:12] INFO: rooms:{"abcd":{"ids":["CEcoJ5Dfo"],"owner":"CEcoJ5Dfo","tempHost":"CEcoJ5Dfo","tempWrite":"CEcoJ5Dfo","names":["chrome"]}}
[2022-10-03 11:12:12] INFO: socks:{"e6Yr4pc5Oir2wmucAAAB":{"userId":"CEcoJ5Dfo","room":"abcd","userName":"chrome"}}
[2022-10-03 11:12:13] INFO: user just connected
[2022-10-03 11:12:13] INFO: rooms:{"abcd":{"ids":["CEcoJ5Dfo","4o[eLNWpp"],"owner":"CEcoJ5Dfo","tempHost":"CEcoJ5Dfo","tempWrite":"CEcoJ5Dfo","names":["chrome","safari"]}}
[2022-10-03 11:12:13] INFO: socks:{"e6Yr4pc5Oir2wmucAAAB":{"userId":"CEcoJ5Dfo","room":"abcd","userName":"chrome"},"T6EfrlvH3HyDQRK2AAAD":{"userId":"4o[eLNWpp","room":"abcd","userName":"safari"}}
[2022-10-03 11:12:13] INFO: Message from:CEcoJ5Dfo   To room:abcd   Host:CEcoJ5Dfo
[2022-10-03 11:12:17] INFO: {"abcd":{"ids":["4o[eLNWpp"],"owner":"CEcoJ5Dfo","tempHost":"CEcoJ5Dfo","tempWrite":"CEcoJ5Dfo","names":["safari"]}}
[2022-10-03 11:12:17] INFO: user just disconnected
[2022-10-03 11:12:17] INFO: user just connected
[2022-10-03 11:12:17] INFO: rooms:{"abcd":{"ids":["4o[eLNWpp","CEcoJ5Dfo"],"owner":"CEcoJ5Dfo","tempHost":"CEcoJ5Dfo","tempWrite":"CEcoJ5Dfo","names":["safari","chrome"]}}
[2022-10-03 11:12:17] INFO: socks:{"T6EfrlvH3HyDQRK2AAAD":{"userId":"4o[eLNWpp","room":"abcd","userName":"safari"},"c22PRvI4eX6Qv34KAAAF":{"userId":"CEcoJ5Dfo","room":"abcd","userName":"chrome"}}
[2022-10-03 11:12:17] INFO: Message from:4o[eLNWpp   To room:abcd   Host:CEcoJ5Dfo
[2022-10-03 11:12:19] INFO: Message from:CEcoJ5Dfo   To room:abcd   Host:CEcoJ5Dfo
[2022-10-03 11:12:19] INFO: Message from:CEcoJ5Dfo   To room:abcd   Host:CEcoJ5Dfo
[2022-10-03 11:12:20] INFO: Message from:CEcoJ5Dfo   To room:abcd   Host:CEcoJ5Dfo
[2022-10-03 11:12:20] INFO: Message from:CEcoJ5Dfo   To room:abcd   Host:CEcoJ5Dfo
[2022-10-03 11:12:20] INFO: Message from:CEcoJ5Dfo   To room:abcd   Host:CEcoJ5Dfo
[2022-10-03 11:12:20] INFO: Message from:CEcoJ5Dfo   To room:abcd   Host:CEcoJ5Dfo
[2022-10-03 11:12:20] INFO: Message from:CEcoJ5Dfo   To room:abcd   Host:CEcoJ5Dfo
[2022-10-03 11:12:21] INFO: Message from:CEcoJ5Dfo   To room:abcd   Host:CEcoJ5Dfo
[2022-10-03 11:12:21] INFO: Message from:CEcoJ5Dfo   To room:abcd   Host:CEcoJ5Dfo
[2022-10-03 11:12:21] INFO: Message from:CEcoJ5Dfo   To room:abcd   Host:CEcoJ5Dfo
[2022-10-03 11:12:21] INFO: Message from:CEcoJ5Dfo   To room:abcd   Host:CEcoJ5Dfo
[2022-10-03 11:12:21] INFO: Message from:CEcoJ5Dfo   To room:abcd   Host:CEcoJ5Dfo
[2022-10-03 11:12:21] INFO: Message from:CEcoJ5Dfo   To room:abcd   Host:CEcoJ5Dfo
[2022-10-03 11:12:21] INFO: Message from:CEcoJ5Dfo   To room:abcd   Host:CEcoJ5Dfo
[2022-10-03 11:12:24] INFO: requestedWrite for4o[eLNWpp in abcd
[2022-10-03 11:12:26] INFO: rejectedWrite for4o[eLNWpp in abcd
[2022-10-03 11:12:29] INFO: Message from:CEcoJ5Dfo   To room:abcd   Host:CEcoJ5Dfo
[2022-10-03 11:12:30] INFO: Message from:CEcoJ5Dfo   To room:abcd   Host:CEcoJ5Dfo
[2022-10-03 11:12:30] INFO: Message from:CEcoJ5Dfo   To room:abcd   Host:CEcoJ5Dfo
[2022-10-03 11:12:30] INFO: Message from:CEcoJ5Dfo   To room:abcd   Host:CEcoJ5Dfo
[2022-10-03 11:12:30] INFO: Message from:CEcoJ5Dfo   To room:abcd   Host:CEcoJ5Dfo
[2022-10-03 11:12:30] INFO: Message from:CEcoJ5Dfo   To room:abcd   Host:CEcoJ5Dfo
[2022-10-03 11:12:34] INFO: requestedWrite for4o[eLNWpp in abcd
[2022-10-03 11:12:36] INFO: givenWrite for4o[eLNWpp in abcd
[2022-10-03 11:15:02] INFO: Server is up on port 5123
[2022-10-03 11:15:03] INFO: user just connected
[2022-10-03 11:15:03] INFO: rooms:{"abcd":{"ids":["CEcoJ5Dfo"],"owner":"CEcoJ5Dfo","tempHost":"CEcoJ5Dfo","tempWrite":"CEcoJ5Dfo","names":["chrome"]}}
[2022-10-03 11:15:03] INFO: socks:{"YI0899CqHgRqFVm2AAAB":{"userId":"CEcoJ5Dfo","room":"abcd","userName":"chrome"}}
[2022-10-03 11:15:04] INFO: user just connected
[2022-10-03 11:15:04] INFO: rooms:{"abcd":{"ids":["CEcoJ5Dfo","4o[eLNWpp"],"owner":"CEcoJ5Dfo","tempHost":"CEcoJ5Dfo","tempWrite":"CEcoJ5Dfo","names":["chrome","safari"]}}
[2022-10-03 11:15:04] INFO: socks:{"YI0899CqHgRqFVm2AAAB":{"userId":"CEcoJ5Dfo","room":"abcd","userName":"chrome"},"Qd-3ktuiDVZ8avbXAAAD":{"userId":"4o[eLNWpp","room":"abcd","userName":"safari"}}
[2022-10-03 11:15:04] INFO: Message from:CEcoJ5Dfo   To room:abcd   Host:CEcoJ5Dfo
[2022-10-03 11:15:09] INFO: {"abcd":{"ids":["CEcoJ5Dfo"],"owner":"CEcoJ5Dfo","tempHost":"CEcoJ5Dfo","tempWrite":"CEcoJ5Dfo","names":["chrome"]}}
[2022-10-03 11:15:09] INFO: user just disconnected
[2022-10-03 11:15:09] INFO: user just connected
[2022-10-03 11:15:09] INFO: rooms:{"abcd":{"ids":["CEcoJ5Dfo","4o[eLNWpp"],"owner":"CEcoJ5Dfo","tempHost":"CEcoJ5Dfo","tempWrite":"CEcoJ5Dfo","names":["chrome","safari"]}}
[2022-10-03 11:15:09] INFO: socks:{"YI0899CqHgRqFVm2AAAB":{"userId":"CEcoJ5Dfo","room":"abcd","userName":"chrome"},"z_zqKYx--JOTOG7gAAAF":{"userId":"4o[eLNWpp","room":"abcd","userName":"safari"}}
[2022-10-03 11:15:09] INFO: Message from:CEcoJ5Dfo   To room:abcd   Host:CEcoJ5Dfo
[2022-10-03 11:15:13] INFO: {"abcd":{"ids":["4o[eLNWpp"],"owner":"CEcoJ5Dfo","tempHost":"CEcoJ5Dfo","tempWrite":"CEcoJ5Dfo","names":["safari"]}}
[2022-10-03 11:15:13] INFO: user just disconnected
[2022-10-03 11:15:13] INFO: user just connected
[2022-10-03 11:15:13] INFO: rooms:{"abcd":{"ids":["4o[eLNWpp","CEcoJ5Dfo"],"owner":"CEcoJ5Dfo","tempHost":"CEcoJ5Dfo","tempWrite":"CEcoJ5Dfo","names":["safari","chrome"]}}
[2022-10-03 11:15:13] INFO: socks:{"z_zqKYx--JOTOG7gAAAF":{"userId":"4o[eLNWpp","room":"abcd","userName":"safari"},"jM4-to5ET9C3mpmvAAAH":{"userId":"CEcoJ5Dfo","room":"abcd","userName":"chrome"}}
[2022-10-03 11:15:13] INFO: Message from:4o[eLNWpp   To room:abcd   Host:CEcoJ5Dfo
[2022-10-03 11:15:14] INFO: {"abcd":{"ids":["4o[eLNWpp"],"owner":"CEcoJ5Dfo","tempHost":"CEcoJ5Dfo","tempWrite":"CEcoJ5Dfo","names":["safari"]}}
[2022-10-03 11:15:14] INFO: user just disconnected
[2022-10-03 11:15:14] INFO: user just connected
[2022-10-03 11:15:14] INFO: rooms:{"abcd":{"ids":["4o[eLNWpp","CEcoJ5Dfo"],"owner":"CEcoJ5Dfo","tempHost":"CEcoJ5Dfo","tempWrite":"CEcoJ5Dfo","names":["safari","chrome"]}}
[2022-10-03 11:15:14] INFO: socks:{"z_zqKYx--JOTOG7gAAAF":{"userId":"4o[eLNWpp","room":"abcd","userName":"safari"},"D8t540bNGO4n17CgAAAJ":{"userId":"CEcoJ5Dfo","room":"abcd","userName":"chrome"}}
[2022-10-03 11:15:14] INFO: Message from:4o[eLNWpp   To room:abcd   Host:CEcoJ5Dfo
[2022-10-03 11:15:16] INFO: Message from:CEcoJ5Dfo   To room:abcd   Host:CEcoJ5Dfo
[2022-10-03 11:15:16] INFO: Message from:CEcoJ5Dfo   To room:abcd   Host:CEcoJ5Dfo
[2022-10-03 11:15:16] INFO: Message from:CEcoJ5Dfo   To room:abcd   Host:CEcoJ5Dfo
[2022-10-03 11:15:16] INFO: Message from:CEcoJ5Dfo   To room:abcd   Host:CEcoJ5Dfo
[2022-10-03 11:15:16] INFO: Message from:CEcoJ5Dfo   To room:abcd   Host:CEcoJ5Dfo
[2022-10-03 11:15:16] INFO: Message from:CEcoJ5Dfo   To room:abcd   Host:CEcoJ5Dfo
[2022-10-03 11:15:16] INFO: Message from:CEcoJ5Dfo   To room:abcd   Host:CEcoJ5Dfo
[2022-10-03 11:15:16] INFO: Message from:CEcoJ5Dfo   To room:abcd   Host:CEcoJ5Dfo
[2022-10-03 11:15:17] INFO: Message from:CEcoJ5Dfo   To room:abcd   Host:CEcoJ5Dfo
[2022-10-03 11:15:17] INFO: Message from:CEcoJ5Dfo   To room:abcd   Host:CEcoJ5Dfo
[2022-10-03 11:15:17] INFO: Message from:CEcoJ5Dfo   To room:abcd   Host:CEcoJ5Dfo
[2022-10-03 11:15:17] INFO: Message from:CEcoJ5Dfo   To room:abcd   Host:CEcoJ5Dfo
[2022-10-03 11:15:19] INFO: requestedWrite for4o[eLNWpp in abcd
[2022-10-03 11:15:21] INFO: givenWrite for4o[eLNWpp in abcd
[2022-10-03 11:15:22] INFO: Message from:4o[eLNWpp   To room:abcd   Host:CEcoJ5Dfo
[2022-10-03 11:15:23] INFO: Message from:4o[eLNWpp   To room:abcd   Host:CEcoJ5Dfo
[2022-10-03 11:15:23] INFO: Message from:4o[eLNWpp   To room:abcd   Host:CEcoJ5Dfo
[2022-10-03 11:15:23] INFO: Message from:4o[eLNWpp   To room:abcd   Host:CEcoJ5Dfo
[2022-10-03 11:15:23] INFO: Message from:4o[eLNWpp   To room:abcd   Host:CEcoJ5Dfo
[2022-10-03 11:15:23] INFO: Message from:4o[eLNWpp   To room:abcd   Host:CEcoJ5Dfo
[2022-10-03 11:15:24] INFO: Message from:4o[eLNWpp   To room:abcd   Host:CEcoJ5Dfo
[2022-10-03 11:15:24] INFO: Message from:4o[eLNWpp   To room:abcd   Host:CEcoJ5Dfo
[2022-10-03 11:15:24] INFO: Message from:4o[eLNWpp   To room:abcd   Host:CEcoJ5Dfo
[2022-10-03 11:15:24] INFO: Message from:4o[eLNWpp   To room:abcd   Host:CEcoJ5Dfo
[2022-10-03 11:15:24] INFO: Message from:4o[eLNWpp   To room:abcd   Host:CEcoJ5Dfo
[2022-10-03 11:15:24] INFO: Message from:4o[eLNWpp   To room:abcd   Host:CEcoJ5Dfo
[2022-10-03 11:15:24] INFO: Message from:4o[eLNWpp   To room:abcd   Host:CEcoJ5Dfo
[2022-10-03 11:15:24] INFO: Message from:4o[eLNWpp   To room:abcd   Host:CEcoJ5Dfo
[2022-10-03 11:15:24] INFO: Message from:4o[eLNWpp   To room:abcd   Host:CEcoJ5Dfo
[2022-10-03 11:15:24] INFO: Message from:4o[eLNWpp   To room:abcd   Host:CEcoJ5Dfo
[2022-10-03 11:15:25] INFO: Message from:4o[eLNWpp   To room:abcd   Host:CEcoJ5Dfo
[2022-10-03 11:15:25] INFO: Message from:4o[eLNWpp   To room:abcd   Host:CEcoJ5Dfo
[2022-10-03 11:15:28] INFO: Message from:4o[eLNWpp   To room:abcd   Host:CEcoJ5Dfo
[2022-10-03 11:15:28] INFO: Message from:4o[eLNWpp   To room:abcd   Host:CEcoJ5Dfo
[2022-10-03 11:15:28] INFO: Message from:4o[eLNWpp   To room:abcd   Host:CEcoJ5Dfo
[2022-10-03 11:15:28] INFO: Message from:4o[eLNWpp   To room:abcd   Host:CEcoJ5Dfo
[2022-10-03 11:15:28] INFO: Message from:4o[eLNWpp   To room:abcd   Host:CEcoJ5Dfo
[2022-10-03 11:15:29] INFO: Message from:4o[eLNWpp   To room:abcd   Host:CEcoJ5Dfo
[2022-10-03 11:15:29] INFO: Message from:4o[eLNWpp   To room:abcd   Host:CEcoJ5Dfo
[2022-10-03 11:15:29] INFO: Message from:4o[eLNWpp   To room:abcd   Host:CEcoJ5Dfo
[2022-10-03 11:15:30] INFO: Message from:4o[eLNWpp   To room:abcd   Host:CEcoJ5Dfo
[2022-10-03 11:15:30] INFO: Message from:4o[eLNWpp   To room:abcd   Host:CEcoJ5Dfo
[2022-10-03 11:15:37] INFO: {"abcd":{"ids":["CEcoJ5Dfo"],"owner":"CEcoJ5Dfo","tempHost":"CEcoJ5Dfo","tempWrite":"4o[eLNWpp","names":["chrome"]}}
[2022-10-03 11:15:37] INFO: user just disconnected
[2022-10-03 11:15:38] INFO: {}
[2022-10-03 11:15:38] INFO: user just disconnected
[2022-10-03 11:32:29] INFO: Server is up on port 5123
[2022-10-03 11:32:33] INFO: user just connected
[2022-10-03 11:32:33] INFO: rooms:{"abcd":{"ids":["4o[eLNWpp"],"owner":"4o[eLNWpp","tempHost":"4o[eLNWpp","tempWrite":"4o[eLNWpp","names":["safari"]}}
[2022-10-03 11:32:33] INFO: socks:{"xOF-oI4gpu3kJIAAAAAB":{"userId":"4o[eLNWpp","room":"abcd","userName":"safari"}}
[2022-10-03 11:32:40] INFO: user just connected
[2022-10-03 11:32:42] INFO: {"abcd":{"ids":["4o[eLNWpp"],"owner":"4o[eLNWpp","tempHost":"4o[eLNWpp","tempWrite":"4o[eLNWpp","names":["safari"]}}
[2022-10-03 11:32:42] INFO: user just disconnected
[2022-10-03 11:32:43] INFO: user just connected
[2022-10-03 11:32:43] INFO: rooms:{"abcd":{"ids":["4o[eLNWpp","CEcoJ5Dfo"],"owner":"4o[eLNWpp","tempHost":"4o[eLNWpp","tempWrite":"4o[eLNWpp","names":["safari","chrome"]}}
[2022-10-03 11:32:43] INFO: socks:{"xOF-oI4gpu3kJIAAAAAB":{"userId":"4o[eLNWpp","room":"abcd","userName":"safari"},"w-kTa0XzwBPcYRrTAAAF":{"userId":"CEcoJ5Dfo","room":"abcd","userName":"chrome"}}
[2022-10-03 11:32:43] INFO: Message from:4o[eLNWpp   To room:abcd   Host:4o[eLNWpp
[2022-10-03 11:32:45] INFO: requestedWrite forCEcoJ5Dfo in abcd
[2022-10-03 11:32:47] INFO: givenWrite forCEcoJ5Dfo in abcd
[2022-10-03 11:33:26] INFO: Server is up on port 5123
[2022-10-03 11:33:27] INFO: user just connected
[2022-10-03 11:33:27] INFO: rooms:{"abcd":{"ids":["4o[eLNWpp"],"owner":"4o[eLNWpp","tempHost":"4o[eLNWpp","tempWrite":"4o[eLNWpp","names":["safari"]}}
[2022-10-03 11:33:27] INFO: socks:{"mj7u_g00gsrrQpO4AAAB":{"userId":"4o[eLNWpp","room":"abcd","userName":"safari"}}
[2022-10-03 11:33:29] INFO: Server is up on port 5123
[2022-10-03 11:33:30] INFO: user just connected
[2022-10-03 11:33:30] INFO: rooms:{"abcd":{"ids":["4o[eLNWpp"],"owner":"4o[eLNWpp","tempHost":"4o[eLNWpp","tempWrite":"4o[eLNWpp","names":["safari"]}}
[2022-10-03 11:33:30] INFO: socks:{"JJrq6sbZ-KeJw7bNAAAB":{"userId":"4o[eLNWpp","room":"abcd","userName":"safari"}}
[2022-10-03 11:33:32] INFO: user just connected
[2022-10-03 11:33:32] INFO: rooms:{"abcd":{"ids":["4o[eLNWpp","CEcoJ5Dfo"],"owner":"4o[eLNWpp","tempHost":"4o[eLNWpp","tempWrite":"4o[eLNWpp","names":["safari","chrome"]}}
[2022-10-03 11:33:32] INFO: socks:{"JJrq6sbZ-KeJw7bNAAAB":{"userId":"4o[eLNWpp","room":"abcd","userName":"safari"},"SBfN47biWW_VCA5SAAAD":{"userId":"CEcoJ5Dfo","room":"abcd","userName":"chrome"}}
[2022-10-03 11:33:32] INFO: Message from:4o[eLNWpp   To room:abcd   Host:4o[eLNWpp
[2022-10-03 11:33:40] INFO: Server is up on port 5123
[2022-10-03 11:33:40] INFO: user just connected
[2022-10-03 11:33:40] INFO: rooms:{"abcd":{"ids":["4o[eLNWpp"],"owner":"4o[eLNWpp","tempHost":"4o[eLNWpp","tempWrite":"4o[eLNWpp","names":["safari"]}}
[2022-10-03 11:33:40] INFO: socks:{"PAhH4OXneNtw41t7AAAB":{"userId":"4o[eLNWpp","room":"abcd","userName":"safari"}}
[2022-10-03 11:33:41] INFO: user just connected
[2022-10-03 11:33:41] INFO: rooms:{"abcd":{"ids":["4o[eLNWpp","CEcoJ5Dfo"],"owner":"4o[eLNWpp","tempHost":"4o[eLNWpp","tempWrite":"4o[eLNWpp","names":["safari","chrome"]}}
[2022-10-03 11:33:41] INFO: socks:{"PAhH4OXneNtw41t7AAAB":{"userId":"4o[eLNWpp","room":"abcd","userName":"safari"},"_7jgebPOGcEtvY3XAAAD":{"userId":"CEcoJ5Dfo","room":"abcd","userName":"chrome"}}
[2022-10-03 11:33:41] INFO: Message from:4o[eLNWpp   To room:abcd   Host:4o[eLNWpp
[2022-10-03 11:33:44] INFO: Server is up on port 5123
[2022-10-03 11:33:45] INFO: user just connected
[2022-10-03 11:33:45] INFO: rooms:{"abcd":{"ids":["CEcoJ5Dfo"],"owner":"CEcoJ5Dfo","tempHost":"CEcoJ5Dfo","tempWrite":"CEcoJ5Dfo","names":["chrome"]}}
[2022-10-03 11:33:45] INFO: socks:{"9s6SZ0Zhy8wi2u3UAAAB":{"userId":"CEcoJ5Dfo","room":"abcd","userName":"chrome"}}
[2022-10-03 11:33:45] INFO: user just connected
[2022-10-03 11:33:45] INFO: rooms:{"abcd":{"ids":["CEcoJ5Dfo","4o[eLNWpp"],"owner":"CEcoJ5Dfo","tempHost":"CEcoJ5Dfo","tempWrite":"CEcoJ5Dfo","names":["chrome","safari"]}}
[2022-10-03 11:33:45] INFO: socks:{"9s6SZ0Zhy8wi2u3UAAAB":{"userId":"CEcoJ5Dfo","room":"abcd","userName":"chrome"},"R3yW-AAXsMuk6r3MAAAD":{"userId":"4o[eLNWpp","room":"abcd","userName":"safari"}}
[2022-10-03 11:33:45] INFO: Message from:CEcoJ5Dfo   To room:abcd   Host:CEcoJ5Dfo
[2022-10-03 11:33:48] INFO: Server is up on port 5123
[2022-10-03 11:33:48] INFO: user just connected
[2022-10-03 11:33:48] INFO: rooms:{"abcd":{"ids":["CEcoJ5Dfo"],"owner":"CEcoJ5Dfo","tempHost":"CEcoJ5Dfo","tempWrite":"CEcoJ5Dfo","names":["chrome"]}}
[2022-10-03 11:33:48] INFO: socks:{"vXfsjEzKDYCYDetmAAAB":{"userId":"CEcoJ5Dfo","room":"abcd","userName":"chrome"}}
[2022-10-03 11:33:49] INFO: user just connected
[2022-10-03 11:33:49] INFO: rooms:{"abcd":{"ids":["CEcoJ5Dfo","4o[eLNWpp"],"owner":"CEcoJ5Dfo","tempHost":"CEcoJ5Dfo","tempWrite":"CEcoJ5Dfo","names":["chrome","safari"]}}
[2022-10-03 11:33:49] INFO: socks:{"vXfsjEzKDYCYDetmAAAB":{"userId":"CEcoJ5Dfo","room":"abcd","userName":"chrome"},"J5mP545OE5VMuf-WAAAD":{"userId":"4o[eLNWpp","room":"abcd","userName":"safari"}}
[2022-10-03 11:33:49] INFO: Message from:CEcoJ5Dfo   To room:abcd   Host:CEcoJ5Dfo
[2022-10-03 11:33:56] INFO: {"abcd":{"ids":["CEcoJ5Dfo"],"owner":"CEcoJ5Dfo","tempHost":"CEcoJ5Dfo","tempWrite":"CEcoJ5Dfo","names":["chrome"]}}
[2022-10-03 11:33:56] INFO: user just disconnected
[2022-10-03 11:33:56] INFO: user just connected
[2022-10-03 11:33:56] INFO: rooms:{"abcd":{"ids":["CEcoJ5Dfo","4o[eLNWpp"],"owner":"CEcoJ5Dfo","tempHost":"CEcoJ5Dfo","tempWrite":"CEcoJ5Dfo","names":["chrome","safari"]}}
[2022-10-03 11:33:56] INFO: socks:{"vXfsjEzKDYCYDetmAAAB":{"userId":"CEcoJ5Dfo","room":"abcd","userName":"chrome"},"7g9XBnZ6FfsCKxUoAAAF":{"userId":"4o[eLNWpp","room":"abcd","userName":"safari"}}
[2022-10-03 11:33:56] INFO: Message from:CEcoJ5Dfo   To room:abcd   Host:CEcoJ5Dfo
[2022-10-03 11:34:00] INFO: {"abcd":{"ids":["4o[eLNWpp"],"owner":"CEcoJ5Dfo","tempHost":"CEcoJ5Dfo","tempWrite":"CEcoJ5Dfo","names":["safari"]}}
[2022-10-03 11:34:00] INFO: user just disconnected
[2022-10-03 11:34:00] INFO: user just connected
[2022-10-03 11:34:00] INFO: rooms:{"abcd":{"ids":["4o[eLNWpp","CEcoJ5Dfo"],"owner":"CEcoJ5Dfo","tempHost":"CEcoJ5Dfo","tempWrite":"CEcoJ5Dfo","names":["safari","chrome"]}}
[2022-10-03 11:34:00] INFO: socks:{"7g9XBnZ6FfsCKxUoAAAF":{"userId":"4o[eLNWpp","room":"abcd","userName":"safari"},"IZUPOiXtDtADoBBqAAAH":{"userId":"CEcoJ5Dfo","room":"abcd","userName":"chrome"}}
[2022-10-03 11:34:00] INFO: Message from:4o[eLNWpp   To room:abcd   Host:CEcoJ5Dfo
[2022-10-03 11:34:03] INFO: Message from:CEcoJ5Dfo   To room:abcd   Host:CEcoJ5Dfo
[2022-10-03 11:34:03] INFO: Message from:CEcoJ5Dfo   To room:abcd   Host:CEcoJ5Dfo
[2022-10-03 11:34:03] INFO: Message from:CEcoJ5Dfo   To room:abcd   Host:CEcoJ5Dfo
[2022-10-03 11:34:03] INFO: Message from:CEcoJ5Dfo   To room:abcd   Host:CEcoJ5Dfo
[2022-10-03 11:34:04] INFO: Message from:CEcoJ5Dfo   To room:abcd   Host:CEcoJ5Dfo
[2022-10-03 11:34:04] INFO: Message from:CEcoJ5Dfo   To room:abcd   Host:CEcoJ5Dfo
[2022-10-03 11:34:04] INFO: Message from:CEcoJ5Dfo   To room:abcd   Host:CEcoJ5Dfo
[2022-10-03 11:34:06] INFO: requestedWrite for4o[eLNWpp in abcd
[2022-10-03 11:34:08] INFO: givenWrite for4o[eLNWpp in abcd
[2022-10-03 11:34:12] INFO: Message from:4o[eLNWpp   To room:abcd   Host:CEcoJ5Dfo
[2022-10-03 11:34:12] INFO: Message from:4o[eLNWpp   To room:abcd   Host:CEcoJ5Dfo
[2022-10-03 11:34:12] INFO: Message from:4o[eLNWpp   To room:abcd   Host:CEcoJ5Dfo
[2022-10-03 11:34:13] INFO: Message from:4o[eLNWpp   To room:abcd   Host:CEcoJ5Dfo
[2022-10-03 11:34:13] INFO: Message from:4o[eLNWpp   To room:abcd   Host:CEcoJ5Dfo
[2022-10-03 11:34:13] INFO: Message from:4o[eLNWpp   To room:abcd   Host:CEcoJ5Dfo
[2022-10-03 11:35:20] INFO: {"abcd":{"ids":["CEcoJ5Dfo"],"owner":"CEcoJ5Dfo","tempHost":"CEcoJ5Dfo","tempWrite":"4o[eLNWpp","names":["chrome"]}}
[2022-10-03 11:35:20] INFO: user just disconnected
[2022-10-03 11:35:20] INFO: user just connected
[2022-10-03 11:35:21] INFO: rooms:{"abcd":{"ids":["CEcoJ5Dfo","4o[eLNWpp"],"owner":"CEcoJ5Dfo","tempHost":"CEcoJ5Dfo","tempWrite":"4o[eLNWpp","names":["chrome","safari"]}}
[2022-10-03 11:35:21] INFO: socks:{"IZUPOiXtDtADoBBqAAAH":{"userId":"CEcoJ5Dfo","room":"abcd","userName":"chrome"},"FbRkkFUuXrIulpShAAAJ":{"userId":"4o[eLNWpp","room":"abcd","userName":"safari"}}
[2022-10-03 11:35:21] INFO: Message from:CEcoJ5Dfo   To room:abcd   Host:CEcoJ5Dfo
[2022-10-03 11:35:30] INFO: {"abcd":{"ids":["4o[eLNWpp"],"owner":"CEcoJ5Dfo","tempHost":"CEcoJ5Dfo","tempWrite":"4o[eLNWpp","names":["safari"]}}
[2022-10-03 11:35:30] INFO: user just disconnected
[2022-10-03 11:35:30] INFO: user just connected
[2022-10-03 11:35:30] INFO: rooms:{"abcd":{"ids":["4o[eLNWpp","CEcoJ5Dfo"],"owner":"CEcoJ5Dfo","tempHost":"CEcoJ5Dfo","tempWrite":"4o[eLNWpp","names":["safari","chrome"]}}
[2022-10-03 11:35:30] INFO: socks:{"FbRkkFUuXrIulpShAAAJ":{"userId":"4o[eLNWpp","room":"abcd","userName":"safari"},"KR5KUAnW95oF_0U7AAAL":{"userId":"CEcoJ5Dfo","room":"abcd","userName":"chrome"}}
[2022-10-03 11:35:30] INFO: Message from:4o[eLNWpp   To room:abcd   Host:CEcoJ5Dfo
[2022-10-03 11:35:34] INFO: Message from:4o[eLNWpp   To room:abcd   Host:CEcoJ5Dfo
[2022-10-03 11:35:34] INFO: Message from:4o[eLNWpp   To room:abcd   Host:CEcoJ5Dfo
[2022-10-03 11:35:34] INFO: Message from:4o[eLNWpp   To room:abcd   Host:CEcoJ5Dfo
[2022-10-03 11:35:34] INFO: Message from:4o[eLNWpp   To room:abcd   Host:CEcoJ5Dfo
[2022-10-03 11:35:34] INFO: Message from:4o[eLNWpp   To room:abcd   Host:CEcoJ5Dfo
[2022-10-03 11:35:34] INFO: Message from:4o[eLNWpp   To room:abcd   Host:CEcoJ5Dfo
[2022-10-03 11:35:34] INFO: Message from:4o[eLNWpp   To room:abcd   Host:CEcoJ5Dfo
[2022-10-03 11:35:35] INFO: Message from:4o[eLNWpp   To room:abcd   Host:CEcoJ5Dfo
[2022-10-03 11:35:35] INFO: Message from:4o[eLNWpp   To room:abcd   Host:CEcoJ5Dfo
[2022-10-03 11:35:37] INFO: requestedWrite forCEcoJ5Dfo in abcd
[2022-10-03 11:35:40] INFO: givenWrite forCEcoJ5Dfo in abcd
[2022-10-03 11:35:45] INFO: Message from:CEcoJ5Dfo   To room:abcd   Host:CEcoJ5Dfo
[2022-10-03 11:35:45] INFO: Message from:CEcoJ5Dfo   To room:abcd   Host:CEcoJ5Dfo
[2022-10-03 11:35:45] INFO: Message from:CEcoJ5Dfo   To room:abcd   Host:CEcoJ5Dfo
[2022-10-03 11:35:45] INFO: Message from:CEcoJ5Dfo   To room:abcd   Host:CEcoJ5Dfo
[2022-10-03 11:35:45] INFO: Message from:CEcoJ5Dfo   To room:abcd   Host:CEcoJ5Dfo
[2022-10-03 11:35:46] INFO: Message from:CEcoJ5Dfo   To room:abcd   Host:CEcoJ5Dfo
[2022-10-03 11:35:46] INFO: Message from:CEcoJ5Dfo   To room:abcd   Host:CEcoJ5Dfo
[2022-10-03 11:35:46] INFO: Message from:CEcoJ5Dfo   To room:abcd   Host:CEcoJ5Dfo
[2022-10-03 11:35:46] INFO: Message from:CEcoJ5Dfo   To room:abcd   Host:CEcoJ5Dfo
[2022-10-03 11:35:46] INFO: Message from:CEcoJ5Dfo   To room:abcd   Host:CEcoJ5Dfo
[2022-10-03 11:35:46] INFO: Message from:CEcoJ5Dfo   To room:abcd   Host:CEcoJ5Dfo
[2022-10-03 11:35:46] INFO: Message from:CEcoJ5Dfo   To room:abcd   Host:CEcoJ5Dfo
[2022-10-03 11:35:46] INFO: Message from:CEcoJ5Dfo   To room:abcd   Host:CEcoJ5Dfo
[2022-10-03 11:35:47] INFO: Message from:CEcoJ5Dfo   To room:abcd   Host:CEcoJ5Dfo
[2022-10-03 11:35:47] INFO: Message from:CEcoJ5Dfo   To room:abcd   Host:CEcoJ5Dfo
[2022-10-03 11:36:40] INFO: {"abcd":{"ids":["4o[eLNWpp"],"owner":"CEcoJ5Dfo","tempHost":"CEcoJ5Dfo","tempWrite":"CEcoJ5Dfo","names":["safari"]}}
[2022-10-03 11:36:40] INFO: user just disconnected
[2022-10-03 11:36:43] INFO: {}
[2022-10-03 11:36:43] INFO: user just disconnected
[2022-10-03 12:43:47] INFO: Server is up on port 5123
[2022-10-03 12:43:56] INFO: user just connected
[2022-10-03 12:43:56] INFO: rooms:{"abcd":{"ids":["4o[eLNWpp"],"owner":"4o[eLNWpp","tempHost":"4o[eLNWpp","tempWrite":"4o[eLNWpp","names":["safari"]}}
[2022-10-03 12:43:56] INFO: socks:{"T3VGT-_qSRCNZhq2AAAB":{"userId":"4o[eLNWpp","room":"abcd","userName":"safari"}}
[2022-10-03 12:43:59] INFO: user just connected
[2022-10-03 12:43:59] INFO: rooms:{"abcd":{"ids":["4o[eLNWpp","CEcoJ5Dfo"],"owner":"4o[eLNWpp","tempHost":"4o[eLNWpp","tempWrite":"4o[eLNWpp","names":["safari","chrome"]}}
[2022-10-03 12:43:59] INFO: socks:{"T3VGT-_qSRCNZhq2AAAB":{"userId":"4o[eLNWpp","room":"abcd","userName":"safari"},"tj7SMMiIQKgG75y9AAAD":{"userId":"CEcoJ5Dfo","room":"abcd","userName":"chrome"}}
[2022-10-03 12:43:59] INFO: Message from:4o[eLNWpp   To room:abcd   Host:4o[eLNWpp
[2022-10-03 12:44:38] INFO: Server is up on port 5123
[2022-10-03 12:44:39] INFO: user just connected
[2022-10-03 12:44:39] INFO: rooms:{"abcd":{"ids":["4o[eLNWpp"],"owner":"4o[eLNWpp","tempHost":"4o[eLNWpp","tempWrite":"4o[eLNWpp","names":["safari"]}}
[2022-10-03 12:44:39] INFO: socks:{"1lc6Gfn60TxBRRxlAAAB":{"userId":"4o[eLNWpp","room":"abcd","userName":"safari"}}
[2022-10-03 12:44:39] INFO: user just connected
[2022-10-03 12:44:40] INFO: rooms:{"abcd":{"ids":["4o[eLNWpp","CEcoJ5Dfo"],"owner":"4o[eLNWpp","tempHost":"4o[eLNWpp","tempWrite":"4o[eLNWpp","names":["safari","chrome"]}}
[2022-10-03 12:44:40] INFO: socks:{"1lc6Gfn60TxBRRxlAAAB":{"userId":"4o[eLNWpp","room":"abcd","userName":"safari"},"KF0PYVQeuXbFMC5jAAAD":{"userId":"CEcoJ5Dfo","room":"abcd","userName":"chrome"}}
[2022-10-03 12:44:40] INFO: Message from:4o[eLNWpp   To room:abcd   Host:4o[eLNWpp
[2022-10-03 12:44:42] INFO: Server is up on port 5123
[2022-10-03 12:44:43] INFO: user just connected
[2022-10-03 12:44:43] INFO: rooms:{"abcd":{"ids":["CEcoJ5Dfo"],"owner":"CEcoJ5Dfo","tempHost":"CEcoJ5Dfo","tempWrite":"CEcoJ5Dfo","names":["chrome"]}}
[2022-10-03 12:44:43] INFO: socks:{"8G0RcwBK4vrxpZ4eAAAB":{"userId":"CEcoJ5Dfo","room":"abcd","userName":"chrome"}}
[2022-10-03 12:44:43] INFO: user just connected
[2022-10-03 12:44:43] INFO: rooms:{"abcd":{"ids":["CEcoJ5Dfo","4o[eLNWpp"],"owner":"CEcoJ5Dfo","tempHost":"CEcoJ5Dfo","tempWrite":"CEcoJ5Dfo","names":["chrome","safari"]}}
[2022-10-03 12:44:43] INFO: socks:{"8G0RcwBK4vrxpZ4eAAAB":{"userId":"CEcoJ5Dfo","room":"abcd","userName":"chrome"},"Mf9gwSG2MADXYTX0AAAD":{"userId":"4o[eLNWpp","room":"abcd","userName":"safari"}}
[2022-10-03 12:44:43] INFO: Message from:CEcoJ5Dfo   To room:abcd   Host:CEcoJ5Dfo
[2022-10-03 12:44:48] INFO: {"abcd":{"ids":["CEcoJ5Dfo"],"owner":"CEcoJ5Dfo","tempHost":"CEcoJ5Dfo","tempWrite":"CEcoJ5Dfo","names":["chrome"]}}
[2022-10-03 12:44:48] INFO: user just disconnected
[2022-10-03 12:44:48] INFO: user just connected
[2022-10-03 12:44:48] INFO: rooms:{"abcd":{"ids":["CEcoJ5Dfo","4o[eLNWpp"],"owner":"CEcoJ5Dfo","tempHost":"CEcoJ5Dfo","tempWrite":"CEcoJ5Dfo","names":["chrome","safari"]}}
[2022-10-03 12:44:48] INFO: socks:{"8G0RcwBK4vrxpZ4eAAAB":{"userId":"CEcoJ5Dfo","room":"abcd","userName":"chrome"},"lpc80ZP1vZlepTSVAAAF":{"userId":"4o[eLNWpp","room":"abcd","userName":"safari"}}
[2022-10-03 12:44:48] INFO: Message from:CEcoJ5Dfo   To room:abcd   Host:CEcoJ5Dfo
[2022-10-03 12:44:53] INFO: {"abcd":{"ids":["4o[eLNWpp"],"owner":"CEcoJ5Dfo","tempHost":"CEcoJ5Dfo","tempWrite":"CEcoJ5Dfo","names":["safari"]}}
[2022-10-03 12:44:53] INFO: user just disconnected
[2022-10-03 12:44:53] INFO: user just connected
[2022-10-03 12:44:53] INFO: rooms:{"abcd":{"ids":["4o[eLNWpp","CEcoJ5Dfo"],"owner":"CEcoJ5Dfo","tempHost":"CEcoJ5Dfo","tempWrite":"CEcoJ5Dfo","names":["safari","chrome"]}}
[2022-10-03 12:44:53] INFO: socks:{"lpc80ZP1vZlepTSVAAAF":{"userId":"4o[eLNWpp","room":"abcd","userName":"safari"},"R1wmAsE056ZMsbRIAAAH":{"userId":"CEcoJ5Dfo","room":"abcd","userName":"chrome"}}
[2022-10-03 12:44:53] INFO: Message from:4o[eLNWpp   To room:abcd   Host:CEcoJ5Dfo
[2022-10-03 12:44:53] INFO: Message from:CEcoJ5Dfo   To room:abcd   Host:CEcoJ5Dfo
[2022-10-03 13:17:40] INFO: Server is up on port 5123
[2022-10-03 13:17:46] INFO: user just connected
[2022-10-03 13:17:47] INFO: rooms:{"abcd":{"ids":["4o[eLNWpp"],"owner":"4o[eLNWpp","tempHost":"4o[eLNWpp","tempWrite":"4o[eLNWpp","names":["safari"]}}
[2022-10-03 13:17:47] INFO: socks:{"DrcEWa9LIAExMm0NAAAB":{"userId":"4o[eLNWpp","room":"abcd","userName":"safari"}}
[2022-10-03 13:18:43] INFO: user just connected
[2022-10-03 13:18:43] INFO: rooms:{"abcd":{"ids":["4o[eLNWpp","CEcoJ5Dfo"],"owner":"4o[eLNWpp","tempHost":"4o[eLNWpp","tempWrite":"4o[eLNWpp","names":["safari","chrome"]}}
[2022-10-03 13:18:43] INFO: socks:{"DrcEWa9LIAExMm0NAAAB":{"userId":"4o[eLNWpp","room":"abcd","userName":"safari"},"e6GW71-dWWBsffzyAAAD":{"userId":"CEcoJ5Dfo","room":"abcd","userName":"chrome"}}
[2022-10-03 13:18:43] INFO: Message from:4o[eLNWpp   To room:abcd   Host:4o[eLNWpp
[2022-10-03 13:18:55] INFO: Message from:4o[eLNWpp   To room:abcd   Host:4o[eLNWpp
[2022-10-03 13:18:55] INFO: Message from:4o[eLNWpp   To room:abcd   Host:4o[eLNWpp
[2022-10-03 13:18:55] INFO: Message from:4o[eLNWpp   To room:abcd   Host:4o[eLNWpp
[2022-10-03 13:18:55] INFO: Message from:4o[eLNWpp   To room:abcd   Host:4o[eLNWpp
[2022-10-03 13:18:55] INFO: Message from:4o[eLNWpp   To room:abcd   Host:4o[eLNWpp
[2022-10-03 13:18:56] INFO: Message from:4o[eLNWpp   To room:abcd   Host:4o[eLNWpp
[2022-10-03 13:18:56] INFO: Message from:4o[eLNWpp   To room:abcd   Host:4o[eLNWpp
[2022-10-03 13:18:56] INFO: Message from:4o[eLNWpp   To room:abcd   Host:4o[eLNWpp
[2022-10-03 13:18:56] INFO: Message from:4o[eLNWpp   To room:abcd   Host:4o[eLNWpp
[2022-10-03 13:18:57] INFO: Message from:4o[eLNWpp   To room:abcd   Host:4o[eLNWpp
[2022-10-03 13:20:10] INFO: Server is up on port 5123
[2022-10-03 13:20:10] INFO: user just connected
[2022-10-03 13:20:10] INFO: rooms:{"abcd":{"ids":["CEcoJ5Dfo"],"owner":"CEcoJ5Dfo","tempHost":"CEcoJ5Dfo","tempWrite":"CEcoJ5Dfo","names":["chrome"]}}
[2022-10-03 13:20:10] INFO: socks:{"Aqa0sjHzTLNmOmsMAAAB":{"userId":"CEcoJ5Dfo","room":"abcd","userName":"chrome"}}
[2022-10-03 13:20:11] INFO: user just connected
[2022-10-03 13:20:11] INFO: rooms:{"abcd":{"ids":["CEcoJ5Dfo","4o[eLNWpp"],"owner":"CEcoJ5Dfo","tempHost":"CEcoJ5Dfo","tempWrite":"CEcoJ5Dfo","names":["chrome","safari"]}}
[2022-10-03 13:20:11] INFO: socks:{"Aqa0sjHzTLNmOmsMAAAB":{"userId":"CEcoJ5Dfo","room":"abcd","userName":"chrome"},"0ArQDqqse2sFwia6AAAD":{"userId":"4o[eLNWpp","room":"abcd","userName":"safari"}}
[2022-10-03 13:20:11] INFO: Message from:CEcoJ5Dfo   To room:abcd   Host:CEcoJ5Dfo
[2022-10-03 13:20:13] INFO: Server is up on port 5123
[2022-10-03 13:20:13] INFO: user just connected
[2022-10-03 13:20:13] INFO: rooms:{"abcd":{"ids":["CEcoJ5Dfo"],"owner":"CEcoJ5Dfo","tempHost":"CEcoJ5Dfo","tempWrite":"CEcoJ5Dfo","names":["chrome"]}}
[2022-10-03 13:20:13] INFO: socks:{"r_xghFIOGwy1KilfAAAB":{"userId":"CEcoJ5Dfo","room":"abcd","userName":"chrome"}}
[2022-10-03 13:20:14] INFO: user just connected
[2022-10-03 13:20:14] INFO: rooms:{"abcd":{"ids":["CEcoJ5Dfo","4o[eLNWpp"],"owner":"CEcoJ5Dfo","tempHost":"CEcoJ5Dfo","tempWrite":"CEcoJ5Dfo","names":["chrome","safari"]}}
[2022-10-03 13:20:14] INFO: socks:{"r_xghFIOGwy1KilfAAAB":{"userId":"CEcoJ5Dfo","room":"abcd","userName":"chrome"},"Ag6odJ9MyDbu45-AAAAD":{"userId":"4o[eLNWpp","room":"abcd","userName":"safari"}}
[2022-10-03 13:20:14] INFO: Message from:CEcoJ5Dfo   To room:abcd   Host:CEcoJ5Dfo
[2022-10-03 13:20:17] INFO: Server is up on port 5123
[2022-10-03 13:20:17] INFO: user just connected
[2022-10-03 13:20:17] INFO: user just connected
[2022-10-03 13:20:17] INFO: rooms:{"abcd":{"ids":["4o[eLNWpp"],"owner":"4o[eLNWpp","tempHost":"4o[eLNWpp","tempWrite":"4o[eLNWpp","names":["safari"]}}
[2022-10-03 13:20:17] INFO: socks:{"x0GbaKtIvyfkF3REAAAB":{"userId":"4o[eLNWpp","room":"abcd","userName":"safari"}}
[2022-10-03 13:20:17] INFO: rooms:{"abcd":{"ids":["4o[eLNWpp","CEcoJ5Dfo"],"owner":"4o[eLNWpp","tempHost":"4o[eLNWpp","tempWrite":"4o[eLNWpp","names":["safari","chrome"]}}
[2022-10-03 13:20:17] INFO: socks:{"x0GbaKtIvyfkF3REAAAB":{"userId":"4o[eLNWpp","room":"abcd","userName":"safari"},"CWukD19mgDE1e7obAAAD":{"userId":"CEcoJ5Dfo","room":"abcd","userName":"chrome"}}
[2022-10-03 13:20:17] INFO: Message from:4o[eLNWpp   To room:abcd   Host:4o[eLNWpp
[2022-10-03 13:20:18] INFO: Server is up on port 5123
[2022-10-03 13:20:18] INFO: user just connected
[2022-10-03 13:20:18] INFO: rooms:{"abcd":{"ids":["CEcoJ5Dfo"],"owner":"CEcoJ5Dfo","tempHost":"CEcoJ5Dfo","tempWrite":"CEcoJ5Dfo","names":["chrome"]}}
[2022-10-03 13:20:18] INFO: socks:{"KuU_Dt2SJYSSVwN4AAAB":{"userId":"CEcoJ5Dfo","room":"abcd","userName":"chrome"}}
[2022-10-03 13:20:18] INFO: user just connected
[2022-10-03 13:20:18] INFO: rooms:{"abcd":{"ids":["CEcoJ5Dfo","4o[eLNWpp"],"owner":"CEcoJ5Dfo","tempHost":"CEcoJ5Dfo","tempWrite":"CEcoJ5Dfo","names":["chrome","safari"]}}
[2022-10-03 13:20:18] INFO: socks:{"KuU_Dt2SJYSSVwN4AAAB":{"userId":"CEcoJ5Dfo","room":"abcd","userName":"chrome"},"3mlcAQJMD6hGfs8DAAAD":{"userId":"4o[eLNWpp","room":"abcd","userName":"safari"}}
[2022-10-03 13:20:18] INFO: Message from:CEcoJ5Dfo   To room:abcd   Host:CEcoJ5Dfo
[2022-10-03 13:20:24] INFO: Server is up on port 5123
[2022-10-03 13:20:25] INFO: user just connected
[2022-10-03 13:20:25] INFO: rooms:{"abcd":{"ids":["4o[eLNWpp"],"owner":"4o[eLNWpp","tempHost":"4o[eLNWpp","tempWrite":"4o[eLNWpp","names":["safari"]}}
[2022-10-03 13:20:25] INFO: socks:{"mBXIpy8nvfY5tP-MAAAB":{"userId":"4o[eLNWpp","room":"abcd","userName":"safari"}}
[2022-10-03 13:20:25] INFO: user just connected
[2022-10-03 13:20:26] INFO: Server is up on port 5123
[2022-10-03 13:20:26] INFO: user just connected
[2022-10-03 13:20:26] INFO: rooms:{"abcd":{"ids":["4o[eLNWpp"],"owner":"4o[eLNWpp","tempHost":"4o[eLNWpp","tempWrite":"4o[eLNWpp","names":["safari"]}}
[2022-10-03 13:20:26] INFO: socks:{"nysElteApgNxs8zQAAAB":{"userId":"4o[eLNWpp","room":"abcd","userName":"safari"}}
[2022-10-03 13:20:27] INFO: user just connected
[2022-10-03 13:20:27] INFO: rooms:{"abcd":{"ids":["4o[eLNWpp","CEcoJ5Dfo"],"owner":"4o[eLNWpp","tempHost":"4o[eLNWpp","tempWrite":"4o[eLNWpp","names":["safari","chrome"]}}
[2022-10-03 13:20:27] INFO: socks:{"nysElteApgNxs8zQAAAB":{"userId":"4o[eLNWpp","room":"abcd","userName":"safari"},"zIEgW62vLdx9kBm3AAAD":{"userId":"CEcoJ5Dfo","room":"abcd","userName":"chrome"}}
[2022-10-03 13:20:27] INFO: Message from:4o[eLNWpp   To room:abcd   Host:4o[eLNWpp
[2022-10-03 13:20:30] INFO: Server is up on port 5123
[2022-10-03 13:20:30] INFO: user just connected
[2022-10-03 13:20:30] INFO: rooms:{"abcd":{"ids":["CEcoJ5Dfo"],"owner":"CEcoJ5Dfo","tempHost":"CEcoJ5Dfo","tempWrite":"CEcoJ5Dfo","names":["chrome"]}}
[2022-10-03 13:20:30] INFO: socks:{"W3uj3opaOOQRzWBkAAAB":{"userId":"CEcoJ5Dfo","room":"abcd","userName":"chrome"}}
[2022-10-03 13:20:30] INFO: user just connected
[2022-10-03 13:20:31] INFO: rooms:{"abcd":{"ids":["CEcoJ5Dfo","4o[eLNWpp"],"owner":"CEcoJ5Dfo","tempHost":"CEcoJ5Dfo","tempWrite":"CEcoJ5Dfo","names":["chrome","safari"]}}
[2022-10-03 13:20:31] INFO: socks:{"W3uj3opaOOQRzWBkAAAB":{"userId":"CEcoJ5Dfo","room":"abcd","userName":"chrome"},"Pjz4uXsR4J7iMfn3AAAD":{"userId":"4o[eLNWpp","room":"abcd","userName":"safari"}}
[2022-10-03 13:20:31] INFO: Message from:CEcoJ5Dfo   To room:abcd   Host:CEcoJ5Dfo
[2022-10-03 13:20:32] INFO: Server is up on port 5123
[2022-10-03 13:20:33] INFO: user just connected
[2022-10-03 13:20:33] INFO: user just connected
[2022-10-03 13:20:33] INFO: rooms:{"abcd":{"ids":["4o[eLNWpp"],"owner":"4o[eLNWpp","tempHost":"4o[eLNWpp","tempWrite":"4o[eLNWpp","names":["safari"]}}
[2022-10-03 13:20:33] INFO: socks:{"THNCIczuuvTntzpkAAAB":{"userId":"4o[eLNWpp","room":"abcd","userName":"safari"}}
[2022-10-03 13:20:33] INFO: rooms:{"abcd":{"ids":["4o[eLNWpp","CEcoJ5Dfo"],"owner":"4o[eLNWpp","tempHost":"4o[eLNWpp","tempWrite":"4o[eLNWpp","names":["safari","chrome"]}}
[2022-10-03 13:20:33] INFO: socks:{"THNCIczuuvTntzpkAAAB":{"userId":"4o[eLNWpp","room":"abcd","userName":"safari"},"xs4aNhPwF6zWbf4AAAAD":{"userId":"CEcoJ5Dfo","room":"abcd","userName":"chrome"}}
[2022-10-03 13:20:33] INFO: Message from:4o[eLNWpp   To room:abcd   Host:4o[eLNWpp
[2022-10-03 13:20:41] INFO: {"abcd":{"ids":["CEcoJ5Dfo"],"owner":"4o[eLNWpp","tempHost":"4o[eLNWpp","tempWrite":"4o[eLNWpp","names":["chrome"]}}
[2022-10-03 13:20:41] INFO: user just disconnected
[2022-10-03 13:20:41] INFO: user just connected
[2022-10-03 13:20:41] INFO: rooms:{"abcd":{"ids":["CEcoJ5Dfo","4o[eLNWpp"],"owner":"4o[eLNWpp","tempHost":"4o[eLNWpp","tempWrite":"4o[eLNWpp","names":["chrome","safari"]}}
[2022-10-03 13:20:41] INFO: socks:{"xs4aNhPwF6zWbf4AAAAD":{"userId":"CEcoJ5Dfo","room":"abcd","userName":"chrome"},"eEH7l7YP9MgLmW21AAAF":{"userId":"4o[eLNWpp","room":"abcd","userName":"safari"}}
[2022-10-03 13:20:41] INFO: Message from:CEcoJ5Dfo   To room:abcd   Host:4o[eLNWpp
[2022-10-03 13:20:41] INFO: Message from:4o[eLNWpp   To room:abcd   Host:4o[eLNWpp
[2022-10-03 13:20:49] INFO: {"abcd":{"ids":["4o[eLNWpp"],"owner":"4o[eLNWpp","tempHost":"4o[eLNWpp","tempWrite":"4o[eLNWpp","names":["safari"]}}
[2022-10-03 13:20:49] INFO: user just disconnected
[2022-10-03 13:20:49] INFO: user just connected
[2022-10-03 13:20:49] INFO: rooms:{"abcd":{"ids":["4o[eLNWpp","CEcoJ5Dfo"],"owner":"4o[eLNWpp","tempHost":"4o[eLNWpp","tempWrite":"4o[eLNWpp","names":["safari","chrome"]}}
[2022-10-03 13:20:49] INFO: socks:{"eEH7l7YP9MgLmW21AAAF":{"userId":"4o[eLNWpp","room":"abcd","userName":"safari"},"yb5WYTq9BeQyqty-AAAH":{"userId":"CEcoJ5Dfo","room":"abcd","userName":"chrome"}}
[2022-10-03 13:20:49] INFO: Message from:4o[eLNWpp   To room:abcd   Host:4o[eLNWpp
[2022-10-03 13:21:42] INFO: Server is up on port 5123
[2022-10-03 13:21:44] INFO: user just connected
[2022-10-03 13:21:44] INFO: rooms:{"abcd":{"ids":["CEcoJ5Dfo"],"owner":"CEcoJ5Dfo","tempHost":"CEcoJ5Dfo","tempWrite":"CEcoJ5Dfo","names":["chrome"]}}
[2022-10-03 13:21:44] INFO: socks:{"zTAVpNeKv-nx-qUUAAAB":{"userId":"CEcoJ5Dfo","room":"abcd","userName":"chrome"}}
[2022-10-03 13:21:44] INFO: user just connected
[2022-10-03 13:21:44] INFO: rooms:{"abcd":{"ids":["CEcoJ5Dfo","4o[eLNWpp"],"owner":"CEcoJ5Dfo","tempHost":"CEcoJ5Dfo","tempWrite":"CEcoJ5Dfo","names":["chrome","safari"]}}
[2022-10-03 13:21:44] INFO: socks:{"zTAVpNeKv-nx-qUUAAAB":{"userId":"CEcoJ5Dfo","room":"abcd","userName":"chrome"},"OTWmgsx_oDLzIPDLAAAD":{"userId":"4o[eLNWpp","room":"abcd","userName":"safari"}}
[2022-10-03 13:21:44] INFO: Message from:CEcoJ5Dfo   To room:abcd   Host:CEcoJ5Dfo
[2022-10-03 13:21:46] INFO: {"abcd":{"ids":["CEcoJ5Dfo"],"owner":"CEcoJ5Dfo","tempHost":"CEcoJ5Dfo","tempWrite":"CEcoJ5Dfo","names":["chrome"]}}
[2022-10-03 13:21:46] INFO: user just disconnected
[2022-10-03 13:21:46] INFO: user just connected
[2022-10-03 13:21:46] INFO: rooms:{"abcd":{"ids":["CEcoJ5Dfo","4o[eLNWpp"],"owner":"CEcoJ5Dfo","tempHost":"CEcoJ5Dfo","tempWrite":"CEcoJ5Dfo","names":["chrome","safari"]}}
[2022-10-03 13:21:46] INFO: socks:{"zTAVpNeKv-nx-qUUAAAB":{"userId":"CEcoJ5Dfo","room":"abcd","userName":"chrome"},"c6tiM7tGSnGdGQckAAAF":{"userId":"4o[eLNWpp","room":"abcd","userName":"safari"}}
[2022-10-03 13:21:46] INFO: Message from:CEcoJ5Dfo   To room:abcd   Host:CEcoJ5Dfo
[2022-10-03 13:21:50] INFO: {"abcd":{"ids":["4o[eLNWpp"],"owner":"CEcoJ5Dfo","tempHost":"CEcoJ5Dfo","tempWrite":"CEcoJ5Dfo","names":["safari"]}}
[2022-10-03 13:21:50] INFO: user just disconnected
[2022-10-03 13:21:50] INFO: user just connected
[2022-10-03 13:21:50] INFO: rooms:{"abcd":{"ids":["4o[eLNWpp","CEcoJ5Dfo"],"owner":"CEcoJ5Dfo","tempHost":"CEcoJ5Dfo","tempWrite":"CEcoJ5Dfo","names":["safari","chrome"]}}
[2022-10-03 13:21:50] INFO: socks:{"c6tiM7tGSnGdGQckAAAF":{"userId":"4o[eLNWpp","room":"abcd","userName":"safari"},"aiJo5WaKc6vutRzxAAAH":{"userId":"CEcoJ5Dfo","room":"abcd","userName":"chrome"}}
[2022-10-03 13:21:50] INFO: Message from:4o[eLNWpp   To room:abcd   Host:CEcoJ5Dfo
[2022-10-03 13:21:50] INFO: Message from:CEcoJ5Dfo   To room:abcd   Host:CEcoJ5Dfo
[2022-10-03 13:22:58] INFO: Server is up on port 5123
[2022-10-03 13:22:58] INFO: user just connected
[2022-10-03 13:22:58] INFO: user just connected
[2022-10-03 13:22:58] INFO: rooms:{"abcd":{"ids":["CEcoJ5Dfo"],"owner":"CEcoJ5Dfo","tempHost":"CEcoJ5Dfo","tempWrite":"CEcoJ5Dfo","names":["chrome"]}}
[2022-10-03 13:22:58] INFO: socks:{"y-TOAPNWL55g0040AAAB":{"userId":"CEcoJ5Dfo","room":"abcd","userName":"chrome"}}
[2022-10-03 13:22:58] INFO: rooms:{"abcd":{"ids":["CEcoJ5Dfo","4o[eLNWpp"],"owner":"CEcoJ5Dfo","tempHost":"CEcoJ5Dfo","tempWrite":"CEcoJ5Dfo","names":["chrome","safari"]}}
[2022-10-03 13:22:58] INFO: socks:{"y-TOAPNWL55g0040AAAB":{"userId":"CEcoJ5Dfo","room":"abcd","userName":"chrome"},"AoEZU_155e4TqUMoAAAD":{"userId":"4o[eLNWpp","room":"abcd","userName":"safari"}}
[2022-10-03 13:22:58] INFO: Message from:CEcoJ5Dfo   To room:abcd   Host:CEcoJ5Dfo
[2022-10-03 13:22:59] INFO: Server is up on port 5123
[2022-10-03 13:22:59] INFO: user just connected
[2022-10-03 13:23:00] INFO: rooms:{"abcd":{"ids":["4o[eLNWpp"],"owner":"4o[eLNWpp","tempHost":"4o[eLNWpp","tempWrite":"4o[eLNWpp","names":["safari"]}}
[2022-10-03 13:23:00] INFO: socks:{"H2dU4Tw48h0MA_hhAAAB":{"userId":"4o[eLNWpp","room":"abcd","userName":"safari"}}
[2022-10-03 13:23:00] INFO: user just connected
[2022-10-03 13:23:00] INFO: rooms:{"abcd":{"ids":["4o[eLNWpp","CEcoJ5Dfo"],"owner":"4o[eLNWpp","tempHost":"4o[eLNWpp","tempWrite":"4o[eLNWpp","names":["safari","chrome"]}}
[2022-10-03 13:23:00] INFO: socks:{"H2dU4Tw48h0MA_hhAAAB":{"userId":"4o[eLNWpp","room":"abcd","userName":"safari"},"AqwRq70UQCKVwGxyAAAD":{"userId":"CEcoJ5Dfo","room":"abcd","userName":"chrome"}}
[2022-10-03 13:23:00] INFO: Message from:4o[eLNWpp   To room:abcd   Host:4o[eLNWpp
[2022-10-03 13:23:04] INFO: Server is up on port 5123
[2022-10-03 13:23:05] INFO: user just connected
[2022-10-03 13:23:05] INFO: rooms:{"abcd":{"ids":["4o[eLNWpp"],"owner":"4o[eLNWpp","tempHost":"4o[eLNWpp","tempWrite":"4o[eLNWpp","names":["safari"]}}
[2022-10-03 13:23:05] INFO: socks:{"Co8mBfIlRcDSKGrkAAAB":{"userId":"4o[eLNWpp","room":"abcd","userName":"safari"}}
[2022-10-03 13:23:05] INFO: user just connected
[2022-10-03 13:23:05] INFO: rooms:{"abcd":{"ids":["4o[eLNWpp","CEcoJ5Dfo"],"owner":"4o[eLNWpp","tempHost":"4o[eLNWpp","tempWrite":"4o[eLNWpp","names":["safari","chrome"]}}
[2022-10-03 13:23:05] INFO: socks:{"Co8mBfIlRcDSKGrkAAAB":{"userId":"4o[eLNWpp","room":"abcd","userName":"safari"},"dgF4iTzIvb-pYjddAAAD":{"userId":"CEcoJ5Dfo","room":"abcd","userName":"chrome"}}
[2022-10-03 13:23:05] INFO: Message from:4o[eLNWpp   To room:abcd   Host:4o[eLNWpp
[2022-10-03 13:23:06] INFO: Server is up on port 5123
[2022-10-03 13:23:08] INFO: user just connected
[2022-10-03 13:23:08] INFO: user just connected
[2022-10-03 13:23:08] INFO: rooms:{"abcd":{"ids":["4o[eLNWpp"],"owner":"4o[eLNWpp","tempHost":"4o[eLNWpp","tempWrite":"4o[eLNWpp","names":["safari"]}}
[2022-10-03 13:23:08] INFO: socks:{"Br_W0GGCcFPbIB1VAAAB":{"userId":"4o[eLNWpp","room":"abcd","userName":"safari"}}
[2022-10-03 13:23:08] INFO: rooms:{"abcd":{"ids":["4o[eLNWpp","CEcoJ5Dfo"],"owner":"4o[eLNWpp","tempHost":"4o[eLNWpp","tempWrite":"4o[eLNWpp","names":["safari","chrome"]}}
[2022-10-03 13:23:08] INFO: socks:{"Br_W0GGCcFPbIB1VAAAB":{"userId":"4o[eLNWpp","room":"abcd","userName":"safari"},"Q1qbm4PlVYFiJ319AAAD":{"userId":"CEcoJ5Dfo","room":"abcd","userName":"chrome"}}
[2022-10-03 13:23:08] INFO: Message from:4o[eLNWpp   To room:abcd   Host:4o[eLNWpp
[2022-10-03 13:23:12] INFO: Server is up on port 5123
[2022-10-03 13:23:13] INFO: user just connected
[2022-10-03 13:23:13] INFO: rooms:{"abcd":{"ids":["CEcoJ5Dfo"],"owner":"CEcoJ5Dfo","tempHost":"CEcoJ5Dfo","tempWrite":"CEcoJ5Dfo","names":["chrome"]}}
[2022-10-03 13:23:13] INFO: socks:{"jTGMe9ZZYUWyUkFgAAAB":{"userId":"CEcoJ5Dfo","room":"abcd","userName":"chrome"}}
[2022-10-03 13:23:13] INFO: user just connected
[2022-10-03 13:23:13] INFO: rooms:{"abcd":{"ids":["CEcoJ5Dfo","4o[eLNWpp"],"owner":"CEcoJ5Dfo","tempHost":"CEcoJ5Dfo","tempWrite":"CEcoJ5Dfo","names":["chrome","safari"]}}
[2022-10-03 13:23:13] INFO: socks:{"jTGMe9ZZYUWyUkFgAAAB":{"userId":"CEcoJ5Dfo","room":"abcd","userName":"chrome"},"tsvWn17H-6D4Xu33AAAD":{"userId":"4o[eLNWpp","room":"abcd","userName":"safari"}}
[2022-10-03 13:23:13] INFO: Message from:CEcoJ5Dfo   To room:abcd   Host:CEcoJ5Dfo
[2022-10-03 13:23:16] INFO: {"abcd":{"ids":["CEcoJ5Dfo"],"owner":"CEcoJ5Dfo","tempHost":"CEcoJ5Dfo","tempWrite":"CEcoJ5Dfo","names":["chrome"]}}
[2022-10-03 13:23:16] INFO: user just disconnected
[2022-10-03 13:23:16] INFO: user just connected
[2022-10-03 13:23:16] INFO: rooms:{"abcd":{"ids":["CEcoJ5Dfo","4o[eLNWpp"],"owner":"CEcoJ5Dfo","tempHost":"CEcoJ5Dfo","tempWrite":"CEcoJ5Dfo","names":["chrome","safari"]}}
[2022-10-03 13:23:16] INFO: socks:{"jTGMe9ZZYUWyUkFgAAAB":{"userId":"CEcoJ5Dfo","room":"abcd","userName":"chrome"},"a2Deky5OFTbXpwb3AAAF":{"userId":"4o[eLNWpp","room":"abcd","userName":"safari"}}
[2022-10-03 13:23:16] INFO: Message from:CEcoJ5Dfo   To room:abcd   Host:CEcoJ5Dfo
[2022-10-03 13:23:23] INFO: {"abcd":{"ids":["4o[eLNWpp"],"owner":"CEcoJ5Dfo","tempHost":"CEcoJ5Dfo","tempWrite":"CEcoJ5Dfo","names":["safari"]}}
[2022-10-03 13:23:23] INFO: user just disconnected
[2022-10-03 13:23:23] INFO: user just connected
[2022-10-03 13:23:23] INFO: rooms:{"abcd":{"ids":["4o[eLNWpp","CEcoJ5Dfo"],"owner":"CEcoJ5Dfo","tempHost":"CEcoJ5Dfo","tempWrite":"CEcoJ5Dfo","names":["safari","chrome"]}}
[2022-10-03 13:23:23] INFO: socks:{"a2Deky5OFTbXpwb3AAAF":{"userId":"4o[eLNWpp","room":"abcd","userName":"safari"},"UAv5Z1JtTGKZA4WLAAAH":{"userId":"CEcoJ5Dfo","room":"abcd","userName":"chrome"}}
[2022-10-03 13:23:23] INFO: Message from:4o[eLNWpp   To room:abcd   Host:CEcoJ5Dfo
[2022-10-03 13:23:25] INFO: Message from:CEcoJ5Dfo   To room:abcd   Host:CEcoJ5Dfo
[2022-10-03 13:23:25] INFO: Message from:CEcoJ5Dfo   To room:abcd   Host:CEcoJ5Dfo
[2022-10-03 13:23:25] INFO: Message from:CEcoJ5Dfo   To room:abcd   Host:CEcoJ5Dfo
[2022-10-03 13:23:26] INFO: Message from:CEcoJ5Dfo   To room:abcd   Host:CEcoJ5Dfo
[2022-10-03 13:23:26] INFO: Message from:CEcoJ5Dfo   To room:abcd   Host:CEcoJ5Dfo
[2022-10-03 13:23:26] INFO: Message from:CEcoJ5Dfo   To room:abcd   Host:CEcoJ5Dfo
[2022-10-03 13:23:26] INFO: Message from:CEcoJ5Dfo   To room:abcd   Host:CEcoJ5Dfo
[2022-10-03 13:23:27] INFO: Message from:CEcoJ5Dfo   To room:abcd   Host:CEcoJ5Dfo
[2022-10-03 13:23:33] INFO: {"abcd":{"ids":["CEcoJ5Dfo"],"owner":"CEcoJ5Dfo","tempHost":"CEcoJ5Dfo","tempWrite":"CEcoJ5Dfo","names":["chrome"]}}
[2022-10-03 13:23:33] INFO: user just disconnected
[2022-10-03 13:23:34] INFO: {}
[2022-10-03 13:23:34] INFO: user just disconnected
[2022-10-03 15:28:07] INFO: Server is up on port 5123
[2022-10-03 15:28:12] INFO: user just connected
[2022-10-03 15:28:12] INFO: rooms:{"abcd":{"ids":["CEcoJ5Dfo"],"owner":"CEcoJ5Dfo","tempHost":"CEcoJ5Dfo","tempWrite":"CEcoJ5Dfo","names":["chrome"]}}
[2022-10-03 15:28:12] INFO: socks:{"Wht0t-bYKFXpxiPQAAAB":{"userId":"CEcoJ5Dfo","room":"abcd","userName":"chrome"}}
[2022-10-03 15:28:14] INFO: user just connected
[2022-10-03 15:28:15] INFO: rooms:{"abcd":{"ids":["CEcoJ5Dfo","4o[eLNWpp"],"owner":"CEcoJ5Dfo","tempHost":"CEcoJ5Dfo","tempWrite":"CEcoJ5Dfo","names":["chrome","safari"]}}
[2022-10-03 15:28:15] INFO: socks:{"Wht0t-bYKFXpxiPQAAAB":{"userId":"CEcoJ5Dfo","room":"abcd","userName":"chrome"},"0B75VZN_lcu7-pl1AAAD":{"userId":"4o[eLNWpp","room":"abcd","userName":"safari"}}
[2022-10-03 15:28:15] INFO: Message from:CEcoJ5Dfo   To room:abcd   Host:CEcoJ5Dfo
[2022-10-03 15:28:19] INFO: {"abcd":{"ids":["4o[eLNWpp"],"owner":"CEcoJ5Dfo","tempHost":"CEcoJ5Dfo","tempWrite":"CEcoJ5Dfo","names":["safari"]}}
[2022-10-03 15:28:19] INFO: user just disconnected
[2022-10-03 15:28:19] INFO: user just connected
[2022-10-03 15:28:19] INFO: rooms:{"abcd":{"ids":["4o[eLNWpp","CEcoJ5Dfo"],"owner":"CEcoJ5Dfo","tempHost":"CEcoJ5Dfo","tempWrite":"CEcoJ5Dfo","names":["safari","chrome"]}}
[2022-10-03 15:28:19] INFO: socks:{"0B75VZN_lcu7-pl1AAAD":{"userId":"4o[eLNWpp","room":"abcd","userName":"safari"},"Rm_FBDgFyzKZxdeDAAAF":{"userId":"CEcoJ5Dfo","room":"abcd","userName":"chrome"}}
[2022-10-03 15:28:19] INFO: Message from:4o[eLNWpp   To room:abcd   Host:CEcoJ5Dfo
[2022-10-03 15:28:21] INFO: Message from:CEcoJ5Dfo   To room:abcd   Host:CEcoJ5Dfo
[2022-10-03 15:28:21] INFO: Message from:CEcoJ5Dfo   To room:abcd   Host:CEcoJ5Dfo
[2022-10-03 15:28:21] INFO: Message from:CEcoJ5Dfo   To room:abcd   Host:CEcoJ5Dfo
[2022-10-03 15:28:21] INFO: Message from:CEcoJ5Dfo   To room:abcd   Host:CEcoJ5Dfo
[2022-10-03 15:28:21] INFO: Message from:CEcoJ5Dfo   To room:abcd   Host:CEcoJ5Dfo
[2022-10-03 15:28:21] INFO: Message from:CEcoJ5Dfo   To room:abcd   Host:CEcoJ5Dfo
[2022-10-03 15:28:22] INFO: Message from:CEcoJ5Dfo   To room:abcd   Host:CEcoJ5Dfo
[2022-10-03 15:28:22] INFO: Message from:CEcoJ5Dfo   To room:abcd   Host:CEcoJ5Dfo
[2022-10-03 15:28:22] INFO: Message from:CEcoJ5Dfo   To room:abcd   Host:CEcoJ5Dfo
[2022-10-03 15:28:22] INFO: Message from:CEcoJ5Dfo   To room:abcd   Host:CEcoJ5Dfo
[2022-10-03 15:28:22] INFO: Message from:CEcoJ5Dfo   To room:abcd   Host:CEcoJ5Dfo
[2022-10-03 15:28:23] INFO: Message from:CEcoJ5Dfo   To room:abcd   Host:CEcoJ5Dfo
[2022-10-03 15:28:23] INFO: Message from:CEcoJ5Dfo   To room:abcd   Host:CEcoJ5Dfo
[2022-10-03 15:28:23] INFO: Message from:CEcoJ5Dfo   To room:abcd   Host:CEcoJ5Dfo
[2022-10-03 15:28:23] INFO: Message from:CEcoJ5Dfo   To room:abcd   Host:CEcoJ5Dfo
[2022-10-03 15:28:23] INFO: Message from:CEcoJ5Dfo   To room:abcd   Host:CEcoJ5Dfo
[2022-10-03 15:28:23] INFO: Message from:CEcoJ5Dfo   To room:abcd   Host:CEcoJ5Dfo
[2022-10-03 15:28:24] INFO: Message from:CEcoJ5Dfo   To room:abcd   Host:CEcoJ5Dfo
[2022-10-03 15:28:24] INFO: Message from:CEcoJ5Dfo   To room:abcd   Host:CEcoJ5Dfo
[2022-10-03 15:28:24] INFO: Message from:CEcoJ5Dfo   To room:abcd   Host:CEcoJ5Dfo
[2022-10-03 15:28:24] INFO: Message from:CEcoJ5Dfo   To room:abcd   Host:CEcoJ5Dfo
[2022-10-03 15:28:24] INFO: Message from:CEcoJ5Dfo   To room:abcd   Host:CEcoJ5Dfo
[2022-10-03 15:28:25] INFO: Message from:CEcoJ5Dfo   To room:abcd   Host:CEcoJ5Dfo
[2022-10-03 15:28:25] INFO: Message from:CEcoJ5Dfo   To room:abcd   Host:CEcoJ5Dfo
[2022-10-03 15:28:25] INFO: Message from:CEcoJ5Dfo   To room:abcd   Host:CEcoJ5Dfo
[2022-10-03 15:28:26] INFO: Message from:CEcoJ5Dfo   To room:abcd   Host:CEcoJ5Dfo
[2022-10-03 15:28:26] INFO: Message from:CEcoJ5Dfo   To room:abcd   Host:CEcoJ5Dfo
[2022-10-03 15:28:34] INFO: {"abcd":{"ids":["4o[eLNWpp"],"owner":"CEcoJ5Dfo","tempHost":"CEcoJ5Dfo","tempWrite":"CEcoJ5Dfo","names":["safari"]}}
[2022-10-03 15:28:34] INFO: user just disconnected
[2022-10-03 15:28:34] INFO: user just connected
[2022-10-03 15:28:34] INFO: rooms:{"abcd":{"ids":["4o[eLNWpp","CEcoJ5Dfo"],"owner":"CEcoJ5Dfo","tempHost":"CEcoJ5Dfo","tempWrite":"CEcoJ5Dfo","names":["safari","chrome1"]}}
[2022-10-03 15:28:34] INFO: socks:{"0B75VZN_lcu7-pl1AAAD":{"userId":"4o[eLNWpp","room":"abcd","userName":"safari"},"PUNvCs7CeeePLRFbAAAH":{"userId":"CEcoJ5Dfo","room":"abcd","userName":"chrome1"}}
[2022-10-03 15:28:34] INFO: Message from:4o[eLNWpp   To room:abcd   Host:CEcoJ5Dfo
[2022-10-03 15:28:38] INFO: {"abcd":{"ids":["CEcoJ5Dfo"],"owner":"CEcoJ5Dfo","tempHost":"CEcoJ5Dfo","tempWrite":"CEcoJ5Dfo","names":["chrome1"]}}
[2022-10-03 15:28:38] INFO: user just disconnected
[2022-10-03 15:28:38] INFO: user just connected
[2022-10-03 15:28:38] INFO: rooms:{"abcd":{"ids":["CEcoJ5Dfo","4o[eLNWpp"],"owner":"CEcoJ5Dfo","tempHost":"CEcoJ5Dfo","tempWrite":"CEcoJ5Dfo","names":["chrome1","safari"]}}
[2022-10-03 15:28:38] INFO: socks:{"PUNvCs7CeeePLRFbAAAH":{"userId":"CEcoJ5Dfo","room":"abcd","userName":"chrome1"},"8R9kOueV9ZE0wQbnAAAJ":{"userId":"4o[eLNWpp","room":"abcd","userName":"safari"}}
[2022-10-03 15:28:38] INFO: Message from:CEcoJ5Dfo   To room:abcd   Host:CEcoJ5Dfo
[2022-10-03 15:28:41] INFO: Message from:CEcoJ5Dfo   To room:abcd   Host:CEcoJ5Dfo
[2022-10-03 15:28:42] INFO: Message from:CEcoJ5Dfo   To room:abcd   Host:CEcoJ5Dfo
[2022-10-03 15:28:42] INFO: Message from:CEcoJ5Dfo   To room:abcd   Host:CEcoJ5Dfo
[2022-10-03 15:28:42] INFO: Message from:CEcoJ5Dfo   To room:abcd   Host:CEcoJ5Dfo
[2022-10-03 15:28:42] INFO: Message from:CEcoJ5Dfo   To room:abcd   Host:CEcoJ5Dfo
[2022-10-03 15:28:42] INFO: Message from:CEcoJ5Dfo   To room:abcd   Host:CEcoJ5Dfo
[2022-10-03 15:28:42] INFO: Message from:CEcoJ5Dfo   To room:abcd   Host:CEcoJ5Dfo
[2022-10-03 15:28:42] INFO: Message from:CEcoJ5Dfo   To room:abcd   Host:CEcoJ5Dfo
[2022-10-03 15:28:43] INFO: Message from:CEcoJ5Dfo   To room:abcd   Host:CEcoJ5Dfo
[2022-10-03 15:28:43] INFO: Message from:CEcoJ5Dfo   To room:abcd   Host:CEcoJ5Dfo
[2022-10-03 15:28:43] INFO: Message from:CEcoJ5Dfo   To room:abcd   Host:CEcoJ5Dfo
[2022-10-03 15:28:44] INFO: Message from:CEcoJ5Dfo   To room:abcd   Host:CEcoJ5Dfo
[2022-10-03 15:28:44] INFO: Message from:CEcoJ5Dfo   To room:abcd   Host:CEcoJ5Dfo
[2022-10-03 15:28:44] INFO: Message from:CEcoJ5Dfo   To room:abcd   Host:CEcoJ5Dfo
[2022-10-03 15:28:44] INFO: Message from:CEcoJ5Dfo   To room:abcd   Host:CEcoJ5Dfo
[2022-10-03 15:28:44] INFO: Message from:CEcoJ5Dfo   To room:abcd   Host:CEcoJ5Dfo
[2022-10-03 15:28:44] INFO: Message from:CEcoJ5Dfo   To room:abcd   Host:CEcoJ5Dfo
[2022-10-03 15:28:48] INFO: {"abcd":{"ids":["4o[eLNWpp"],"owner":"CEcoJ5Dfo","tempHost":"CEcoJ5Dfo","tempWrite":"CEcoJ5Dfo","names":["safari"]}}
[2022-10-03 15:28:48] INFO: user just disconnected
[2022-10-03 15:28:50] INFO: {}
[2022-10-03 15:28:50] INFO: user just disconnected
[2022-10-03 15:36:09] INFO: Server is up on port 5123
[2022-10-03 15:36:11] INFO: user just connected
[2022-10-03 15:36:15] INFO: {}
[2022-10-03 15:36:15] INFO: user just disconnected
[2022-10-03 15:36:56] INFO: Server is up on port 5123
[2022-10-03 15:38:28] INFO: Server is up on port 5123
[2022-10-03 15:39:23] INFO: user just connected
[2022-10-03 15:39:23] INFO: rooms:{"abcd":{"ids":["CEcoJ5Dfo"],"owner":"CEcoJ5Dfo","tempHost":"CEcoJ5Dfo","tempWrite":"CEcoJ5Dfo","names":["chrome1"]}}
[2022-10-03 15:39:23] INFO: socks:{"rNNtcjlv7_DNsNdOAAAB":{"userId":"CEcoJ5Dfo","room":"abcd","userName":"chrome1"}}
[2022-10-03 15:39:29] INFO: Message from:CEcoJ5Dfo   To room:abcd   Host:CEcoJ5Dfo
[2022-10-03 15:39:29] INFO: Message from:CEcoJ5Dfo   To room:abcd   Host:CEcoJ5Dfo
[2022-10-03 15:39:29] INFO: Message from:CEcoJ5Dfo   To room:abcd   Host:CEcoJ5Dfo
[2022-10-03 15:39:29] INFO: Message from:CEcoJ5Dfo   To room:abcd   Host:CEcoJ5Dfo
[2022-10-03 15:39:30] INFO: Message from:CEcoJ5Dfo   To room:abcd   Host:CEcoJ5Dfo
[2022-10-03 15:39:30] INFO: Message from:CEcoJ5Dfo   To room:abcd   Host:CEcoJ5Dfo
[2022-10-03 15:39:30] INFO: Message from:CEcoJ5Dfo   To room:abcd   Host:CEcoJ5Dfo
[2022-10-03 15:39:30] INFO: Message from:CEcoJ5Dfo   To room:abcd   Host:CEcoJ5Dfo
[2022-10-03 15:39:30] INFO: Message from:CEcoJ5Dfo   To room:abcd   Host:CEcoJ5Dfo
[2022-10-03 15:39:30] INFO: Message from:CEcoJ5Dfo   To room:abcd   Host:CEcoJ5Dfo
[2022-10-03 15:39:31] INFO: Message from:CEcoJ5Dfo   To room:abcd   Host:CEcoJ5Dfo
[2022-10-03 15:39:31] INFO: Message from:CEcoJ5Dfo   To room:abcd   Host:CEcoJ5Dfo
[2022-10-03 15:39:31] INFO: Message from:CEcoJ5Dfo   To room:abcd   Host:CEcoJ5Dfo
[2022-10-03 15:39:32] INFO: Message from:CEcoJ5Dfo   To room:abcd   Host:CEcoJ5Dfo
[2022-10-03 15:39:32] INFO: Message from:CEcoJ5Dfo   To room:abcd   Host:CEcoJ5Dfo
[2022-10-03 15:39:33] INFO: Message from:CEcoJ5Dfo   To room:abcd   Host:CEcoJ5Dfo
[2022-10-03 15:39:33] INFO: Message from:CEcoJ5Dfo   To room:abcd   Host:CEcoJ5Dfo
[2022-10-03 15:39:33] INFO: Message from:CEcoJ5Dfo   To room:abcd   Host:CEcoJ5Dfo
[2022-10-03 15:39:33] INFO: Message from:CEcoJ5Dfo   To room:abcd   Host:CEcoJ5Dfo
[2022-10-03 15:39:33] INFO: Message from:CEcoJ5Dfo   To room:abcd   Host:CEcoJ5Dfo
[2022-10-03 15:39:34] INFO: Message from:CEcoJ5Dfo   To room:abcd   Host:CEcoJ5Dfo
[2022-10-03 15:39:34] INFO: Message from:CEcoJ5Dfo   To room:abcd   Host:CEcoJ5Dfo
[2022-10-03 15:39:35] INFO: Message from:CEcoJ5Dfo   To room:abcd   Host:CEcoJ5Dfo
[2022-10-03 15:39:35] INFO: Message from:CEcoJ5Dfo   To room:abcd   Host:CEcoJ5Dfo
[2022-10-03 15:39:36] INFO: Message from:CEcoJ5Dfo   To room:abcd   Host:CEcoJ5Dfo
[2022-10-03 15:39:37] INFO: Message from:CEcoJ5Dfo   To room:abcd   Host:CEcoJ5Dfo
[2022-10-03 15:39:38] INFO: Message from:CEcoJ5Dfo   To room:abcd   Host:CEcoJ5Dfo
[2022-10-03 15:39:38] INFO: Message from:CEcoJ5Dfo   To room:abcd   Host:CEcoJ5Dfo
[2022-10-03 15:39:39] INFO: Message from:CEcoJ5Dfo   To room:abcd   Host:CEcoJ5Dfo
[2022-10-03 15:39:39] INFO: Message from:CEcoJ5Dfo   To room:abcd   Host:CEcoJ5Dfo
[2022-10-03 15:39:40] INFO: Message from:CEcoJ5Dfo   To room:abcd   Host:CEcoJ5Dfo
[2022-10-03 15:39:40] INFO: Message from:CEcoJ5Dfo   To room:abcd   Host:CEcoJ5Dfo
[2022-10-03 15:39:40] INFO: Message from:CEcoJ5Dfo   To room:abcd   Host:CEcoJ5Dfo
[2022-10-03 15:39:40] INFO: Message from:CEcoJ5Dfo   To room:abcd   Host:CEcoJ5Dfo
[2022-10-03 15:39:40] INFO: Message from:CEcoJ5Dfo   To room:abcd   Host:CEcoJ5Dfo
[2022-10-03 15:39:42] INFO: Message from:CEcoJ5Dfo   To room:abcd   Host:CEcoJ5Dfo
[2022-10-03 15:39:47] INFO: Message from:CEcoJ5Dfo   To room:abcd   Host:CEcoJ5Dfo
[2022-10-03 15:39:49] INFO: Message from:CEcoJ5Dfo   To room:abcd   Host:CEcoJ5Dfo
[2022-10-03 15:39:51] INFO: Message from:CEcoJ5Dfo   To room:abcd   Host:CEcoJ5Dfo
[2022-10-03 15:39:53] INFO: Message from:CEcoJ5Dfo   To room:abcd   Host:CEcoJ5Dfo
[2022-10-03 15:39:53] INFO: Message from:CEcoJ5Dfo   To room:abcd   Host:CEcoJ5Dfo
[2022-10-03 15:39:54] INFO: Message from:CEcoJ5Dfo   To room:abcd   Host:CEcoJ5Dfo
[2022-10-03 15:39:54] INFO: Message from:CEcoJ5Dfo   To room:abcd   Host:CEcoJ5Dfo
[2022-10-03 15:39:54] INFO: Message from:CEcoJ5Dfo   To room:abcd   Host:CEcoJ5Dfo
[2022-10-03 15:39:54] INFO: Message from:CEcoJ5Dfo   To room:abcd   Host:CEcoJ5Dfo
[2022-10-03 15:39:55] INFO: Message from:CEcoJ5Dfo   To room:abcd   Host:CEcoJ5Dfo
[2022-10-03 15:39:55] INFO: Message from:CEcoJ5Dfo   To room:abcd   Host:CEcoJ5Dfo
[2022-10-03 15:39:55] INFO: Message from:CEcoJ5Dfo   To room:abcd   Host:CEcoJ5Dfo
[2022-10-03 15:39:56] INFO: Message from:CEcoJ5Dfo   To room:abcd   Host:CEcoJ5Dfo
[2022-10-03 15:39:56] INFO: Message from:CEcoJ5Dfo   To room:abcd   Host:CEcoJ5Dfo
[2022-10-03 15:39:56] INFO: Message from:CEcoJ5Dfo   To room:abcd   Host:CEcoJ5Dfo
[2022-10-03 15:39:56] INFO: Message from:CEcoJ5Dfo   To room:abcd   Host:CEcoJ5Dfo
[2022-10-03 15:39:57] INFO: Message from:CEcoJ5Dfo   To room:abcd   Host:CEcoJ5Dfo
[2022-10-03 15:39:57] INFO: Message from:CEcoJ5Dfo   To room:abcd   Host:CEcoJ5Dfo
[2022-10-03 15:39:57] INFO: Message from:CEcoJ5Dfo   To room:abcd   Host:CEcoJ5Dfo
[2022-10-03 15:40:02] INFO: Message from:CEcoJ5Dfo   To room:abcd   Host:CEcoJ5Dfo
[2022-10-03 15:40:03] INFO: Message from:CEcoJ5Dfo   To room:abcd   Host:CEcoJ5Dfo
[2022-10-03 15:40:04] INFO: Message from:CEcoJ5Dfo   To room:abcd   Host:CEcoJ5Dfo
[2022-10-03 15:40:04] INFO: Message from:CEcoJ5Dfo   To room:abcd   Host:CEcoJ5Dfo
[2022-10-03 15:40:04] INFO: Message from:CEcoJ5Dfo   To room:abcd   Host:CEcoJ5Dfo
[2022-10-03 15:40:04] INFO: Message from:CEcoJ5Dfo   To room:abcd   Host:CEcoJ5Dfo
[2022-10-03 15:40:04] INFO: Message from:CEcoJ5Dfo   To room:abcd   Host:CEcoJ5Dfo
[2022-10-03 15:40:04] INFO: Message from:CEcoJ5Dfo   To room:abcd   Host:CEcoJ5Dfo
[2022-10-03 15:40:05] INFO: Message from:CEcoJ5Dfo   To room:abcd   Host:CEcoJ5Dfo
[2022-10-03 15:40:05] INFO: Message from:CEcoJ5Dfo   To room:abcd   Host:CEcoJ5Dfo
[2022-10-03 15:40:06] INFO: Message from:CEcoJ5Dfo   To room:abcd   Host:CEcoJ5Dfo
[2022-10-03 15:40:06] INFO: Message from:CEcoJ5Dfo   To room:abcd   Host:CEcoJ5Dfo
[2022-10-03 15:40:06] INFO: Message from:CEcoJ5Dfo   To room:abcd   Host:CEcoJ5Dfo
[2022-10-03 15:40:06] INFO: Message from:CEcoJ5Dfo   To room:abcd   Host:CEcoJ5Dfo
[2022-10-03 15:40:06] INFO: Message from:CEcoJ5Dfo   To room:abcd   Host:CEcoJ5Dfo
[2022-10-03 15:40:07] INFO: Message from:CEcoJ5Dfo   To room:abcd   Host:CEcoJ5Dfo
[2022-10-03 15:40:07] INFO: Message from:CEcoJ5Dfo   To room:abcd   Host:CEcoJ5Dfo
[2022-10-03 15:40:07] INFO: Message from:CEcoJ5Dfo   To room:abcd   Host:CEcoJ5Dfo
[2022-10-03 15:40:07] INFO: Message from:CEcoJ5Dfo   To room:abcd   Host:CEcoJ5Dfo
[2022-10-03 15:40:08] INFO: Message from:CEcoJ5Dfo   To room:abcd   Host:CEcoJ5Dfo
[2022-10-03 15:40:08] INFO: Message from:CEcoJ5Dfo   To room:abcd   Host:CEcoJ5Dfo
[2022-10-03 15:40:08] INFO: Message from:CEcoJ5Dfo   To room:abcd   Host:CEcoJ5Dfo
[2022-10-03 15:40:08] INFO: Message from:CEcoJ5Dfo   To room:abcd   Host:CEcoJ5Dfo
[2022-10-03 15:40:09] INFO: Message from:CEcoJ5Dfo   To room:abcd   Host:CEcoJ5Dfo
[2022-10-03 15:40:09] INFO: Message from:CEcoJ5Dfo   To room:abcd   Host:CEcoJ5Dfo
[2022-10-03 15:40:09] INFO: Message from:CEcoJ5Dfo   To room:abcd   Host:CEcoJ5Dfo
[2022-10-03 15:40:09] INFO: Message from:CEcoJ5Dfo   To room:abcd   Host:CEcoJ5Dfo
[2022-10-03 15:40:09] INFO: Message from:CEcoJ5Dfo   To room:abcd   Host:CEcoJ5Dfo
[2022-10-03 15:40:10] INFO: Message from:CEcoJ5Dfo   To room:abcd   Host:CEcoJ5Dfo
[2022-10-03 15:40:10] INFO: Message from:CEcoJ5Dfo   To room:abcd   Host:CEcoJ5Dfo
[2022-10-03 15:40:10] INFO: Message from:CEcoJ5Dfo   To room:abcd   Host:CEcoJ5Dfo
[2022-10-03 15:40:10] INFO: Message from:CEcoJ5Dfo   To room:abcd   Host:CEcoJ5Dfo
[2022-10-03 15:40:11] INFO: Message from:CEcoJ5Dfo   To room:abcd   Host:CEcoJ5Dfo
[2022-10-03 15:40:11] INFO: Message from:CEcoJ5Dfo   To room:abcd   Host:CEcoJ5Dfo
[2022-10-03 15:40:11] INFO: Message from:CEcoJ5Dfo   To room:abcd   Host:CEcoJ5Dfo
[2022-10-03 15:40:12] INFO: Message from:CEcoJ5Dfo   To room:abcd   Host:CEcoJ5Dfo
[2022-10-03 15:40:13] INFO: Message from:CEcoJ5Dfo   To room:abcd   Host:CEcoJ5Dfo
[2022-10-03 15:40:15] INFO: Message from:CEcoJ5Dfo   To room:abcd   Host:CEcoJ5Dfo
[2022-10-03 15:40:16] INFO: Message from:CEcoJ5Dfo   To room:abcd   Host:CEcoJ5Dfo
[2022-10-03 15:40:17] INFO: Message from:CEcoJ5Dfo   To room:abcd   Host:CEcoJ5Dfo
[2022-10-03 15:40:22] INFO: Message from:CEcoJ5Dfo   To room:abcd   Host:CEcoJ5Dfo
[2022-10-03 15:40:23] INFO: Message from:CEcoJ5Dfo   To room:abcd   Host:CEcoJ5Dfo
[2022-10-03 15:40:24] INFO: Message from:CEcoJ5Dfo   To room:abcd   Host:CEcoJ5Dfo
[2022-10-03 15:40:25] INFO: Message from:CEcoJ5Dfo   To room:abcd   Host:CEcoJ5Dfo
[2022-10-03 15:40:26] INFO: Message from:CEcoJ5Dfo   To room:abcd   Host:CEcoJ5Dfo
[2022-10-03 15:40:27] INFO: Message from:CEcoJ5Dfo   To room:abcd   Host:CEcoJ5Dfo
[2022-10-03 15:40:27] INFO: Message from:CEcoJ5Dfo   To room:abcd   Host:CEcoJ5Dfo
[2022-10-03 15:40:27] INFO: Message from:CEcoJ5Dfo   To room:abcd   Host:CEcoJ5Dfo
[2022-10-03 15:40:27] INFO: Message from:CEcoJ5Dfo   To room:abcd   Host:CEcoJ5Dfo
[2022-10-03 15:40:31] INFO: Message from:CEcoJ5Dfo   To room:abcd   Host:CEcoJ5Dfo
[2022-10-03 15:40:32] INFO: Message from:CEcoJ5Dfo   To room:abcd   Host:CEcoJ5Dfo
[2022-10-03 15:40:32] INFO: Message from:CEcoJ5Dfo   To room:abcd   Host:CEcoJ5Dfo
[2022-10-03 15:40:32] INFO: Message from:CEcoJ5Dfo   To room:abcd   Host:CEcoJ5Dfo
[2022-10-03 15:40:32] INFO: Message from:CEcoJ5Dfo   To room:abcd   Host:CEcoJ5Dfo
[2022-10-03 15:40:33] INFO: Message from:CEcoJ5Dfo   To room:abcd   Host:CEcoJ5Dfo
[2022-10-03 15:40:34] INFO: Message from:CEcoJ5Dfo   To room:abcd   Host:CEcoJ5Dfo
[2022-10-03 15:40:35] INFO: Message from:CEcoJ5Dfo   To room:abcd   Host:CEcoJ5Dfo
[2022-10-03 15:40:37] INFO: Message from:CEcoJ5Dfo   To room:abcd   Host:CEcoJ5Dfo
[2022-10-03 15:40:37] INFO: Message from:CEcoJ5Dfo   To room:abcd   Host:CEcoJ5Dfo
[2022-10-03 15:40:37] INFO: Message from:CEcoJ5Dfo   To room:abcd   Host:CEcoJ5Dfo
[2022-10-03 15:40:38] INFO: Message from:CEcoJ5Dfo   To room:abcd   Host:CEcoJ5Dfo
[2022-10-03 15:40:38] INFO: Message from:CEcoJ5Dfo   To room:abcd   Host:CEcoJ5Dfo
[2022-10-03 15:40:38] INFO: Message from:CEcoJ5Dfo   To room:abcd   Host:CEcoJ5Dfo
[2022-10-03 15:40:38] INFO: Message from:CEcoJ5Dfo   To room:abcd   Host:CEcoJ5Dfo
[2022-10-03 15:40:41] INFO: Message from:CEcoJ5Dfo   To room:abcd   Host:CEcoJ5Dfo
[2022-10-03 15:40:41] INFO: Message from:CEcoJ5Dfo   To room:abcd   Host:CEcoJ5Dfo
[2022-10-03 15:40:41] INFO: Message from:CEcoJ5Dfo   To room:abcd   Host:CEcoJ5Dfo
[2022-10-03 15:40:41] INFO: Message from:CEcoJ5Dfo   To room:abcd   Host:CEcoJ5Dfo
[2022-10-03 15:40:41] INFO: Message from:CEcoJ5Dfo   To room:abcd   Host:CEcoJ5Dfo
[2022-10-03 15:40:41] INFO: Message from:CEcoJ5Dfo   To room:abcd   Host:CEcoJ5Dfo
[2022-10-03 15:40:42] INFO: Message from:CEcoJ5Dfo   To room:abcd   Host:CEcoJ5Dfo
[2022-10-03 15:40:42] INFO: Message from:CEcoJ5Dfo   To room:abcd   Host:CEcoJ5Dfo
[2022-10-03 15:40:42] INFO: Message from:CEcoJ5Dfo   To room:abcd   Host:CEcoJ5Dfo
[2022-10-03 15:40:43] INFO: Message from:CEcoJ5Dfo   To room:abcd   Host:CEcoJ5Dfo
[2022-10-03 15:40:43] INFO: Message from:CEcoJ5Dfo   To room:abcd   Host:CEcoJ5Dfo
[2022-10-03 15:40:46] INFO: Message from:CEcoJ5Dfo   To room:abcd   Host:CEcoJ5Dfo
[2022-10-03 15:40:46] INFO: Message from:CEcoJ5Dfo   To room:abcd   Host:CEcoJ5Dfo
[2022-10-03 15:40:46] INFO: Message from:CEcoJ5Dfo   To room:abcd   Host:CEcoJ5Dfo
[2022-10-03 15:40:46] INFO: Message from:CEcoJ5Dfo   To room:abcd   Host:CEcoJ5Dfo
[2022-10-03 15:40:47] INFO: Message from:CEcoJ5Dfo   To room:abcd   Host:CEcoJ5Dfo
[2022-10-03 15:40:47] INFO: Message from:CEcoJ5Dfo   To room:abcd   Host:CEcoJ5Dfo
[2022-10-03 15:40:49] INFO: Message from:CEcoJ5Dfo   To room:abcd   Host:CEcoJ5Dfo
[2022-10-03 15:40:50] INFO: Message from:CEcoJ5Dfo   To room:abcd   Host:CEcoJ5Dfo
[2022-10-03 15:40:54] INFO: Message from:CEcoJ5Dfo   To room:abcd   Host:CEcoJ5Dfo
[2022-10-03 15:40:55] INFO: Message from:CEcoJ5Dfo   To room:abcd   Host:CEcoJ5Dfo
[2022-10-03 15:40:56] INFO: Message from:CEcoJ5Dfo   To room:abcd   Host:CEcoJ5Dfo
[2022-10-03 15:40:56] INFO: Message from:CEcoJ5Dfo   To room:abcd   Host:CEcoJ5Dfo
[2022-10-03 15:40:57] INFO: Message from:CEcoJ5Dfo   To room:abcd   Host:CEcoJ5Dfo
[2022-10-03 15:40:57] INFO: Message from:CEcoJ5Dfo   To room:abcd   Host:CEcoJ5Dfo
[2022-10-03 15:40:57] INFO: Message from:CEcoJ5Dfo   To room:abcd   Host:CEcoJ5Dfo
[2022-10-03 15:40:59] INFO: Message from:CEcoJ5Dfo   To room:abcd   Host:CEcoJ5Dfo
[2022-10-03 15:40:59] INFO: Message from:CEcoJ5Dfo   To room:abcd   Host:CEcoJ5Dfo
[2022-10-03 15:40:59] INFO: Message from:CEcoJ5Dfo   To room:abcd   Host:CEcoJ5Dfo
[2022-10-03 15:40:59] INFO: Message from:CEcoJ5Dfo   To room:abcd   Host:CEcoJ5Dfo
[2022-10-03 15:41:00] INFO: Message from:CEcoJ5Dfo   To room:abcd   Host:CEcoJ5Dfo
[2022-10-03 15:41:01] INFO: Message from:CEcoJ5Dfo   To room:abcd   Host:CEcoJ5Dfo
[2022-10-03 15:41:03] INFO: Message from:CEcoJ5Dfo   To room:abcd   Host:CEcoJ5Dfo
[2022-10-03 15:41:04] INFO: Message from:CEcoJ5Dfo   To room:abcd   Host:CEcoJ5Dfo
[2022-10-03 15:41:04] INFO: Message from:CEcoJ5Dfo   To room:abcd   Host:CEcoJ5Dfo
[2022-10-03 15:41:04] INFO: Message from:CEcoJ5Dfo   To room:abcd   Host:CEcoJ5Dfo
[2022-10-03 15:41:05] INFO: Message from:CEcoJ5Dfo   To room:abcd   Host:CEcoJ5Dfo
[2022-10-03 15:41:05] INFO: Message from:CEcoJ5Dfo   To room:abcd   Host:CEcoJ5Dfo
[2022-10-03 15:41:05] INFO: Message from:CEcoJ5Dfo   To room:abcd   Host:CEcoJ5Dfo
[2022-10-03 15:41:06] INFO: Message from:CEcoJ5Dfo   To room:abcd   Host:CEcoJ5Dfo
[2022-10-03 15:41:06] INFO: Message from:CEcoJ5Dfo   To room:abcd   Host:CEcoJ5Dfo
[2022-10-03 15:41:06] INFO: Message from:CEcoJ5Dfo   To room:abcd   Host:CEcoJ5Dfo
[2022-10-03 15:41:07] INFO: Message from:CEcoJ5Dfo   To room:abcd   Host:CEcoJ5Dfo
[2022-10-03 15:41:07] INFO: Message from:CEcoJ5Dfo   To room:abcd   Host:CEcoJ5Dfo
[2022-10-03 15:41:08] INFO: Message from:CEcoJ5Dfo   To room:abcd   Host:CEcoJ5Dfo
[2022-10-03 15:41:11] INFO: Message from:CEcoJ5Dfo   To room:abcd   Host:CEcoJ5Dfo
[2022-10-03 15:41:12] INFO: Message from:CEcoJ5Dfo   To room:abcd   Host:CEcoJ5Dfo
[2022-10-03 15:41:12] INFO: Message from:CEcoJ5Dfo   To room:abcd   Host:CEcoJ5Dfo
[2022-10-03 15:41:12] INFO: Message from:CEcoJ5Dfo   To room:abcd   Host:CEcoJ5Dfo
[2022-10-03 15:41:13] INFO: Message from:CEcoJ5Dfo   To room:abcd   Host:CEcoJ5Dfo
[2022-10-03 15:41:14] INFO: Message from:CEcoJ5Dfo   To room:abcd   Host:CEcoJ5Dfo
[2022-10-03 15:41:15] INFO: Message from:CEcoJ5Dfo   To room:abcd   Host:CEcoJ5Dfo
[2022-10-03 15:41:18] INFO: Message from:CEcoJ5Dfo   To room:abcd   Host:CEcoJ5Dfo
[2022-10-03 15:41:18] INFO: Message from:CEcoJ5Dfo   To room:abcd   Host:CEcoJ5Dfo
[2022-10-03 15:41:19] INFO: Message from:CEcoJ5Dfo   To room:abcd   Host:CEcoJ5Dfo
[2022-10-03 15:41:20] INFO: Message from:CEcoJ5Dfo   To room:abcd   Host:CEcoJ5Dfo
[2022-10-03 15:41:20] INFO: Message from:CEcoJ5Dfo   To room:abcd   Host:CEcoJ5Dfo
[2022-10-03 15:41:20] INFO: Message from:CEcoJ5Dfo   To room:abcd   Host:CEcoJ5Dfo
[2022-10-03 15:41:21] INFO: Message from:CEcoJ5Dfo   To room:abcd   Host:CEcoJ5Dfo
[2022-10-03 15:41:21] INFO: Message from:CEcoJ5Dfo   To room:abcd   Host:CEcoJ5Dfo
[2022-10-03 15:41:21] INFO: Message from:CEcoJ5Dfo   To room:abcd   Host:CEcoJ5Dfo
[2022-10-03 15:41:21] INFO: Message from:CEcoJ5Dfo   To room:abcd   Host:CEcoJ5Dfo
[2022-10-03 15:41:22] INFO: Message from:CEcoJ5Dfo   To room:abcd   Host:CEcoJ5Dfo
[2022-10-03 15:41:22] INFO: Message from:CEcoJ5Dfo   To room:abcd   Host:CEcoJ5Dfo
[2022-10-03 15:41:22] INFO: Message from:CEcoJ5Dfo   To room:abcd   Host:CEcoJ5Dfo
[2022-10-03 15:41:23] INFO: Message from:CEcoJ5Dfo   To room:abcd   Host:CEcoJ5Dfo
[2022-10-03 15:41:24] INFO: Message from:CEcoJ5Dfo   To room:abcd   Host:CEcoJ5Dfo
[2022-10-03 15:41:24] INFO: Message from:CEcoJ5Dfo   To room:abcd   Host:CEcoJ5Dfo
[2022-10-03 15:41:24] INFO: Message from:CEcoJ5Dfo   To room:abcd   Host:CEcoJ5Dfo
[2022-10-03 15:41:24] INFO: Message from:CEcoJ5Dfo   To room:abcd   Host:CEcoJ5Dfo
[2022-10-03 15:41:25] INFO: Message from:CEcoJ5Dfo   To room:abcd   Host:CEcoJ5Dfo
[2022-10-03 15:41:25] INFO: Message from:CEcoJ5Dfo   To room:abcd   Host:CEcoJ5Dfo
[2022-10-03 15:41:26] INFO: Message from:CEcoJ5Dfo   To room:abcd   Host:CEcoJ5Dfo
[2022-10-03 15:41:26] INFO: Message from:CEcoJ5Dfo   To room:abcd   Host:CEcoJ5Dfo
[2022-10-03 15:41:26] INFO: Message from:CEcoJ5Dfo   To room:abcd   Host:CEcoJ5Dfo
[2022-10-03 15:41:51] INFO: {}
[2022-10-03 15:41:51] INFO: user just disconnected
[2022-10-03 15:41:53] INFO: user just connected
[2022-10-03 15:41:53] INFO: rooms:{"abcd":{"ids":["CEcoJ5Dfo"],"owner":"CEcoJ5Dfo","tempHost":"CEcoJ5Dfo","tempWrite":"CEcoJ5Dfo","names":["chrome1"]}}
[2022-10-03 15:41:53] INFO: socks:{"0xI6peFmfwgA7hp8AAAD":{"userId":"CEcoJ5Dfo","room":"abcd","userName":"chrome1"}}
[2022-10-03 15:41:54] INFO: {}
[2022-10-03 15:41:54] INFO: user just disconnected
[2022-10-03 15:41:55] INFO: user just connected
[2022-10-03 15:41:59] INFO: {}
[2022-10-03 15:41:59] INFO: user just disconnected
[2022-10-03 15:46:30] INFO: user just connected
[2022-10-03 15:46:30] INFO: rooms:{"abcd":{"ids":["4o[eLNWpp"],"owner":"4o[eLNWpp","tempHost":"4o[eLNWpp","tempWrite":"4o[eLNWpp","names":["safari"]}}
[2022-10-03 15:46:30] INFO: socks:{"irya8vvh3DuIXdPZAAAH":{"userId":"4o[eLNWpp","room":"abcd","userName":"safari"}}
[2022-10-03 15:46:33] INFO: user just connected
[2022-10-03 15:46:33] INFO: rooms:{"abcd":{"ids":["4o[eLNWpp","4o[eLNWpp"],"owner":"4o[eLNWpp","tempHost":"4o[eLNWpp","tempWrite":"4o[eLNWpp","names":["safari","safari"]}}
[2022-10-03 15:46:33] INFO: socks:{"irya8vvh3DuIXdPZAAAH":{"userId":"4o[eLNWpp","room":"abcd","userName":"safari"},"d2pbGmdacLQMWM3aAAAJ":{"userId":"4o[eLNWpp","room":"abcd","userName":"safari"}}
[2022-10-03 15:46:33] INFO: Message from:4o[eLNWpp   To room:abcd   Host:4o[eLNWpp
[2022-10-03 15:46:35] INFO: {"abcd":{"ids":["4o[eLNWpp"],"owner":"4o[eLNWpp","tempHost":"4o[eLNWpp","tempWrite":"4o[eLNWpp","names":["safari"]}}
[2022-10-03 15:46:35] INFO: user just disconnected
[2022-10-03 15:46:37] INFO: {}
[2022-10-03 15:46:37] INFO: user just disconnected
[2022-10-03 15:47:29] INFO: Server is up on port 5123
[2022-10-03 15:47:35] INFO: Server is up on port 5123
[2022-10-03 15:47:36] INFO: Server is up on port 5123
[2022-10-03 15:48:05] INFO: Server is up on port 5123
[2022-10-03 15:48:06] INFO: Server is up on port 5123
[2022-10-03 15:48:08] INFO: Server is up on port 5123
[2022-10-03 15:48:10] INFO: Server is up on port 5123
[2022-10-03 15:48:12] INFO: Server is up on port 5123
[2022-10-03 15:48:13] INFO: Server is up on port 5123
[2022-10-03 15:48:21] INFO: Server is up on port 5123
[2022-10-03 15:48:25] INFO: Server is up on port 5123
[2022-10-03 15:49:12] INFO: Server is up on port 5123
[2022-10-03 16:00:30] INFO: Server is up on port 5123
[2022-10-03 16:01:08] INFO: Server is up on port 5123
[2022-10-03 16:01:11] INFO: Server is up on port 5123
[2022-10-03 16:01:13] INFO: Server is up on port 5123
[2022-10-03 16:04:06] INFO: Server is up on port 5123
[2022-10-03 16:04:27] INFO: Server is up on port 5123
[2022-10-03 16:04:31] INFO: Server is up on port 5123
[2022-10-03 16:05:21] INFO: Server is up on port 5123
[2022-10-03 16:05:24] INFO: Server is up on port 5123
[2022-10-03 16:05:28] INFO: Server is up on port 5123
[2022-10-03 16:05:29] INFO: Server is up on port 5123
[2022-10-03 16:05:32] INFO: Server is up on port 5123
[2022-10-03 16:05:35] INFO: Server is up on port 5123
[2022-10-03 16:05:39] INFO: Server is up on port 5123
[2022-10-03 16:05:41] INFO: Server is up on port 5123
[2022-10-03 16:05:45] INFO: Server is up on port 5123
[2022-10-03 16:06:48] INFO: Server is up on port 5123
[2022-10-03 16:07:36] INFO: Server is up on port 5123
[2022-10-03 16:07:38] INFO: Server is up on port 5123
[2022-10-03 16:07:52] INFO: Server is up on port 5123
[2022-10-03 16:09:30] INFO: Server is up on port 5123
[2022-10-03 16:09:36] INFO: user just connected
[2022-10-03 16:09:37] INFO: {}
[2022-10-03 16:09:37] INFO: user just disconnected
[2022-10-03 16:09:37] INFO: user just connected
[2022-10-03 16:09:37] INFO: rooms:{"abcd":{"ids":["4o[eLNWpp"],"owner":"4o[eLNWpp","tempHost":"4o[eLNWpp","tempWrite":"4o[eLNWpp","names":["safari"]}}
[2022-10-03 16:09:37] INFO: socks:{"kcjdw38K-cc9V0aOAAAD":{"userId":"4o[eLNWpp","room":"abcd","userName":"safari"}}
[2022-10-03 16:09:38] INFO: {}
[2022-10-03 16:09:38] INFO: user just disconnected
[2022-10-03 16:11:57] INFO: Server is up on port 5123
[2022-10-03 16:13:09] INFO: Server is up on port 5123
[2022-10-03 16:14:52] INFO: Server is up on port 5123
[2022-10-03 16:15:09] INFO: Server is up on port 5123
[2022-10-03 16:21:49] INFO: Server is up on port 5123
[2022-10-03 16:21:52] INFO: Server is up on port 5123
[2022-10-03 16:21:54] INFO: Server is up on port 5123
[2022-10-03 16:22:39] INFO: Server is up on port 5123
[2022-10-03 16:22:46] INFO: Server is up on port 5123
[2022-10-03 16:22:47] INFO: Server is up on port 5123
[2022-10-03 16:22:51] INFO: Server is up on port 5123
[2022-10-03 16:23:33] INFO: Server is up on port 5123
[2022-10-03 16:23:36] INFO: Server is up on port 5123
[2022-10-03 16:23:46] INFO: Server is up on port 5123
[2022-10-03 16:27:02] INFO: Server is up on port 5123
[2022-10-03 16:27:04] INFO: Server is up on port 5123
[2022-10-03 16:27:06] INFO: Server is up on port 5123
[2022-10-03 16:27:09] INFO: Server is up on port 5123
[2022-10-03 16:27:12] INFO: Server is up on port 5123
[2022-10-03 16:27:52] INFO: Server is up on port 5123
[2022-10-03 16:27:56] INFO: Server is up on port 5123
[2022-10-03 16:28:05] INFO: Server is up on port 5123
[2022-10-03 16:28:11] INFO: Server is up on port 5123
[2022-10-03 16:31:43] INFO: Server is up on port 5123
[2022-10-03 16:31:45] INFO: Server is up on port 5123
[2022-10-03 16:31:48] INFO: Server is up on port 5123
[2022-10-03 16:31:55] INFO: Server is up on port 5123
[2022-10-03 16:31:56] INFO: Server is up on port 5123
[2022-10-03 16:31:57] INFO: Server is up on port 5123
[2022-10-03 16:34:02] INFO: user just connected
[2022-10-03 16:34:03] INFO: {}
[2022-10-03 16:34:03] INFO: user just disconnected
[2022-10-03 16:34:03] INFO: user just connected
[2022-10-03 16:34:03] INFO: rooms:{"abcd":{"ids":["4o[eLNWpp"],"owner":"4o[eLNWpp","tempHost":"4o[eLNWpp","tempWrite":"4o[eLNWpp","names":["safari"]}}
[2022-10-03 16:34:03] INFO: socks:{"sLTwncRREICQReGwAAAD":{"userId":"4o[eLNWpp","room":"abcd","userName":"safari"}}
[2022-10-03 16:34:04] INFO: {}
[2022-10-03 16:34:04] INFO: user just disconnected
[2022-10-03 16:34:50] INFO: Server is up on port 5123
[2022-10-03 16:36:35] INFO: user just connected
[2022-10-03 16:36:36] INFO: {}
[2022-10-03 16:36:36] INFO: user just disconnected
[2022-10-03 16:36:36] INFO: user just connected
[2022-10-03 16:36:36] INFO: rooms:{"abcd":{"ids":["4o[eLNWpp"],"owner":"4o[eLNWpp","tempHost":"4o[eLNWpp","tempWrite":"4o[eLNWpp","names":["safari"]}}
[2022-10-03 16:36:36] INFO: socks:{"uwCztz1Cjcx0o3MGAAAD":{"userId":"4o[eLNWpp","room":"abcd","userName":"safari"}}
[2022-10-03 16:36:37] INFO: {}
[2022-10-03 16:36:37] INFO: user just disconnected
[2022-10-03 16:37:30] INFO: Server is up on port 5123
[2022-10-03 16:37:32] INFO: Server is up on port 5123
[2022-10-03 16:37:33] INFO: Server is up on port 5123
[2022-10-03 16:39:45] INFO: Server is up on port 5123
[2022-10-03 16:41:02] INFO: Server is up on port 5123
[2022-10-03 16:41:17] INFO: Server is up on port 5123
[2022-10-03 16:41:19] INFO: Server is up on port 5123
[2022-10-03 16:41:35] INFO: Server is up on port 5123
[2022-10-03 16:41:37] INFO: Server is up on port 5123
[2022-10-03 16:41:39] INFO: Server is up on port 5123
[2022-10-03 16:41:51] INFO: Server is up on port 5123
[2022-10-03 16:41:55] INFO: Server is up on port 5123
[2022-10-03 16:42:00] INFO: Server is up on port 5123
[2022-10-03 16:42:05] INFO: Server is up on port 5123
[2022-10-03 16:42:23] INFO: Server is up on port 5123
[2022-10-03 16:42:35] INFO: Server is up on port 5123
[2022-10-03 16:42:37] INFO: Server is up on port 5123
[2022-10-03 16:42:50] INFO: Server is up on port 5123
[2022-10-03 16:48:27] INFO: Server is up on port 5123
[2022-10-03 16:48:29] INFO: Server is up on port 5123
[2022-10-03 16:50:46] INFO: Server is up on port 5123
[2022-10-03 16:50:47] INFO: Server is up on port 5123
[2022-10-03 16:57:08] INFO: Server is up on port 5123
[2022-10-03 16:57:34] INFO: Server is up on port 5123
[2022-10-03 16:58:14] INFO: Server is up on port 5123
[2022-10-03 16:58:26] INFO: Server is up on port 5123
[2022-10-03 16:58:40] INFO: Server is up on port 5123
[2022-10-03 16:58:41] INFO: Server is up on port 5123
[2022-10-03 16:58:43] INFO: Server is up on port 5123
[2022-10-03 16:58:46] INFO: Server is up on port 5123
[2022-10-03 16:59:46] INFO: Server is up on port 5123
[2022-10-03 16:59:51] INFO: Server is up on port 5123
[2022-10-03 17:00:56] INFO: Server is up on port 5123
[2022-10-03 17:00:59] INFO: Server is up on port 5123
[2022-10-03 17:01:03] INFO: Server is up on port 5123
[2022-10-03 17:03:00] INFO: Server is up on port 5123
[2022-10-03 17:03:27] INFO: Server is up on port 5123
[2022-10-03 17:03:31] INFO: Server is up on port 5123
[2022-10-03 17:03:50] INFO: Server is up on port 5123
[2022-10-03 17:04:50] INFO: Server is up on port 5123
[2022-10-03 17:05:03] INFO: Server is up on port 5123
[2022-10-03 17:05:06] INFO: Server is up on port 5123
[2022-10-03 17:05:11] INFO: Server is up on port 5123
[2022-10-03 17:05:13] INFO: Server is up on port 5123
[2022-10-03 17:05:44] INFO: Server is up on port 5123
[2022-10-03 17:06:08] INFO: Server is up on port 5123
[2022-10-03 17:06:11] INFO: Server is up on port 5123
[2022-10-03 17:06:12] INFO: Server is up on port 5123
[2022-10-03 17:06:18] INFO: Server is up on port 5123
[2022-10-03 17:07:42] INFO: Server is up on port 5123
[2022-10-03 17:07:43] INFO: Server is up on port 5123
[2022-10-03 17:07:45] INFO: Server is up on port 5123
[2022-10-03 17:07:48] INFO: Server is up on port 5123
[2022-10-03 17:07:51] INFO: Server is up on port 5123
[2022-10-03 17:07:58] INFO: Server is up on port 5123
[2022-10-03 17:08:00] INFO: Server is up on port 5123
[2022-10-03 17:08:07] INFO: Server is up on port 5123
[2022-10-03 17:08:09] INFO: Server is up on port 5123
[2022-10-03 17:17:59] INFO: Server is up on port 5123
[2022-10-03 17:18:11] INFO: user just connected
[2022-10-03 17:18:11] INFO: rooms:{"abcd":{"ids":["CEcoJ5Dfo"],"owner":"CEcoJ5Dfo","tempHost":"CEcoJ5Dfo","tempWrite":"CEcoJ5Dfo","names":["chrome1"]}}
[2022-10-03 17:18:11] INFO: socks:{"wlUiX-zQ0wHaaQWAAAAB":{"userId":"CEcoJ5Dfo","room":"abcd","userName":"chrome1"}}
[2022-10-03 17:18:14] INFO: Message from:CEcoJ5Dfo   To room:abcd   Host:CEcoJ5Dfo
[2022-10-03 17:18:14] INFO: Message from:CEcoJ5Dfo   To room:abcd   Host:CEcoJ5Dfo
[2022-10-03 17:18:14] INFO: Message from:CEcoJ5Dfo   To room:abcd   Host:CEcoJ5Dfo
[2022-10-03 17:18:14] INFO: Message from:CEcoJ5Dfo   To room:abcd   Host:CEcoJ5Dfo
[2022-10-03 17:18:15] INFO: Message from:CEcoJ5Dfo   To room:abcd   Host:CEcoJ5Dfo
[2022-10-03 17:18:15] INFO: Message from:CEcoJ5Dfo   To room:abcd   Host:CEcoJ5Dfo
[2022-10-03 17:18:15] INFO: Message from:CEcoJ5Dfo   To room:abcd   Host:CEcoJ5Dfo
[2022-10-03 17:18:15] INFO: Message from:CEcoJ5Dfo   To room:abcd   Host:CEcoJ5Dfo
[2022-10-03 17:18:15] INFO: Message from:CEcoJ5Dfo   To room:abcd   Host:CEcoJ5Dfo
[2022-10-03 17:18:15] INFO: Message from:CEcoJ5Dfo   To room:abcd   Host:CEcoJ5Dfo
[2022-10-03 17:18:16] INFO: Message from:CEcoJ5Dfo   To room:abcd   Host:CEcoJ5Dfo
[2022-10-03 17:18:16] INFO: Message from:CEcoJ5Dfo   To room:abcd   Host:CEcoJ5Dfo
[2022-10-03 17:18:16] INFO: Message from:CEcoJ5Dfo   To room:abcd   Host:CEcoJ5Dfo
[2022-10-03 17:18:16] INFO: Message from:CEcoJ5Dfo   To room:abcd   Host:CEcoJ5Dfo
[2022-10-03 17:18:17] INFO: Message from:CEcoJ5Dfo   To room:abcd   Host:CEcoJ5Dfo
[2022-10-03 17:18:17] INFO: Message from:CEcoJ5Dfo   To room:abcd   Host:CEcoJ5Dfo
[2022-10-03 17:18:18] INFO: Message from:CEcoJ5Dfo   To room:abcd   Host:CEcoJ5Dfo
[2022-10-03 17:18:20] INFO: Message from:CEcoJ5Dfo   To room:abcd   Host:CEcoJ5Dfo
[2022-10-03 17:18:20] INFO: Message from:CEcoJ5Dfo   To room:abcd   Host:CEcoJ5Dfo
[2022-10-03 17:18:21] INFO: Message from:CEcoJ5Dfo   To room:abcd   Host:CEcoJ5Dfo
[2022-10-03 17:18:22] INFO: Message from:CEcoJ5Dfo   To room:abcd   Host:CEcoJ5Dfo
[2022-10-03 17:18:23] INFO: Message from:CEcoJ5Dfo   To room:abcd   Host:CEcoJ5Dfo
[2022-10-03 17:18:23] INFO: Message from:CEcoJ5Dfo   To room:abcd   Host:CEcoJ5Dfo
[2022-10-03 17:18:23] INFO: Message from:CEcoJ5Dfo   To room:abcd   Host:CEcoJ5Dfo
[2022-10-03 17:18:25] INFO: Message from:CEcoJ5Dfo   To room:abcd   Host:CEcoJ5Dfo
[2022-10-03 17:18:26] INFO: Message from:CEcoJ5Dfo   To room:abcd   Host:CEcoJ5Dfo
[2022-10-03 17:18:27] INFO: Message from:CEcoJ5Dfo   To room:abcd   Host:CEcoJ5Dfo
[2022-10-03 17:18:27] INFO: Message from:CEcoJ5Dfo   To room:abcd   Host:CEcoJ5Dfo
[2022-10-03 17:18:27] INFO: Message from:CEcoJ5Dfo   To room:abcd   Host:CEcoJ5Dfo
[2022-10-03 17:18:27] INFO: Message from:CEcoJ5Dfo   To room:abcd   Host:CEcoJ5Dfo
[2022-10-03 17:18:29] INFO: Message from:CEcoJ5Dfo   To room:abcd   Host:CEcoJ5Dfo
[2022-10-03 17:18:29] INFO: Message from:CEcoJ5Dfo   To room:abcd   Host:CEcoJ5Dfo
[2022-10-03 17:18:30] INFO: Message from:CEcoJ5Dfo   To room:abcd   Host:CEcoJ5Dfo
[2022-10-03 17:18:30] INFO: Message from:CEcoJ5Dfo   To room:abcd   Host:CEcoJ5Dfo
[2022-10-03 17:18:30] INFO: Message from:CEcoJ5Dfo   To room:abcd   Host:CEcoJ5Dfo
[2022-10-03 17:18:30] INFO: Message from:CEcoJ5Dfo   To room:abcd   Host:CEcoJ5Dfo
[2022-10-03 17:18:31] INFO: Message from:CEcoJ5Dfo   To room:abcd   Host:CEcoJ5Dfo
[2022-10-03 17:18:31] INFO: Message from:CEcoJ5Dfo   To room:abcd   Host:CEcoJ5Dfo
[2022-10-03 17:18:32] INFO: Message from:CEcoJ5Dfo   To room:abcd   Host:CEcoJ5Dfo
[2022-10-03 17:18:32] INFO: Message from:CEcoJ5Dfo   To room:abcd   Host:CEcoJ5Dfo
[2022-10-03 17:18:32] INFO: Message from:CEcoJ5Dfo   To room:abcd   Host:CEcoJ5Dfo
[2022-10-03 17:18:32] INFO: Message from:CEcoJ5Dfo   To room:abcd   Host:CEcoJ5Dfo
[2022-10-03 17:18:33] INFO: Message from:CEcoJ5Dfo   To room:abcd   Host:CEcoJ5Dfo
[2022-10-03 17:18:33] INFO: Message from:CEcoJ5Dfo   To room:abcd   Host:CEcoJ5Dfo
[2022-10-03 17:18:34] INFO: Message from:CEcoJ5Dfo   To room:abcd   Host:CEcoJ5Dfo
[2022-10-03 17:18:34] INFO: Message from:CEcoJ5Dfo   To room:abcd   Host:CEcoJ5Dfo
[2022-10-03 17:18:34] INFO: Message from:CEcoJ5Dfo   To room:abcd   Host:CEcoJ5Dfo
[2022-10-03 17:18:34] INFO: Message from:CEcoJ5Dfo   To room:abcd   Host:CEcoJ5Dfo
[2022-10-03 17:18:35] INFO: Message from:CEcoJ5Dfo   To room:abcd   Host:CEcoJ5Dfo
[2022-10-03 17:18:35] INFO: Message from:CEcoJ5Dfo   To room:abcd   Host:CEcoJ5Dfo
[2022-10-03 17:18:35] INFO: Message from:CEcoJ5Dfo   To room:abcd   Host:CEcoJ5Dfo
[2022-10-03 17:18:35] INFO: Message from:CEcoJ5Dfo   To room:abcd   Host:CEcoJ5Dfo
[2022-10-03 17:18:35] INFO: Message from:CEcoJ5Dfo   To room:abcd   Host:CEcoJ5Dfo
[2022-10-03 17:18:35] INFO: Message from:CEcoJ5Dfo   To room:abcd   Host:CEcoJ5Dfo
[2022-10-03 17:18:35] INFO: Message from:CEcoJ5Dfo   To room:abcd   Host:CEcoJ5Dfo
[2022-10-03 17:18:35] INFO: Message from:CEcoJ5Dfo   To room:abcd   Host:CEcoJ5Dfo
[2022-10-03 17:18:36] INFO: Message from:CEcoJ5Dfo   To room:abcd   Host:CEcoJ5Dfo
[2022-10-03 17:18:36] INFO: Message from:CEcoJ5Dfo   To room:abcd   Host:CEcoJ5Dfo
[2022-10-03 17:18:36] INFO: Message from:CEcoJ5Dfo   To room:abcd   Host:CEcoJ5Dfo
[2022-10-03 17:18:36] INFO: Message from:CEcoJ5Dfo   To room:abcd   Host:CEcoJ5Dfo
[2022-10-03 17:18:37] INFO: Message from:CEcoJ5Dfo   To room:abcd   Host:CEcoJ5Dfo
[2022-10-03 17:18:37] INFO: Message from:CEcoJ5Dfo   To room:abcd   Host:CEcoJ5Dfo
[2022-10-03 17:18:38] INFO: Message from:CEcoJ5Dfo   To room:abcd   Host:CEcoJ5Dfo
[2022-10-03 17:18:38] INFO: Message from:CEcoJ5Dfo   To room:abcd   Host:CEcoJ5Dfo
[2022-10-03 17:18:38] INFO: Message from:CEcoJ5Dfo   To room:abcd   Host:CEcoJ5Dfo
[2022-10-03 17:18:39] INFO: Message from:CEcoJ5Dfo   To room:abcd   Host:CEcoJ5Dfo
[2022-10-03 17:18:39] INFO: Message from:CEcoJ5Dfo   To room:abcd   Host:CEcoJ5Dfo
[2022-10-03 17:18:40] INFO: Message from:CEcoJ5Dfo   To room:abcd   Host:CEcoJ5Dfo
[2022-10-03 17:18:42] INFO: Message from:CEcoJ5Dfo   To room:abcd   Host:CEcoJ5Dfo
[2022-10-03 17:18:47] INFO: Message from:CEcoJ5Dfo   To room:abcd   Host:CEcoJ5Dfo
[2022-10-03 17:18:47] INFO: Message from:CEcoJ5Dfo   To room:abcd   Host:CEcoJ5Dfo
[2022-10-03 17:18:48] INFO: Message from:CEcoJ5Dfo   To room:abcd   Host:CEcoJ5Dfo
[2022-10-03 17:18:48] INFO: Message from:CEcoJ5Dfo   To room:abcd   Host:CEcoJ5Dfo
[2022-10-03 17:18:49] INFO: Message from:CEcoJ5Dfo   To room:abcd   Host:CEcoJ5Dfo
[2022-10-03 17:18:49] INFO: Message from:CEcoJ5Dfo   To room:abcd   Host:CEcoJ5Dfo
[2022-10-03 17:18:49] INFO: Message from:CEcoJ5Dfo   To room:abcd   Host:CEcoJ5Dfo
[2022-10-03 17:18:51] INFO: Message from:CEcoJ5Dfo   To room:abcd   Host:CEcoJ5Dfo
[2022-10-03 17:18:54] INFO: Message from:CEcoJ5Dfo   To room:abcd   Host:CEcoJ5Dfo
[2022-10-03 17:19:00] INFO: Message from:CEcoJ5Dfo   To room:abcd   Host:CEcoJ5Dfo
[2022-10-03 17:19:00] INFO: Message from:CEcoJ5Dfo   To room:abcd   Host:CEcoJ5Dfo
[2022-10-03 17:19:00] INFO: Message from:CEcoJ5Dfo   To room:abcd   Host:CEcoJ5Dfo
[2022-10-03 17:19:01] INFO: Message from:CEcoJ5Dfo   To room:abcd   Host:CEcoJ5Dfo
[2022-10-03 17:19:02] INFO: Message from:CEcoJ5Dfo   To room:abcd   Host:CEcoJ5Dfo
[2022-10-03 17:19:04] INFO: Message from:CEcoJ5Dfo   To room:abcd   Host:CEcoJ5Dfo
[2022-10-03 17:19:06] INFO: Message from:CEcoJ5Dfo   To room:abcd   Host:CEcoJ5Dfo
[2022-10-03 17:19:06] INFO: Message from:CEcoJ5Dfo   To room:abcd   Host:CEcoJ5Dfo
[2022-10-03 17:19:08] INFO: Message from:CEcoJ5Dfo   To room:abcd   Host:CEcoJ5Dfo
[2022-10-03 17:19:08] INFO: Message from:CEcoJ5Dfo   To room:abcd   Host:CEcoJ5Dfo
[2022-10-03 17:19:08] INFO: Message from:CEcoJ5Dfo   To room:abcd   Host:CEcoJ5Dfo
[2022-10-03 17:19:08] INFO: Message from:CEcoJ5Dfo   To room:abcd   Host:CEcoJ5Dfo
[2022-10-03 17:19:09] INFO: Message from:CEcoJ5Dfo   To room:abcd   Host:CEcoJ5Dfo
[2022-10-03 17:19:10] INFO: Message from:CEcoJ5Dfo   To room:abcd   Host:CEcoJ5Dfo
[2022-10-03 17:19:10] INFO: Message from:CEcoJ5Dfo   To room:abcd   Host:CEcoJ5Dfo
[2022-10-03 17:19:11] INFO: Message from:CEcoJ5Dfo   To room:abcd   Host:CEcoJ5Dfo
[2022-10-03 17:19:12] INFO: Message from:CEcoJ5Dfo   To room:abcd   Host:CEcoJ5Dfo
[2022-10-03 17:19:12] INFO: Message from:CEcoJ5Dfo   To room:abcd   Host:CEcoJ5Dfo
[2022-10-03 17:19:12] INFO: Message from:CEcoJ5Dfo   To room:abcd   Host:CEcoJ5Dfo
[2022-10-03 17:19:14] INFO: Message from:CEcoJ5Dfo   To room:abcd   Host:CEcoJ5Dfo
[2022-10-03 17:19:14] INFO: Message from:CEcoJ5Dfo   To room:abcd   Host:CEcoJ5Dfo
[2022-10-03 17:19:17] INFO: Message from:CEcoJ5Dfo   To room:abcd   Host:CEcoJ5Dfo
[2022-10-03 17:19:17] INFO: Message from:CEcoJ5Dfo   To room:abcd   Host:CEcoJ5Dfo
[2022-10-03 17:19:17] INFO: Message from:CEcoJ5Dfo   To room:abcd   Host:CEcoJ5Dfo
[2022-10-03 17:19:17] INFO: Message from:CEcoJ5Dfo   To room:abcd   Host:CEcoJ5Dfo
[2022-10-03 17:19:18] INFO: Message from:CEcoJ5Dfo   To room:abcd   Host:CEcoJ5Dfo
[2022-10-03 17:19:18] INFO: Message from:CEcoJ5Dfo   To room:abcd   Host:CEcoJ5Dfo
[2022-10-03 17:19:18] INFO: Message from:CEcoJ5Dfo   To room:abcd   Host:CEcoJ5Dfo
[2022-10-03 17:19:19] INFO: Message from:CEcoJ5Dfo   To room:abcd   Host:CEcoJ5Dfo
[2022-10-03 17:19:20] INFO: Message from:CEcoJ5Dfo   To room:abcd   Host:CEcoJ5Dfo
[2022-10-03 17:19:21] INFO: Message from:CEcoJ5Dfo   To room:abcd   Host:CEcoJ5Dfo
[2022-10-03 17:19:23] INFO: Message from:CEcoJ5Dfo   To room:abcd   Host:CEcoJ5Dfo
[2022-10-03 17:19:24] INFO: Message from:CEcoJ5Dfo   To room:abcd   Host:CEcoJ5Dfo
[2022-10-03 17:19:24] INFO: Message from:CEcoJ5Dfo   To room:abcd   Host:CEcoJ5Dfo
[2022-10-03 17:19:24] INFO: Message from:CEcoJ5Dfo   To room:abcd   Host:CEcoJ5Dfo
[2022-10-03 17:19:24] INFO: Message from:CEcoJ5Dfo   To room:abcd   Host:CEcoJ5Dfo
[2022-10-03 17:19:25] INFO: Message from:CEcoJ5Dfo   To room:abcd   Host:CEcoJ5Dfo
[2022-10-03 17:19:25] INFO: Message from:CEcoJ5Dfo   To room:abcd   Host:CEcoJ5Dfo
[2022-10-03 17:19:28] INFO: Message from:CEcoJ5Dfo   To room:abcd   Host:CEcoJ5Dfo
[2022-10-03 17:19:29] INFO: Message from:CEcoJ5Dfo   To room:abcd   Host:CEcoJ5Dfo
[2022-10-03 17:19:29] INFO: Message from:CEcoJ5Dfo   To room:abcd   Host:CEcoJ5Dfo
[2022-10-03 17:19:30] INFO: Message from:CEcoJ5Dfo   To room:abcd   Host:CEcoJ5Dfo
[2022-10-03 17:19:30] INFO: Message from:CEcoJ5Dfo   To room:abcd   Host:CEcoJ5Dfo
[2022-10-03 17:19:30] INFO: Message from:CEcoJ5Dfo   To room:abcd   Host:CEcoJ5Dfo
[2022-10-03 17:19:31] INFO: Message from:CEcoJ5Dfo   To room:abcd   Host:CEcoJ5Dfo
[2022-10-03 17:19:31] INFO: Message from:CEcoJ5Dfo   To room:abcd   Host:CEcoJ5Dfo
[2022-10-03 17:19:31] INFO: Message from:CEcoJ5Dfo   To room:abcd   Host:CEcoJ5Dfo
[2022-10-03 17:19:31] INFO: Message from:CEcoJ5Dfo   To room:abcd   Host:CEcoJ5Dfo
[2022-10-03 17:19:32] INFO: Message from:CEcoJ5Dfo   To room:abcd   Host:CEcoJ5Dfo
[2022-10-03 17:19:33] INFO: Message from:CEcoJ5Dfo   To room:abcd   Host:CEcoJ5Dfo
[2022-10-03 17:19:33] INFO: Message from:CEcoJ5Dfo   To room:abcd   Host:CEcoJ5Dfo
[2022-10-03 17:19:33] INFO: Message from:CEcoJ5Dfo   To room:abcd   Host:CEcoJ5Dfo
[2022-10-03 17:19:34] INFO: Message from:CEcoJ5Dfo   To room:abcd   Host:CEcoJ5Dfo
[2022-10-03 17:19:34] INFO: Message from:CEcoJ5Dfo   To room:abcd   Host:CEcoJ5Dfo
[2022-10-03 17:19:34] INFO: Message from:CEcoJ5Dfo   To room:abcd   Host:CEcoJ5Dfo
[2022-10-03 17:19:35] INFO: Message from:CEcoJ5Dfo   To room:abcd   Host:CEcoJ5Dfo
[2022-10-03 17:19:35] INFO: Message from:CEcoJ5Dfo   To room:abcd   Host:CEcoJ5Dfo
[2022-10-03 17:19:36] INFO: Message from:CEcoJ5Dfo   To room:abcd   Host:CEcoJ5Dfo
[2022-10-03 17:19:36] INFO: Message from:CEcoJ5Dfo   To room:abcd   Host:CEcoJ5Dfo
[2022-10-03 17:19:37] INFO: Message from:CEcoJ5Dfo   To room:abcd   Host:CEcoJ5Dfo
[2022-10-03 17:19:37] INFO: Message from:CEcoJ5Dfo   To room:abcd   Host:CEcoJ5Dfo
[2022-10-03 17:19:37] INFO: Message from:CEcoJ5Dfo   To room:abcd   Host:CEcoJ5Dfo
[2022-10-03 17:19:37] INFO: Message from:CEcoJ5Dfo   To room:abcd   Host:CEcoJ5Dfo
[2022-10-03 17:19:37] INFO: Message from:CEcoJ5Dfo   To room:abcd   Host:CEcoJ5Dfo
[2022-10-03 17:19:38] INFO: Message from:CEcoJ5Dfo   To room:abcd   Host:CEcoJ5Dfo
[2022-10-03 17:19:42] INFO: Message from:CEcoJ5Dfo   To room:abcd   Host:CEcoJ5Dfo
[2022-10-03 17:19:45] INFO: Message from:CEcoJ5Dfo   To room:abcd   Host:CEcoJ5Dfo
[2022-10-03 17:19:45] INFO: Message from:CEcoJ5Dfo   To room:abcd   Host:CEcoJ5Dfo
[2022-10-03 17:19:46] INFO: Message from:CEcoJ5Dfo   To room:abcd   Host:CEcoJ5Dfo
[2022-10-03 17:19:46] INFO: Message from:CEcoJ5Dfo   To room:abcd   Host:CEcoJ5Dfo
[2022-10-03 17:19:46] INFO: Message from:CEcoJ5Dfo   To room:abcd   Host:CEcoJ5Dfo
[2022-10-03 17:19:46] INFO: Message from:CEcoJ5Dfo   To room:abcd   Host:CEcoJ5Dfo
[2022-10-03 17:19:47] INFO: Message from:CEcoJ5Dfo   To room:abcd   Host:CEcoJ5Dfo
[2022-10-03 17:19:47] INFO: Message from:CEcoJ5Dfo   To room:abcd   Host:CEcoJ5Dfo
[2022-10-03 17:19:47] INFO: Message from:CEcoJ5Dfo   To room:abcd   Host:CEcoJ5Dfo
[2022-10-03 17:19:48] INFO: Message from:CEcoJ5Dfo   To room:abcd   Host:CEcoJ5Dfo
[2022-10-03 17:19:48] INFO: Message from:CEcoJ5Dfo   To room:abcd   Host:CEcoJ5Dfo
[2022-10-03 17:19:48] INFO: Message from:CEcoJ5Dfo   To room:abcd   Host:CEcoJ5Dfo
[2022-10-03 17:19:49] INFO: Message from:CEcoJ5Dfo   To room:abcd   Host:CEcoJ5Dfo
[2022-10-03 17:19:49] INFO: Message from:CEcoJ5Dfo   To room:abcd   Host:CEcoJ5Dfo
[2022-10-03 17:19:49] INFO: Message from:CEcoJ5Dfo   To room:abcd   Host:CEcoJ5Dfo
[2022-10-03 17:19:49] INFO: Message from:CEcoJ5Dfo   To room:abcd   Host:CEcoJ5Dfo
[2022-10-03 17:19:49] INFO: Message from:CEcoJ5Dfo   To room:abcd   Host:CEcoJ5Dfo
[2022-10-03 17:19:50] INFO: Message from:CEcoJ5Dfo   To room:abcd   Host:CEcoJ5Dfo
[2022-10-03 17:19:50] INFO: Message from:CEcoJ5Dfo   To room:abcd   Host:CEcoJ5Dfo
[2022-10-03 17:19:50] INFO: Message from:CEcoJ5Dfo   To room:abcd   Host:CEcoJ5Dfo
[2022-10-03 17:19:51] INFO: Message from:CEcoJ5Dfo   To room:abcd   Host:CEcoJ5Dfo
[2022-10-03 17:19:51] INFO: Message from:CEcoJ5Dfo   To room:abcd   Host:CEcoJ5Dfo
[2022-10-03 17:19:51] INFO: Message from:CEcoJ5Dfo   To room:abcd   Host:CEcoJ5Dfo
[2022-10-03 17:19:51] INFO: Message from:CEcoJ5Dfo   To room:abcd   Host:CEcoJ5Dfo
[2022-10-03 17:19:52] INFO: Message from:CEcoJ5Dfo   To room:abcd   Host:CEcoJ5Dfo
[2022-10-03 17:19:52] INFO: Message from:CEcoJ5Dfo   To room:abcd   Host:CEcoJ5Dfo
[2022-10-03 17:19:52] INFO: Message from:CEcoJ5Dfo   To room:abcd   Host:CEcoJ5Dfo
[2022-10-03 17:19:53] INFO: Message from:CEcoJ5Dfo   To room:abcd   Host:CEcoJ5Dfo
[2022-10-03 17:19:53] INFO: Message from:CEcoJ5Dfo   To room:abcd   Host:CEcoJ5Dfo
[2022-10-03 17:19:53] INFO: Message from:CEcoJ5Dfo   To room:abcd   Host:CEcoJ5Dfo
[2022-10-03 17:19:53] INFO: Message from:CEcoJ5Dfo   To room:abcd   Host:CEcoJ5Dfo
[2022-10-03 17:19:54] INFO: Message from:CEcoJ5Dfo   To room:abcd   Host:CEcoJ5Dfo
[2022-10-03 17:20:02] INFO: {}
[2022-10-03 17:20:02] INFO: user just disconnected
[2022-10-03 17:21:14] INFO: Server is up on port 5123
[2022-10-03 17:21:15] INFO: Server is up on port 5123
[2022-10-03 17:27:10] INFO: Server is up on port 5123
[2022-10-03 17:27:13] INFO: Server is up on port 5123
[2022-10-03 17:27:16] INFO: Server is up on port 5123
[2022-10-03 17:27:29] INFO: Server is up on port 5123
[2022-10-03 17:29:16] INFO: Server is up on port 5123
[2022-10-03 17:29:18] INFO: Server is up on port 5123
